[2023-05-29T07:30:03.061+0000] {warnings.py:110} WARNING - /usr/local/lib/python3.7/site-packages/***/models/taskinstance.py:871: SAWarning: TypeDecorator ExecutorConfigType() will not produce a cache key because the ``cache_ok`` attribute is not set to True.  This can have significant performance implications including some performance degradations in comparison to prior SQLAlchemy versions.  Set this attribute to True if this type object's state is safe to use in a cache key, or False to disable this warning. (Background on this error at: https://sqlalche.me/e/14/cprf)
  ti: TaskInstance | None = qry.with_for_update().one_or_none()

[2023-05-29T07:30:03.112+0000] {taskinstance.py:1165} INFO - Dependencies all met for <TaskInstance: trungtran_process_data_1.trungtran_clean_data_11 manual__2023-05-29T07:28:18.013977+00:00 [queued]>
[2023-05-29T07:30:03.149+0000] {taskinstance.py:1165} INFO - Dependencies all met for <TaskInstance: trungtran_process_data_1.trungtran_clean_data_11 manual__2023-05-29T07:28:18.013977+00:00 [queued]>
[2023-05-29T07:30:03.150+0000] {taskinstance.py:1362} INFO - 
--------------------------------------------------------------------------------
[2023-05-29T07:30:03.150+0000] {taskinstance.py:1363} INFO - Starting attempt 2 of 2
[2023-05-29T07:30:03.151+0000] {taskinstance.py:1364} INFO - 
--------------------------------------------------------------------------------
[2023-05-29T07:30:03.207+0000] {taskinstance.py:1383} INFO - Executing <Task(SparkSubmitOperator): trungtran_clean_data_11> on 2023-05-29 07:28:18.013977+00:00
[2023-05-29T07:30:03.220+0000] {standard_task_runner.py:54} INFO - Started process 343 to run task
[2023-05-29T07:30:03.231+0000] {standard_task_runner.py:82} INFO - Running: ['***', 'tasks', 'run', 'trungtran_process_data_1', 'trungtran_clean_data_11', 'manual__2023-05-29T07:28:18.013977+00:00', '--job-id', '4512', '--raw', '--subdir', 'DAGS_FOLDER/trungtran_process.py', '--cfg-path', '/tmp/tmphlec50oz']
[2023-05-29T07:30:03.233+0000] {standard_task_runner.py:83} INFO - Job 4512: Subtask trungtran_clean_data_11
[2023-05-29T07:30:03.237+0000] {dagbag.py:525} INFO - Filling up the DagBag from /opt/***/dags/trungtran_process.py
[2023-05-29T07:30:03.742+0000] {task_command.py:384} INFO - Running <TaskInstance: trungtran_process_data_1.trungtran_clean_data_11 manual__2023-05-29T07:28:18.013977+00:00 [running]> on host d68e775f4ed7
[2023-05-29T07:30:03.756+0000] {warnings.py:110} WARNING - /usr/local/lib/python3.7/site-packages/***/models/taskinstance.py:873: SAWarning: TypeDecorator ExecutorConfigType() will not produce a cache key because the ``cache_ok`` attribute is not set to True.  This can have significant performance implications including some performance degradations in comparison to prior SQLAlchemy versions.  Set this attribute to True if this type object's state is safe to use in a cache key, or False to disable this warning. (Background on this error at: https://sqlalche.me/e/14/cprf)
  ti = qry.one_or_none()

[2023-05-29T07:30:04.173+0000] {taskinstance.py:1592} INFO - Exporting the following env vars:
AIRFLOW_CTX_DAG_EMAIL=pioneer22022001@gmail.com
AIRFLOW_CTX_DAG_OWNER=***
AIRFLOW_CTX_DAG_ID=trungtran_process_data_1
AIRFLOW_CTX_TASK_ID=trungtran_clean_data_11
AIRFLOW_CTX_EXECUTION_DATE=2023-05-29T07:28:18.013977+00:00
AIRFLOW_CTX_TRY_NUMBER=2
AIRFLOW_CTX_DAG_RUN_ID=manual__2023-05-29T07:28:18.013977+00:00
[2023-05-29T07:30:04.215+0000] {base.py:71} INFO - Using connection ID 'other_spark_local' for task execution.
[2023-05-29T07:30:04.220+0000] {spark_submit.py:339} INFO - Spark-Submit cmd: spark-submit --master spark://spark-master:7077 --conf spark.master=spark://spark-master:7077 --name trungtran_clean_data --verbose /opt/spark/app/process_trungtran.py
[2023-05-29T07:30:04.282+0000] {spark_submit.py:490} INFO - /opt/spark/bin/load-spark-env.sh: line 68: ps: command not found
[2023-05-29T07:30:08.374+0000] {warnings.py:110} WARNING - /usr/local/lib/python3.7/site-packages/***/models/taskinstance.py:873: SAWarning: TypeDecorator ExecutorConfigType() will not produce a cache key because the ``cache_ok`` attribute is not set to True.  This can have significant performance implications including some performance degradations in comparison to prior SQLAlchemy versions.  Set this attribute to True if this type object's state is safe to use in a cache key, or False to disable this warning. (Background on this error at: https://sqlalche.me/e/14/cprf)
  ti = qry.one_or_none()

[2023-05-29T07:30:09.330+0000] {spark_submit.py:490} INFO - Using properties file: null
[2023-05-29T07:30:09.816+0000] {spark_submit.py:490} INFO - Parsed arguments:
[2023-05-29T07:30:09.817+0000] {spark_submit.py:490} INFO - master                  spark://spark-master:7077
[2023-05-29T07:30:09.818+0000] {spark_submit.py:490} INFO - deployMode              null
[2023-05-29T07:30:09.819+0000] {spark_submit.py:490} INFO - executorMemory          null
[2023-05-29T07:30:09.820+0000] {spark_submit.py:490} INFO - executorCores           null
[2023-05-29T07:30:09.820+0000] {spark_submit.py:490} INFO - totalExecutorCores      null
[2023-05-29T07:30:09.821+0000] {spark_submit.py:490} INFO - propertiesFile          null
[2023-05-29T07:30:09.822+0000] {spark_submit.py:490} INFO - driverMemory            null
[2023-05-29T07:30:09.823+0000] {spark_submit.py:490} INFO - driverCores             null
[2023-05-29T07:30:09.823+0000] {spark_submit.py:490} INFO - driverExtraClassPath    null
[2023-05-29T07:30:09.824+0000] {spark_submit.py:490} INFO - driverExtraLibraryPath  null
[2023-05-29T07:30:09.825+0000] {spark_submit.py:490} INFO - driverExtraJavaOptions  null
[2023-05-29T07:30:09.825+0000] {spark_submit.py:490} INFO - supervise               false
[2023-05-29T07:30:09.825+0000] {spark_submit.py:490} INFO - queue                   null
[2023-05-29T07:30:09.826+0000] {spark_submit.py:490} INFO - numExecutors            null
[2023-05-29T07:30:09.826+0000] {spark_submit.py:490} INFO - files                   null
[2023-05-29T07:30:09.826+0000] {spark_submit.py:490} INFO - pyFiles                 null
[2023-05-29T07:30:09.826+0000] {spark_submit.py:490} INFO - archives                null
[2023-05-29T07:30:09.827+0000] {spark_submit.py:490} INFO - mainClass               null
[2023-05-29T07:30:09.827+0000] {spark_submit.py:490} INFO - primaryResource         file:/opt/spark/app/process_trungtran.py
[2023-05-29T07:30:09.827+0000] {spark_submit.py:490} INFO - name                    trungtran_clean_data
[2023-05-29T07:30:09.828+0000] {spark_submit.py:490} INFO - childArgs               []
[2023-05-29T07:30:09.828+0000] {spark_submit.py:490} INFO - jars                    null
[2023-05-29T07:30:09.828+0000] {spark_submit.py:490} INFO - packages                null
[2023-05-29T07:30:09.828+0000] {spark_submit.py:490} INFO - packagesExclusions      null
[2023-05-29T07:30:09.829+0000] {spark_submit.py:490} INFO - repositories            null
[2023-05-29T07:30:09.829+0000] {spark_submit.py:490} INFO - verbose                 true
[2023-05-29T07:30:09.829+0000] {spark_submit.py:490} INFO - 
[2023-05-29T07:30:09.830+0000] {spark_submit.py:490} INFO - Spark properties used, including those specified through
[2023-05-29T07:30:09.830+0000] {spark_submit.py:490} INFO - --conf and those from the properties file null:
[2023-05-29T07:30:09.830+0000] {spark_submit.py:490} INFO - (spark.master,spark://spark-master:7077)
[2023-05-29T07:30:09.830+0000] {spark_submit.py:490} INFO - 
[2023-05-29T07:30:09.831+0000] {spark_submit.py:490} INFO - 
[2023-05-29T07:30:10.769+0000] {spark_submit.py:490} INFO - Main class:
[2023-05-29T07:30:10.770+0000] {spark_submit.py:490} INFO - org.apache.spark.deploy.PythonRunner
[2023-05-29T07:30:10.771+0000] {spark_submit.py:490} INFO - Arguments:
[2023-05-29T07:30:10.771+0000] {spark_submit.py:490} INFO - file:/opt/spark/app/process_trungtran.py
[2023-05-29T07:30:10.772+0000] {spark_submit.py:490} INFO - null
[2023-05-29T07:30:10.775+0000] {spark_submit.py:490} INFO - Spark config:
[2023-05-29T07:30:10.776+0000] {spark_submit.py:490} INFO - (spark.app.name,trungtran_clean_data)
[2023-05-29T07:30:10.777+0000] {spark_submit.py:490} INFO - (spark.master,spark://spark-master:7077)
[2023-05-29T07:30:10.777+0000] {spark_submit.py:490} INFO - (spark.submit.pyFiles,)
[2023-05-29T07:30:10.778+0000] {spark_submit.py:490} INFO - (spark.submit.deployMode,client)
[2023-05-29T07:30:10.778+0000] {spark_submit.py:490} INFO - Classpath elements:
[2023-05-29T07:30:10.779+0000] {spark_submit.py:490} INFO - 
[2023-05-29T07:30:10.780+0000] {spark_submit.py:490} INFO - 
[2023-05-29T07:30:10.780+0000] {spark_submit.py:490} INFO - 
[2023-05-29T07:30:12.392+0000] {spark_submit.py:490} INFO - Using Spark's default log4j profile: org/apache/spark/log4j-defaults.properties
[2023-05-29T07:30:12.414+0000] {spark_submit.py:490} INFO - 23/05/29 07:30:12 INFO SparkContext: Running Spark version 3.2.3
[2023-05-29T07:30:12.687+0000] {spark_submit.py:490} INFO - 23/05/29 07:30:12 WARN NativeCodeLoader: Unable to load native-hadoop library for your platform... using builtin-java classes where applicable
[2023-05-29T07:30:12.950+0000] {spark_submit.py:490} INFO - 23/05/29 07:30:12 INFO ResourceUtils: ==============================================================
[2023-05-29T07:30:12.951+0000] {spark_submit.py:490} INFO - 23/05/29 07:30:12 INFO ResourceUtils: No custom resources configured for spark.driver.
[2023-05-29T07:30:12.952+0000] {spark_submit.py:490} INFO - 23/05/29 07:30:12 INFO ResourceUtils: ==============================================================
[2023-05-29T07:30:12.953+0000] {spark_submit.py:490} INFO - 23/05/29 07:30:12 INFO SparkContext: Submitted application: clean_data_trungtran
[2023-05-29T07:30:13.016+0000] {spark_submit.py:490} INFO - 23/05/29 07:30:13 INFO ResourceProfile: Default ResourceProfile created, executor resources: Map(cores -> name: cores, amount: 1, script: , vendor: , memory -> name: memory, amount: 1024, script: , vendor: , offHeap -> name: offHeap, amount: 0, script: , vendor: ), task resources: Map(cpus -> name: cpus, amount: 1.0)
[2023-05-29T07:30:13.054+0000] {spark_submit.py:490} INFO - 23/05/29 07:30:13 INFO ResourceProfile: Limiting resource is cpu
[2023-05-29T07:30:13.055+0000] {spark_submit.py:490} INFO - 23/05/29 07:30:13 INFO ResourceProfileManager: Added ResourceProfile id: 0
[2023-05-29T07:30:13.216+0000] {spark_submit.py:490} INFO - 23/05/29 07:30:13 INFO SecurityManager: Changing view acls to: ***
[2023-05-29T07:30:13.218+0000] {spark_submit.py:490} INFO - 23/05/29 07:30:13 INFO SecurityManager: Changing modify acls to: ***
[2023-05-29T07:30:13.219+0000] {spark_submit.py:490} INFO - 23/05/29 07:30:13 INFO SecurityManager: Changing view acls groups to:
[2023-05-29T07:30:13.220+0000] {spark_submit.py:490} INFO - 23/05/29 07:30:13 INFO SecurityManager: Changing modify acls groups to:
[2023-05-29T07:30:13.222+0000] {spark_submit.py:490} INFO - 23/05/29 07:30:13 INFO SecurityManager: SecurityManager: authentication disabled; ui acls disabled; users  with view permissions: Set(***); groups with view permissions: Set(); users  with modify permissions: Set(***); groups with modify permissions: Set()
[2023-05-29T07:30:13.973+0000] {spark_submit.py:490} INFO - 23/05/29 07:30:13 INFO Utils: Successfully started service 'sparkDriver' on port 34401.
[2023-05-29T07:30:14.060+0000] {spark_submit.py:490} INFO - 23/05/29 07:30:14 INFO SparkEnv: Registering MapOutputTracker
[2023-05-29T07:30:14.201+0000] {spark_submit.py:490} INFO - 23/05/29 07:30:14 INFO SparkEnv: Registering BlockManagerMaster
[2023-05-29T07:30:14.280+0000] {spark_submit.py:490} INFO - 23/05/29 07:30:14 INFO BlockManagerMasterEndpoint: Using org.apache.spark.storage.DefaultTopologyMapper for getting topology information
[2023-05-29T07:30:14.282+0000] {spark_submit.py:490} INFO - 23/05/29 07:30:14 INFO BlockManagerMasterEndpoint: BlockManagerMasterEndpoint up
[2023-05-29T07:30:14.303+0000] {spark_submit.py:490} INFO - 23/05/29 07:30:14 INFO SparkEnv: Registering BlockManagerMasterHeartbeat
[2023-05-29T07:30:14.391+0000] {spark_submit.py:490} INFO - 23/05/29 07:30:14 INFO DiskBlockManager: Created local directory at /tmp/blockmgr-b18f4476-00b4-4fde-adb1-df1b8fc9d515
[2023-05-29T07:30:14.488+0000] {spark_submit.py:490} INFO - 23/05/29 07:30:14 INFO MemoryStore: MemoryStore started with capacity 366.3 MiB
[2023-05-29T07:30:14.579+0000] {spark_submit.py:490} INFO - 23/05/29 07:30:14 INFO SparkEnv: Registering OutputCommitCoordinator
[2023-05-29T07:30:15.396+0000] {spark_submit.py:490} INFO - 23/05/29 07:30:15 INFO Utils: Successfully started service 'SparkUI' on port 4040.
[2023-05-29T07:30:15.600+0000] {spark_submit.py:490} INFO - 23/05/29 07:30:15 INFO SparkUI: Bound SparkUI to 0.0.0.0, and started at http://d68e775f4ed7:4040
[2023-05-29T07:30:16.691+0000] {spark_submit.py:490} INFO - 23/05/29 07:30:16 INFO StandaloneAppClient$ClientEndpoint: Connecting to master spark://spark-master:7077...
[2023-05-29T07:30:17.204+0000] {spark_submit.py:490} INFO - 23/05/29 07:30:17 INFO TransportClientFactory: Successfully created connection to spark-master/172.27.0.2:7077 after 314 ms (0 ms spent in bootstraps)
[2023-05-29T07:30:17.824+0000] {spark_submit.py:490} INFO - 23/05/29 07:30:17 INFO StandaloneSchedulerBackend: Connected to Spark cluster with app ID app-20230529073017-0001
[2023-05-29T07:30:17.963+0000] {spark_submit.py:490} INFO - 23/05/29 07:30:17 INFO StandaloneAppClient$ClientEndpoint: Executor added: app-20230529073017-0001/0 on worker-20230529072513-172.27.0.3-7000 (172.27.0.3:7000) with 1 core(s)
[2023-05-29T07:30:18.009+0000] {spark_submit.py:490} INFO - 23/05/29 07:30:17 INFO StandaloneSchedulerBackend: Granted executor ID app-20230529073017-0001/0 on hostPort 172.27.0.3:7000 with 1 core(s), 1024.0 MiB RAM
[2023-05-29T07:30:18.037+0000] {spark_submit.py:490} INFO - 23/05/29 07:30:18 INFO Utils: Successfully started service 'org.apache.spark.network.netty.NettyBlockTransferService' on port 44033.
[2023-05-29T07:30:18.039+0000] {spark_submit.py:490} INFO - 23/05/29 07:30:18 INFO NettyBlockTransferService: Server created on d68e775f4ed7:44033
[2023-05-29T07:30:18.049+0000] {spark_submit.py:490} INFO - 23/05/29 07:30:18 INFO BlockManager: Using org.apache.spark.storage.RandomBlockReplicationPolicy for block replication policy
[2023-05-29T07:30:18.079+0000] {spark_submit.py:490} INFO - 23/05/29 07:30:18 INFO BlockManagerMaster: Registering BlockManager BlockManagerId(driver, d68e775f4ed7, 44033, None)
[2023-05-29T07:30:18.099+0000] {spark_submit.py:490} INFO - 23/05/29 07:30:18 INFO BlockManagerMasterEndpoint: Registering block manager d68e775f4ed7:44033 with 366.3 MiB RAM, BlockManagerId(driver, d68e775f4ed7, 44033, None)
[2023-05-29T07:30:18.146+0000] {spark_submit.py:490} INFO - 23/05/29 07:30:18 INFO BlockManagerMaster: Registered BlockManager BlockManagerId(driver, d68e775f4ed7, 44033, None)
[2023-05-29T07:30:18.200+0000] {spark_submit.py:490} INFO - 23/05/29 07:30:18 INFO BlockManager: Initialized BlockManager: BlockManagerId(driver, d68e775f4ed7, 44033, None)
[2023-05-29T07:30:18.357+0000] {spark_submit.py:490} INFO - 23/05/29 07:30:18 INFO StandaloneAppClient$ClientEndpoint: Executor updated: app-20230529073017-0001/0 is now RUNNING
[2023-05-29T07:30:19.525+0000] {spark_submit.py:490} INFO - 23/05/29 07:30:19 INFO StandaloneSchedulerBackend: SchedulerBackend is ready for scheduling beginning after reached minRegisteredResourcesRatio: 0.0
[2023-05-29T07:30:20.871+0000] {spark_submit.py:490} INFO - 23/05/29 07:30:20 INFO SharedState: Setting hive.metastore.warehouse.dir ('null') to the value of spark.sql.warehouse.dir.
[2023-05-29T07:30:21.033+0000] {spark_submit.py:490} INFO - 23/05/29 07:30:21 INFO SharedState: Warehouse path is 'file:/opt/***/spark-warehouse'.
[2023-05-29T07:30:26.549+0000] {spark_submit.py:490} INFO - /usr/local/lib/python3.7/site-packages/pyspark/sql/context.py:79: FutureWarning: Deprecated in 3.0.0. Use SparkSession.builder.getOrCreate() instead.
[2023-05-29T07:30:26.550+0000] {spark_submit.py:490} INFO - FutureWarning
[2023-05-29T07:30:27.133+0000] {spark_submit.py:490} INFO - 23/05/29 07:30:27 INFO InMemoryFileIndex: It took 170 ms to list leaf files for 1 paths.
[2023-05-29T07:30:27.853+0000] {spark_submit.py:490} INFO - 23/05/29 07:30:27 INFO MemoryStore: Block broadcast_0 stored as values in memory (estimated size 343.0 KiB, free 366.0 MiB)
[2023-05-29T07:30:28.081+0000] {spark_submit.py:490} INFO - 23/05/29 07:30:28 INFO MemoryStore: Block broadcast_0_piece0 stored as bytes in memory (estimated size 32.6 KiB, free 365.9 MiB)
[2023-05-29T07:30:28.092+0000] {spark_submit.py:490} INFO - 23/05/29 07:30:28 INFO BlockManagerInfo: Added broadcast_0_piece0 in memory on d68e775f4ed7:44033 (size: 32.6 KiB, free: 366.3 MiB)
[2023-05-29T07:30:28.107+0000] {spark_submit.py:490} INFO - 23/05/29 07:30:28 INFO SparkContext: Created broadcast 0 from load at NativeMethodAccessorImpl.java:0
[2023-05-29T07:30:29.411+0000] {spark_submit.py:490} INFO - 23/05/29 07:30:29 INFO FileInputFormat: Total input files to process : 1
[2023-05-29T07:30:29.417+0000] {spark_submit.py:490} INFO - 23/05/29 07:30:29 INFO FileInputFormat: Total input files to process : 1
[2023-05-29T07:30:29.565+0000] {spark_submit.py:490} INFO - 23/05/29 07:30:29 INFO SparkContext: Starting job: load at NativeMethodAccessorImpl.java:0
[2023-05-29T07:30:29.624+0000] {spark_submit.py:490} INFO - 23/05/29 07:30:29 INFO DAGScheduler: Got job 0 (load at NativeMethodAccessorImpl.java:0) with 1 output partitions
[2023-05-29T07:30:29.625+0000] {spark_submit.py:490} INFO - 23/05/29 07:30:29 INFO DAGScheduler: Final stage: ResultStage 0 (load at NativeMethodAccessorImpl.java:0)
[2023-05-29T07:30:29.626+0000] {spark_submit.py:490} INFO - 23/05/29 07:30:29 INFO DAGScheduler: Parents of final stage: List()
[2023-05-29T07:30:29.630+0000] {spark_submit.py:490} INFO - 23/05/29 07:30:29 INFO DAGScheduler: Missing parents: List()
[2023-05-29T07:30:29.648+0000] {spark_submit.py:490} INFO - 23/05/29 07:30:29 INFO DAGScheduler: Submitting ResultStage 0 (MapPartitionsRDD[2] at load at NativeMethodAccessorImpl.java:0), which has no missing parents
[2023-05-29T07:30:29.725+0000] {spark_submit.py:490} INFO - 23/05/29 07:30:29 INFO MemoryStore: Block broadcast_1 stored as values in memory (estimated size 7.1 KiB, free 365.9 MiB)
[2023-05-29T07:30:29.737+0000] {spark_submit.py:490} INFO - 23/05/29 07:30:29 INFO MemoryStore: Block broadcast_1_piece0 stored as bytes in memory (estimated size 4.2 KiB, free 365.9 MiB)
[2023-05-29T07:30:29.742+0000] {spark_submit.py:490} INFO - 23/05/29 07:30:29 INFO BlockManagerInfo: Added broadcast_1_piece0 in memory on d68e775f4ed7:44033 (size: 4.2 KiB, free: 366.3 MiB)
[2023-05-29T07:30:29.746+0000] {spark_submit.py:490} INFO - 23/05/29 07:30:29 INFO SparkContext: Created broadcast 1 from broadcast at DAGScheduler.scala:1478
[2023-05-29T07:30:29.801+0000] {spark_submit.py:490} INFO - 23/05/29 07:30:29 INFO DAGScheduler: Submitting 1 missing tasks from ResultStage 0 (MapPartitionsRDD[2] at load at NativeMethodAccessorImpl.java:0) (first 15 tasks are for partitions Vector(0))
[2023-05-29T07:30:29.806+0000] {spark_submit.py:490} INFO - 23/05/29 07:30:29 INFO TaskSchedulerImpl: Adding task set 0.0 with 1 tasks resource profile 0
[2023-05-29T07:30:30.017+0000] {spark_submit.py:490} INFO - 23/05/29 07:30:30 INFO CoarseGrainedSchedulerBackend$DriverEndpoint: Registered executor NettyRpcEndpointRef(spark-client://Executor) (172.27.0.3:45546) with ID 0,  ResourceProfileId 0
[2023-05-29T07:30:30.515+0000] {spark_submit.py:490} INFO - 23/05/29 07:30:30 INFO BlockManagerMasterEndpoint: Registering block manager 172.27.0.3:36065 with 366.3 MiB RAM, BlockManagerId(0, 172.27.0.3, 36065, None)
[2023-05-29T07:30:30.734+0000] {spark_submit.py:490} INFO - 23/05/29 07:30:30 INFO TaskSetManager: Starting task 0.0 in stage 0.0 (TID 0) (172.27.0.3, executor 0, partition 0, PROCESS_LOCAL, 4600 bytes) taskResourceAssignments Map()
[2023-05-29T07:30:32.663+0000] {spark_submit.py:490} INFO - 23/05/29 07:30:32 INFO BlockManagerInfo: Added broadcast_1_piece0 in memory on 172.27.0.3:36065 (size: 4.2 KiB, free: 366.3 MiB)
[2023-05-29T07:30:36.494+0000] {spark_submit.py:490} INFO - 23/05/29 07:30:36 INFO BlockManagerInfo: Added broadcast_0_piece0 in memory on 172.27.0.3:36065 (size: 32.6 KiB, free: 366.3 MiB)
[2023-05-29T07:30:38.364+0000] {spark_submit.py:490} INFO - 23/05/29 07:30:38 INFO TaskSetManager: Finished task 0.0 in stage 0.0 (TID 0) in 7639 ms on 172.27.0.3 (executor 0) (1/1)
[2023-05-29T07:30:38.402+0000] {spark_submit.py:490} INFO - 23/05/29 07:30:38 INFO TaskSchedulerImpl: Removed TaskSet 0.0, whose tasks have all completed, from pool
[2023-05-29T07:30:38.498+0000] {spark_submit.py:490} INFO - 23/05/29 07:30:38 INFO DAGScheduler: ResultStage 0 (load at NativeMethodAccessorImpl.java:0) finished in 8.765 s
[2023-05-29T07:30:38.523+0000] {spark_submit.py:490} INFO - 23/05/29 07:30:38 INFO DAGScheduler: Job 0 is finished. Cancelling potential speculative or zombie tasks for this job
[2023-05-29T07:30:38.558+0000] {spark_submit.py:490} INFO - 23/05/29 07:30:38 INFO TaskSchedulerImpl: Killing all running tasks in stage 0: Stage finished
[2023-05-29T07:30:38.575+0000] {spark_submit.py:490} INFO - 23/05/29 07:30:38 INFO DAGScheduler: Job 0 finished: load at NativeMethodAccessorImpl.java:0, took 9.007469 s
[2023-05-29T07:30:38.757+0000] {spark_submit.py:490} INFO - 23/05/29 07:30:38 INFO SparkContext: Starting job: load at NativeMethodAccessorImpl.java:0
[2023-05-29T07:30:38.761+0000] {spark_submit.py:490} INFO - 23/05/29 07:30:38 INFO DAGScheduler: Got job 1 (load at NativeMethodAccessorImpl.java:0) with 1 output partitions
[2023-05-29T07:30:38.762+0000] {spark_submit.py:490} INFO - 23/05/29 07:30:38 INFO DAGScheduler: Final stage: ResultStage 1 (load at NativeMethodAccessorImpl.java:0)
[2023-05-29T07:30:38.763+0000] {spark_submit.py:490} INFO - 23/05/29 07:30:38 INFO DAGScheduler: Parents of final stage: List()
[2023-05-29T07:30:38.763+0000] {spark_submit.py:490} INFO - 23/05/29 07:30:38 INFO DAGScheduler: Missing parents: List()
[2023-05-29T07:30:38.785+0000] {spark_submit.py:490} INFO - 23/05/29 07:30:38 INFO DAGScheduler: Submitting ResultStage 1 (MapPartitionsRDD[3] at load at NativeMethodAccessorImpl.java:0), which has no missing parents
[2023-05-29T07:30:38.857+0000] {spark_submit.py:490} INFO - 23/05/29 07:30:38 INFO MemoryStore: Block broadcast_2 stored as values in memory (estimated size 9.2 KiB, free 365.9 MiB)
[2023-05-29T07:30:38.871+0000] {spark_submit.py:490} INFO - 23/05/29 07:30:38 INFO MemoryStore: Block broadcast_2_piece0 stored as bytes in memory (estimated size 4.9 KiB, free 365.9 MiB)
[2023-05-29T07:30:38.892+0000] {spark_submit.py:490} INFO - 23/05/29 07:30:38 INFO BlockManagerInfo: Added broadcast_2_piece0 in memory on d68e775f4ed7:44033 (size: 4.9 KiB, free: 366.3 MiB)
[2023-05-29T07:30:38.902+0000] {spark_submit.py:490} INFO - 23/05/29 07:30:38 INFO SparkContext: Created broadcast 2 from broadcast at DAGScheduler.scala:1478
[2023-05-29T07:30:38.913+0000] {spark_submit.py:490} INFO - 23/05/29 07:30:38 INFO DAGScheduler: Submitting 1 missing tasks from ResultStage 1 (MapPartitionsRDD[3] at load at NativeMethodAccessorImpl.java:0) (first 15 tasks are for partitions Vector(0))
[2023-05-29T07:30:38.915+0000] {spark_submit.py:490} INFO - 23/05/29 07:30:38 INFO TaskSchedulerImpl: Adding task set 1.0 with 1 tasks resource profile 0
[2023-05-29T07:30:38.941+0000] {spark_submit.py:490} INFO - 23/05/29 07:30:38 INFO TaskSetManager: Starting task 0.0 in stage 1.0 (TID 1) (172.27.0.3, executor 0, partition 0, PROCESS_LOCAL, 4600 bytes) taskResourceAssignments Map()
[2023-05-29T07:30:39.173+0000] {spark_submit.py:490} INFO - 23/05/29 07:30:39 INFO BlockManagerInfo: Added broadcast_2_piece0 in memory on 172.27.0.3:36065 (size: 4.9 KiB, free: 366.3 MiB)
[2023-05-29T07:30:40.482+0000] {spark_submit.py:490} INFO - 23/05/29 07:30:40 INFO TaskSetManager: Finished task 0.0 in stage 1.0 (TID 1) in 1551 ms on 172.27.0.3 (executor 0) (1/1)
[2023-05-29T07:30:40.483+0000] {spark_submit.py:490} INFO - 23/05/29 07:30:40 INFO TaskSchedulerImpl: Removed TaskSet 1.0, whose tasks have all completed, from pool
[2023-05-29T07:30:40.488+0000] {spark_submit.py:490} INFO - 23/05/29 07:30:40 INFO DAGScheduler: ResultStage 1 (load at NativeMethodAccessorImpl.java:0) finished in 1.654 s
[2023-05-29T07:30:40.498+0000] {spark_submit.py:490} INFO - 23/05/29 07:30:40 INFO DAGScheduler: Job 1 is finished. Cancelling potential speculative or zombie tasks for this job
[2023-05-29T07:30:40.499+0000] {spark_submit.py:490} INFO - 23/05/29 07:30:40 INFO TaskSchedulerImpl: Killing all running tasks in stage 1: Stage finished
[2023-05-29T07:30:40.510+0000] {spark_submit.py:490} INFO - 23/05/29 07:30:40 INFO DAGScheduler: Job 1 finished: load at NativeMethodAccessorImpl.java:0, took 1.754358 s
[2023-05-29T07:30:41.980+0000] {spark_submit.py:490} INFO - 23/05/29 07:30:41 INFO BlockManagerInfo: Removed broadcast_1_piece0 on d68e775f4ed7:44033 in memory (size: 4.2 KiB, free: 366.3 MiB)
[2023-05-29T07:30:41.996+0000] {spark_submit.py:490} INFO - 23/05/29 07:30:41 INFO BlockManagerInfo: Removed broadcast_1_piece0 on 172.27.0.3:36065 in memory (size: 4.2 KiB, free: 366.3 MiB)
[2023-05-29T07:30:42.035+0000] {spark_submit.py:490} INFO - 23/05/29 07:30:42 INFO BlockManagerInfo: Removed broadcast_2_piece0 on d68e775f4ed7:44033 in memory (size: 4.9 KiB, free: 366.3 MiB)
[2023-05-29T07:30:42.050+0000] {spark_submit.py:490} INFO - 23/05/29 07:30:42 INFO BlockManagerInfo: Removed broadcast_2_piece0 on 172.27.0.3:36065 in memory (size: 4.9 KiB, free: 366.3 MiB)
[2023-05-29T07:30:42.074+0000] {spark_submit.py:490} INFO - 23/05/29 07:30:42 INFO BlockManagerInfo: Removed broadcast_0_piece0 on d68e775f4ed7:44033 in memory (size: 32.6 KiB, free: 366.3 MiB)
[2023-05-29T07:30:42.092+0000] {spark_submit.py:490} INFO - 23/05/29 07:30:42 INFO BlockManagerInfo: Removed broadcast_0_piece0 on 172.27.0.3:36065 in memory (size: 32.6 KiB, free: 366.3 MiB)
[2023-05-29T07:30:48.250+0000] {spark_submit.py:490} INFO - DataFrame[Battery: string, Brand: string, CPU: string, Color: string, Display: string, Graphics: string, MFG_year: double, Name: string, OS: string, Price: string, Ram: string, Size: string, Storage: string, URL: string, Weight: string, Wireless: string]
[2023-05-29T07:30:48.339+0000] {spark_submit.py:490} INFO - 23/05/29 07:30:48 INFO SparkUI: Stopped Spark web UI at http://d68e775f4ed7:4040
[2023-05-29T07:30:48.412+0000] {spark_submit.py:490} INFO - 23/05/29 07:30:48 INFO StandaloneSchedulerBackend: Shutting down all executors
[2023-05-29T07:30:48.421+0000] {spark_submit.py:490} INFO - 23/05/29 07:30:48 INFO CoarseGrainedSchedulerBackend$DriverEndpoint: Asking each executor to shut down
[2023-05-29T07:30:48.832+0000] {spark_submit.py:490} INFO - 23/05/29 07:30:48 INFO MapOutputTrackerMasterEndpoint: MapOutputTrackerMasterEndpoint stopped!
[2023-05-29T07:30:48.954+0000] {spark_submit.py:490} INFO - 23/05/29 07:30:48 INFO MemoryStore: MemoryStore cleared
[2023-05-29T07:30:48.955+0000] {spark_submit.py:490} INFO - 23/05/29 07:30:48 INFO BlockManager: BlockManager stopped
[2023-05-29T07:30:48.972+0000] {spark_submit.py:490} INFO - 23/05/29 07:30:48 INFO BlockManagerMaster: BlockManagerMaster stopped
[2023-05-29T07:30:48.984+0000] {spark_submit.py:490} INFO - 23/05/29 07:30:48 INFO OutputCommitCoordinator$OutputCommitCoordinatorEndpoint: OutputCommitCoordinator stopped!
[2023-05-29T07:30:49.056+0000] {spark_submit.py:490} INFO - 23/05/29 07:30:49 INFO SparkContext: Successfully stopped SparkContext
[2023-05-29T07:30:49.640+0000] {spark_submit.py:490} INFO - 23/05/29 07:30:49 INFO ShutdownHookManager: Shutdown hook called
[2023-05-29T07:30:49.651+0000] {spark_submit.py:490} INFO - 23/05/29 07:30:49 INFO ShutdownHookManager: Deleting directory /tmp/spark-f29420ec-2d69-4f36-8420-3d80685b6a3b/pyspark-b261f86d-39d6-4e21-abe2-ea7c9bd711c0
[2023-05-29T07:30:49.669+0000] {spark_submit.py:490} INFO - 23/05/29 07:30:49 INFO ShutdownHookManager: Deleting directory /tmp/spark-93b4fd89-cb6e-4a54-9909-7bf04855e78f
[2023-05-29T07:30:49.686+0000] {spark_submit.py:490} INFO - 23/05/29 07:30:49 INFO ShutdownHookManager: Deleting directory /tmp/spark-f29420ec-2d69-4f36-8420-3d80685b6a3b
[2023-05-29T07:30:49.951+0000] {warnings.py:110} WARNING - /usr/local/lib/python3.7/site-packages/***/models/taskinstance.py:871: SAWarning: TypeDecorator ExecutorConfigType() will not produce a cache key because the ``cache_ok`` attribute is not set to True.  This can have significant performance implications including some performance degradations in comparison to prior SQLAlchemy versions.  Set this attribute to True if this type object's state is safe to use in a cache key, or False to disable this warning. (Background on this error at: https://sqlalche.me/e/14/cprf)
  ti: TaskInstance | None = qry.with_for_update().one_or_none()

[2023-05-29T07:30:49.989+0000] {taskinstance.py:1406} INFO - Marking task as SUCCESS. dag_id=trungtran_process_data_1, task_id=trungtran_clean_data_11, execution_date=20230529T072818, start_date=20230529T073003, end_date=20230529T073049
[2023-05-29T07:30:50.076+0000] {local_task_job.py:164} INFO - Task exited with return code 0
[2023-05-29T07:30:50.204+0000] {local_task_job.py:273} INFO - 1 downstream tasks scheduled from follow-on schedule check
