[2023-05-14T09:48:19.500+0000] {processor.py:156} INFO - Started process (PID=41) to work on /opt/airflow/dags/tranvietcuong.py
[2023-05-14T09:48:19.503+0000] {processor.py:758} INFO - Processing file /opt/airflow/dags/tranvietcuong.py for tasks to queue
[2023-05-14T09:48:19.506+0000] {logging_mixin.py:117} INFO - [2023-05-14T09:48:19.506+0000] {dagbag.py:525} INFO - Filling up the DagBag from /opt/airflow/dags/tranvietcuong.py
[2023-05-14T09:48:19.710+0000] {processor.py:768} INFO - DAG(s) dict_keys(['job_1_tranvietcuong']) retrieved from /opt/airflow/dags/tranvietcuong.py
[2023-05-14T09:48:21.827+0000] {logging_mixin.py:117} INFO - [2023-05-14T09:48:21.827+0000] {dag.py:2573} INFO - Sync 1 DAGs
[2023-05-14T09:48:22.130+0000] {processor.py:178} INFO - Processing /opt/airflow/dags/tranvietcuong.py took 2.661 seconds
[2023-05-14T09:48:31.013+0000] {processor.py:156} INFO - Started process (PID=55) to work on /opt/airflow/dags/tranvietcuong.py
[2023-05-14T09:48:31.016+0000] {processor.py:758} INFO - Processing file /opt/airflow/dags/tranvietcuong.py for tasks to queue
[2023-05-14T09:48:31.019+0000] {logging_mixin.py:117} INFO - [2023-05-14T09:48:31.018+0000] {dagbag.py:525} INFO - Filling up the DagBag from /opt/airflow/dags/tranvietcuong.py
[2023-05-14T09:48:31.111+0000] {processor.py:768} INFO - DAG(s) dict_keys(['job_1_tranvietcuong']) retrieved from /opt/airflow/dags/tranvietcuong.py
[2023-05-14T09:48:31.292+0000] {logging_mixin.py:117} WARNING - /usr/local/lib/python3.7/site-packages/airflow/models/taskinstance.py:873 SAWarning: TypeDecorator ExecutorConfigType() will not produce a cache key because the ``cache_ok`` attribute is not set to True.  This can have significant performance implications including some performance degradations in comparison to prior SQLAlchemy versions.  Set this attribute to True if this type object's state is safe to use in a cache key, or False to disable this warning. (Background on this error at: https://sqlalche.me/e/14/cprf)
[2023-05-14T09:48:31.983+0000] {logging_mixin.py:117} WARNING - /usr/local/lib/python3.7/site-packages/airflow/utils/email.py:120 RemovedInAirflow3Warning: Fetching SMTP credentials from configuration variables will be deprecated in a future release. Please set credentials using a connection instead.
[2023-05-14T09:48:31.985+0000] {logging_mixin.py:117} INFO - [2023-05-14T09:48:31.984+0000] {configuration.py:569} WARNING - section/key [smtp/smtp_user] not found in config
[2023-05-14T09:48:31.986+0000] {logging_mixin.py:117} INFO - [2023-05-14T09:48:31.986+0000] {email.py:229} INFO - Email alerting: attempt 1
[2023-05-14T09:48:32.001+0000] {logging_mixin.py:117} INFO - [2023-05-14T09:48:32.000+0000] {configuration.py:569} WARNING - section/key [smtp/smtp_user] not found in config
[2023-05-14T09:48:32.002+0000] {logging_mixin.py:117} INFO - [2023-05-14T09:48:32.001+0000] {email.py:229} INFO - Email alerting: attempt 1
[2023-05-14T09:48:32.077+0000] {processor.py:727} INFO - Executed failure callback for <TaskInstance: job_1_tranvietcuong.file_sensor scheduled__2023-05-11T21:30:00+00:00 [failed]> in state failed
[2023-05-14T09:48:32.161+0000] {logging_mixin.py:117} INFO - [2023-05-14T09:48:32.161+0000] {dag.py:2573} INFO - Sync 1 DAGs
[2023-05-14T09:48:32.286+0000] {logging_mixin.py:117} INFO - [2023-05-14T09:48:32.285+0000] {dag.py:3328} INFO - Setting next_dagrun for job_1_tranvietcuong to 2023-05-11T22:10:00+00:00, run_after=2023-05-11T22:15:00+00:00
[2023-05-14T09:48:32.362+0000] {processor.py:178} INFO - Processing /opt/airflow/dags/tranvietcuong.py took 1.361 seconds
[2023-05-14T09:48:42.076+0000] {processor.py:156} INFO - Started process (PID=69) to work on /opt/airflow/dags/tranvietcuong.py
[2023-05-14T09:48:42.087+0000] {processor.py:758} INFO - Processing file /opt/airflow/dags/tranvietcuong.py for tasks to queue
[2023-05-14T09:48:42.090+0000] {logging_mixin.py:117} INFO - [2023-05-14T09:48:42.090+0000] {dagbag.py:525} INFO - Filling up the DagBag from /opt/airflow/dags/tranvietcuong.py
[2023-05-14T09:48:42.188+0000] {processor.py:768} INFO - DAG(s) dict_keys(['job_1_tranvietcuong']) retrieved from /opt/airflow/dags/tranvietcuong.py
[2023-05-14T09:48:42.350+0000] {logging_mixin.py:117} WARNING - /usr/local/lib/python3.7/site-packages/airflow/models/taskinstance.py:873 SAWarning: TypeDecorator ExecutorConfigType() will not produce a cache key because the ``cache_ok`` attribute is not set to True.  This can have significant performance implications including some performance degradations in comparison to prior SQLAlchemy versions.  Set this attribute to True if this type object's state is safe to use in a cache key, or False to disable this warning. (Background on this error at: https://sqlalche.me/e/14/cprf)
[2023-05-14T09:48:43.026+0000] {logging_mixin.py:117} WARNING - /usr/local/lib/python3.7/site-packages/airflow/utils/email.py:120 RemovedInAirflow3Warning: Fetching SMTP credentials from configuration variables will be deprecated in a future release. Please set credentials using a connection instead.
[2023-05-14T09:48:43.028+0000] {logging_mixin.py:117} INFO - [2023-05-14T09:48:43.027+0000] {configuration.py:569} WARNING - section/key [smtp/smtp_user] not found in config
[2023-05-14T09:48:43.029+0000] {logging_mixin.py:117} INFO - [2023-05-14T09:48:43.028+0000] {email.py:229} INFO - Email alerting: attempt 1
[2023-05-14T09:48:43.042+0000] {logging_mixin.py:117} INFO - [2023-05-14T09:48:43.041+0000] {configuration.py:569} WARNING - section/key [smtp/smtp_user] not found in config
[2023-05-14T09:48:43.043+0000] {logging_mixin.py:117} INFO - [2023-05-14T09:48:43.043+0000] {email.py:229} INFO - Email alerting: attempt 1
[2023-05-14T09:48:43.094+0000] {processor.py:727} INFO - Executed failure callback for <TaskInstance: job_1_tranvietcuong.file_sensor scheduled__2023-05-11T20:50:00+00:00 [failed]> in state failed
[2023-05-14T09:48:43.118+0000] {logging_mixin.py:117} WARNING - /usr/local/lib/python3.7/site-packages/airflow/models/taskinstance.py:873 SAWarning: TypeDecorator ExecutorConfigType() will not produce a cache key because the ``cache_ok`` attribute is not set to True.  This can have significant performance implications including some performance degradations in comparison to prior SQLAlchemy versions.  Set this attribute to True if this type object's state is safe to use in a cache key, or False to disable this warning. (Background on this error at: https://sqlalche.me/e/14/cprf)
[2023-05-14T09:48:43.206+0000] {logging_mixin.py:117} WARNING - /usr/local/lib/python3.7/site-packages/airflow/utils/email.py:120 RemovedInAirflow3Warning: Fetching SMTP credentials from configuration variables will be deprecated in a future release. Please set credentials using a connection instead.
[2023-05-14T09:48:43.207+0000] {logging_mixin.py:117} INFO - [2023-05-14T09:48:43.207+0000] {configuration.py:569} WARNING - section/key [smtp/smtp_user] not found in config
[2023-05-14T09:48:43.208+0000] {logging_mixin.py:117} INFO - [2023-05-14T09:48:43.207+0000] {email.py:229} INFO - Email alerting: attempt 1
[2023-05-14T09:48:43.217+0000] {logging_mixin.py:117} INFO - [2023-05-14T09:48:43.217+0000] {configuration.py:569} WARNING - section/key [smtp/smtp_user] not found in config
[2023-05-14T09:48:43.218+0000] {logging_mixin.py:117} INFO - [2023-05-14T09:48:43.218+0000] {email.py:229} INFO - Email alerting: attempt 1
[2023-05-14T09:48:43.239+0000] {processor.py:727} INFO - Executed failure callback for <TaskInstance: job_1_tranvietcuong.file_sensor scheduled__2023-05-11T21:25:00+00:00 [failed]> in state failed
[2023-05-14T09:48:43.261+0000] {logging_mixin.py:117} WARNING - /usr/local/lib/python3.7/site-packages/airflow/models/taskinstance.py:873 SAWarning: TypeDecorator ExecutorConfigType() will not produce a cache key because the ``cache_ok`` attribute is not set to True.  This can have significant performance implications including some performance degradations in comparison to prior SQLAlchemy versions.  Set this attribute to True if this type object's state is safe to use in a cache key, or False to disable this warning. (Background on this error at: https://sqlalche.me/e/14/cprf)
[2023-05-14T09:48:43.333+0000] {logging_mixin.py:117} WARNING - /usr/local/lib/python3.7/site-packages/airflow/utils/email.py:120 RemovedInAirflow3Warning: Fetching SMTP credentials from configuration variables will be deprecated in a future release. Please set credentials using a connection instead.
[2023-05-14T09:48:43.334+0000] {logging_mixin.py:117} INFO - [2023-05-14T09:48:43.333+0000] {configuration.py:569} WARNING - section/key [smtp/smtp_user] not found in config
[2023-05-14T09:48:43.334+0000] {logging_mixin.py:117} INFO - [2023-05-14T09:48:43.334+0000] {email.py:229} INFO - Email alerting: attempt 1
[2023-05-14T09:48:43.343+0000] {logging_mixin.py:117} INFO - [2023-05-14T09:48:43.342+0000] {configuration.py:569} WARNING - section/key [smtp/smtp_user] not found in config
[2023-05-14T09:48:43.343+0000] {logging_mixin.py:117} INFO - [2023-05-14T09:48:43.343+0000] {email.py:229} INFO - Email alerting: attempt 1
[2023-05-14T09:48:43.360+0000] {processor.py:727} INFO - Executed failure callback for <TaskInstance: job_1_tranvietcuong.file_sensor scheduled__2023-05-11T20:50:00+00:00 [failed]> in state failed
[2023-05-14T09:48:43.416+0000] {logging_mixin.py:117} INFO - [2023-05-14T09:48:43.415+0000] {dag.py:2573} INFO - Sync 1 DAGs
[2023-05-14T09:48:43.634+0000] {processor.py:178} INFO - Processing /opt/airflow/dags/tranvietcuong.py took 1.570 seconds
[2023-05-14T09:49:13.847+0000] {processor.py:156} INFO - Started process (PID=95) to work on /opt/airflow/dags/tranvietcuong.py
[2023-05-14T09:49:13.874+0000] {processor.py:758} INFO - Processing file /opt/airflow/dags/tranvietcuong.py for tasks to queue
[2023-05-14T09:49:13.878+0000] {logging_mixin.py:117} INFO - [2023-05-14T09:49:13.877+0000] {dagbag.py:525} INFO - Filling up the DagBag from /opt/airflow/dags/tranvietcuong.py
[2023-05-14T09:49:14.171+0000] {processor.py:768} INFO - DAG(s) dict_keys(['job_1_tranvietcuong']) retrieved from /opt/airflow/dags/tranvietcuong.py
[2023-05-14T09:49:14.627+0000] {logging_mixin.py:117} WARNING - /usr/local/lib/python3.7/site-packages/airflow/models/taskinstance.py:873 SAWarning: TypeDecorator ExecutorConfigType() will not produce a cache key because the ``cache_ok`` attribute is not set to True.  This can have significant performance implications including some performance degradations in comparison to prior SQLAlchemy versions.  Set this attribute to True if this type object's state is safe to use in a cache key, or False to disable this warning. (Background on this error at: https://sqlalche.me/e/14/cprf)
[2023-05-14T09:49:16.117+0000] {logging_mixin.py:117} WARNING - /usr/local/lib/python3.7/site-packages/airflow/utils/email.py:120 RemovedInAirflow3Warning: Fetching SMTP credentials from configuration variables will be deprecated in a future release. Please set credentials using a connection instead.
[2023-05-14T09:49:16.119+0000] {logging_mixin.py:117} INFO - [2023-05-14T09:49:16.119+0000] {configuration.py:569} WARNING - section/key [smtp/smtp_user] not found in config
[2023-05-14T09:49:16.121+0000] {logging_mixin.py:117} INFO - [2023-05-14T09:49:16.120+0000] {email.py:229} INFO - Email alerting: attempt 1
[2023-05-14T09:49:16.152+0000] {logging_mixin.py:117} INFO - [2023-05-14T09:49:16.151+0000] {configuration.py:569} WARNING - section/key [smtp/smtp_user] not found in config
[2023-05-14T09:49:16.154+0000] {logging_mixin.py:117} INFO - [2023-05-14T09:49:16.153+0000] {email.py:229} INFO - Email alerting: attempt 1
[2023-05-14T09:49:16.262+0000] {processor.py:727} INFO - Executed failure callback for <TaskInstance: job_1_tranvietcuong.file_sensor scheduled__2023-05-11T21:25:00+00:00 [failed]> in state failed
[2023-05-14T09:49:16.610+0000] {logging_mixin.py:117} INFO - [2023-05-14T09:49:16.609+0000] {dag.py:2573} INFO - Sync 1 DAGs
[2023-05-14T09:49:16.957+0000] {processor.py:178} INFO - Processing /opt/airflow/dags/tranvietcuong.py took 3.141 seconds
[2023-05-14T09:49:47.506+0000] {processor.py:156} INFO - Started process (PID=114) to work on /opt/airflow/dags/tranvietcuong.py
[2023-05-14T09:49:47.527+0000] {processor.py:758} INFO - Processing file /opt/airflow/dags/tranvietcuong.py for tasks to queue
[2023-05-14T09:49:47.530+0000] {logging_mixin.py:117} INFO - [2023-05-14T09:49:47.530+0000] {dagbag.py:525} INFO - Filling up the DagBag from /opt/airflow/dags/tranvietcuong.py
[2023-05-14T09:49:47.749+0000] {processor.py:768} INFO - DAG(s) dict_keys(['job_1_tranvietcuong']) retrieved from /opt/airflow/dags/tranvietcuong.py
[2023-05-14T09:49:50.854+0000] {logging_mixin.py:117} INFO - [2023-05-14T09:49:50.854+0000] {dag.py:2573} INFO - Sync 1 DAGs
[2023-05-14T09:49:51.724+0000] {processor.py:178} INFO - Processing /opt/airflow/dags/tranvietcuong.py took 4.255 seconds
[2023-05-14T09:50:22.233+0000] {processor.py:156} INFO - Started process (PID=130) to work on /opt/airflow/dags/tranvietcuong.py
[2023-05-14T09:50:22.237+0000] {processor.py:758} INFO - Processing file /opt/airflow/dags/tranvietcuong.py for tasks to queue
[2023-05-14T09:50:22.240+0000] {logging_mixin.py:117} INFO - [2023-05-14T09:50:22.239+0000] {dagbag.py:525} INFO - Filling up the DagBag from /opt/airflow/dags/tranvietcuong.py
[2023-05-14T09:50:22.384+0000] {processor.py:768} INFO - DAG(s) dict_keys(['job_1_tranvietcuong']) retrieved from /opt/airflow/dags/tranvietcuong.py
[2023-05-14T11:28:48.444+0000] {processor.py:156} INFO - Started process (PID=29) to work on /opt/airflow/dags/tranvietcuong.py
[2023-05-14T11:28:48.450+0000] {processor.py:758} INFO - Processing file /opt/airflow/dags/tranvietcuong.py for tasks to queue
[2023-05-14T11:28:48.453+0000] {logging_mixin.py:117} INFO - [2023-05-14T11:28:48.452+0000] {dagbag.py:525} INFO - Filling up the DagBag from /opt/airflow/dags/tranvietcuong.py
[2023-05-14T11:28:48.624+0000] {processor.py:768} INFO - DAG(s) dict_keys(['job_1_tranvietcuong']) retrieved from /opt/airflow/dags/tranvietcuong.py
[2023-05-14T11:28:50.079+0000] {logging_mixin.py:117} INFO - [2023-05-14T11:28:50.079+0000] {dag.py:2573} INFO - Sync 1 DAGs
[2023-05-14T11:28:50.432+0000] {processor.py:178} INFO - Processing /opt/airflow/dags/tranvietcuong.py took 2.004 seconds
[2023-05-14T11:29:20.716+0000] {processor.py:156} INFO - Started process (PID=54) to work on /opt/airflow/dags/tranvietcuong.py
[2023-05-14T11:29:20.719+0000] {processor.py:758} INFO - Processing file /opt/airflow/dags/tranvietcuong.py for tasks to queue
[2023-05-14T11:29:20.720+0000] {logging_mixin.py:117} INFO - [2023-05-14T11:29:20.720+0000] {dagbag.py:525} INFO - Filling up the DagBag from /opt/airflow/dags/tranvietcuong.py
[2023-05-14T11:29:20.782+0000] {processor.py:768} INFO - DAG(s) dict_keys(['job_1_tranvietcuong']) retrieved from /opt/airflow/dags/tranvietcuong.py
[2023-05-14T11:29:21.199+0000] {logging_mixin.py:117} INFO - [2023-05-14T11:29:21.199+0000] {dag.py:2573} INFO - Sync 1 DAGs
[2023-05-14T11:29:21.341+0000] {processor.py:178} INFO - Processing /opt/airflow/dags/tranvietcuong.py took 0.634 seconds
[2023-05-14T11:29:52.214+0000] {processor.py:156} INFO - Started process (PID=78) to work on /opt/airflow/dags/tranvietcuong.py
[2023-05-14T11:29:52.216+0000] {processor.py:758} INFO - Processing file /opt/airflow/dags/tranvietcuong.py for tasks to queue
[2023-05-14T11:29:52.218+0000] {logging_mixin.py:117} INFO - [2023-05-14T11:29:52.217+0000] {dagbag.py:525} INFO - Filling up the DagBag from /opt/airflow/dags/tranvietcuong.py
[2023-05-14T11:29:52.280+0000] {processor.py:768} INFO - DAG(s) dict_keys(['job_1_tranvietcuong']) retrieved from /opt/airflow/dags/tranvietcuong.py
[2023-05-14T11:29:52.818+0000] {logging_mixin.py:117} INFO - [2023-05-14T11:29:52.818+0000] {dag.py:2573} INFO - Sync 1 DAGs
[2023-05-14T11:29:52.978+0000] {processor.py:178} INFO - Processing /opt/airflow/dags/tranvietcuong.py took 0.774 seconds
[2023-05-14T11:30:23.332+0000] {processor.py:156} INFO - Started process (PID=109) to work on /opt/airflow/dags/tranvietcuong.py
[2023-05-14T11:30:23.343+0000] {processor.py:758} INFO - Processing file /opt/airflow/dags/tranvietcuong.py for tasks to queue
[2023-05-14T11:30:23.345+0000] {logging_mixin.py:117} INFO - [2023-05-14T11:30:23.344+0000] {dagbag.py:525} INFO - Filling up the DagBag from /opt/airflow/dags/tranvietcuong.py
[2023-05-14T11:30:23.402+0000] {processor.py:768} INFO - DAG(s) dict_keys(['job_1_tranvietcuong']) retrieved from /opt/airflow/dags/tranvietcuong.py
[2023-05-14T11:30:23.947+0000] {logging_mixin.py:117} INFO - [2023-05-14T11:30:23.947+0000] {dag.py:2573} INFO - Sync 1 DAGs
[2023-05-14T11:30:24.111+0000] {processor.py:178} INFO - Processing /opt/airflow/dags/tranvietcuong.py took 0.792 seconds
[2023-05-14T11:30:54.406+0000] {processor.py:156} INFO - Started process (PID=132) to work on /opt/airflow/dags/tranvietcuong.py
[2023-05-14T11:30:54.416+0000] {processor.py:758} INFO - Processing file /opt/airflow/dags/tranvietcuong.py for tasks to queue
[2023-05-14T11:30:54.418+0000] {logging_mixin.py:117} INFO - [2023-05-14T11:30:54.418+0000] {dagbag.py:525} INFO - Filling up the DagBag from /opt/airflow/dags/tranvietcuong.py
[2023-05-14T11:30:54.472+0000] {processor.py:768} INFO - DAG(s) dict_keys(['job_1_tranvietcuong']) retrieved from /opt/airflow/dags/tranvietcuong.py
[2023-05-14T11:30:54.921+0000] {logging_mixin.py:117} INFO - [2023-05-14T11:30:54.920+0000] {dag.py:2573} INFO - Sync 1 DAGs
[2023-05-14T11:30:55.077+0000] {processor.py:178} INFO - Processing /opt/airflow/dags/tranvietcuong.py took 0.680 seconds
[2023-05-14T11:31:25.278+0000] {processor.py:156} INFO - Started process (PID=155) to work on /opt/airflow/dags/tranvietcuong.py
[2023-05-14T11:31:25.288+0000] {processor.py:758} INFO - Processing file /opt/airflow/dags/tranvietcuong.py for tasks to queue
[2023-05-14T11:31:25.289+0000] {logging_mixin.py:117} INFO - [2023-05-14T11:31:25.289+0000] {dagbag.py:525} INFO - Filling up the DagBag from /opt/airflow/dags/tranvietcuong.py
[2023-05-14T11:31:25.335+0000] {processor.py:768} INFO - DAG(s) dict_keys(['job_1_tranvietcuong']) retrieved from /opt/airflow/dags/tranvietcuong.py
[2023-05-14T11:31:25.765+0000] {logging_mixin.py:117} INFO - [2023-05-14T11:31:25.765+0000] {dag.py:2573} INFO - Sync 1 DAGs
[2023-05-14T11:31:25.905+0000] {processor.py:178} INFO - Processing /opt/airflow/dags/tranvietcuong.py took 0.635 seconds
[2023-05-14T11:31:56.214+0000] {processor.py:156} INFO - Started process (PID=178) to work on /opt/airflow/dags/tranvietcuong.py
[2023-05-14T11:31:56.224+0000] {processor.py:758} INFO - Processing file /opt/airflow/dags/tranvietcuong.py for tasks to queue
[2023-05-14T11:31:56.226+0000] {logging_mixin.py:117} INFO - [2023-05-14T11:31:56.226+0000] {dagbag.py:525} INFO - Filling up the DagBag from /opt/airflow/dags/tranvietcuong.py
[2023-05-14T11:31:56.282+0000] {processor.py:768} INFO - DAG(s) dict_keys(['job_1_tranvietcuong']) retrieved from /opt/airflow/dags/tranvietcuong.py
[2023-05-14T11:31:56.756+0000] {logging_mixin.py:117} INFO - [2023-05-14T11:31:56.755+0000] {dag.py:2573} INFO - Sync 1 DAGs
[2023-05-14T11:31:56.938+0000] {processor.py:178} INFO - Processing /opt/airflow/dags/tranvietcuong.py took 0.736 seconds
[2023-05-14T11:32:27.242+0000] {processor.py:156} INFO - Started process (PID=210) to work on /opt/airflow/dags/tranvietcuong.py
[2023-05-14T11:32:27.253+0000] {processor.py:758} INFO - Processing file /opt/airflow/dags/tranvietcuong.py for tasks to queue
[2023-05-14T11:32:27.256+0000] {logging_mixin.py:117} INFO - [2023-05-14T11:32:27.255+0000] {dagbag.py:525} INFO - Filling up the DagBag from /opt/airflow/dags/tranvietcuong.py
[2023-05-14T11:32:27.354+0000] {processor.py:768} INFO - DAG(s) dict_keys(['job_1_tranvietcuong']) retrieved from /opt/airflow/dags/tranvietcuong.py
[2023-05-14T11:32:28.116+0000] {logging_mixin.py:117} INFO - [2023-05-14T11:32:28.115+0000] {dag.py:2573} INFO - Sync 1 DAGs
[2023-05-14T11:32:28.419+0000] {processor.py:178} INFO - Processing /opt/airflow/dags/tranvietcuong.py took 1.189 seconds
[2023-05-14T11:32:58.580+0000] {processor.py:156} INFO - Started process (PID=235) to work on /opt/airflow/dags/tranvietcuong.py
[2023-05-14T11:32:58.582+0000] {processor.py:758} INFO - Processing file /opt/airflow/dags/tranvietcuong.py for tasks to queue
[2023-05-14T11:32:58.584+0000] {logging_mixin.py:117} INFO - [2023-05-14T11:32:58.584+0000] {dagbag.py:525} INFO - Filling up the DagBag from /opt/airflow/dags/tranvietcuong.py
[2023-05-14T11:32:58.637+0000] {processor.py:768} INFO - DAG(s) dict_keys(['job_1_tranvietcuong']) retrieved from /opt/airflow/dags/tranvietcuong.py
[2023-05-14T11:32:59.075+0000] {logging_mixin.py:117} INFO - [2023-05-14T11:32:59.075+0000] {dag.py:2573} INFO - Sync 1 DAGs
[2023-05-14T11:32:59.201+0000] {processor.py:178} INFO - Processing /opt/airflow/dags/tranvietcuong.py took 0.631 seconds
[2023-05-14T11:33:29.758+0000] {processor.py:156} INFO - Started process (PID=259) to work on /opt/airflow/dags/tranvietcuong.py
[2023-05-14T11:33:29.761+0000] {processor.py:758} INFO - Processing file /opt/airflow/dags/tranvietcuong.py for tasks to queue
[2023-05-14T11:33:29.764+0000] {logging_mixin.py:117} INFO - [2023-05-14T11:33:29.763+0000] {dagbag.py:525} INFO - Filling up the DagBag from /opt/airflow/dags/tranvietcuong.py
[2023-05-14T11:33:29.846+0000] {processor.py:768} INFO - DAG(s) dict_keys(['job_1_tranvietcuong']) retrieved from /opt/airflow/dags/tranvietcuong.py
[2023-05-14T11:33:30.380+0000] {logging_mixin.py:117} INFO - [2023-05-14T11:33:30.380+0000] {dag.py:2573} INFO - Sync 1 DAGs
[2023-05-14T11:33:30.571+0000] {processor.py:178} INFO - Processing /opt/airflow/dags/tranvietcuong.py took 0.826 seconds
[2023-05-14T11:34:00.801+0000] {processor.py:156} INFO - Started process (PID=284) to work on /opt/airflow/dags/tranvietcuong.py
[2023-05-14T11:34:00.813+0000] {processor.py:758} INFO - Processing file /opt/airflow/dags/tranvietcuong.py for tasks to queue
[2023-05-14T11:34:00.819+0000] {logging_mixin.py:117} INFO - [2023-05-14T11:34:00.818+0000] {dagbag.py:525} INFO - Filling up the DagBag from /opt/airflow/dags/tranvietcuong.py
[2023-05-14T11:34:00.917+0000] {processor.py:768} INFO - DAG(s) dict_keys(['job_1_tranvietcuong']) retrieved from /opt/airflow/dags/tranvietcuong.py
[2023-05-14T11:34:01.514+0000] {logging_mixin.py:117} INFO - [2023-05-14T11:34:01.513+0000] {dag.py:2573} INFO - Sync 1 DAGs
[2023-05-14T11:34:01.680+0000] {processor.py:178} INFO - Processing /opt/airflow/dags/tranvietcuong.py took 0.895 seconds
[2023-05-14T11:34:31.903+0000] {processor.py:156} INFO - Started process (PID=316) to work on /opt/airflow/dags/tranvietcuong.py
[2023-05-14T11:34:31.914+0000] {processor.py:758} INFO - Processing file /opt/airflow/dags/tranvietcuong.py for tasks to queue
[2023-05-14T11:34:31.916+0000] {logging_mixin.py:117} INFO - [2023-05-14T11:34:31.915+0000] {dagbag.py:525} INFO - Filling up the DagBag from /opt/airflow/dags/tranvietcuong.py
[2023-05-14T11:34:31.970+0000] {processor.py:768} INFO - DAG(s) dict_keys(['job_1_tranvietcuong']) retrieved from /opt/airflow/dags/tranvietcuong.py
[2023-05-14T11:34:32.560+0000] {logging_mixin.py:117} INFO - [2023-05-14T11:34:32.560+0000] {dag.py:2573} INFO - Sync 1 DAGs
[2023-05-14T11:34:32.727+0000] {processor.py:178} INFO - Processing /opt/airflow/dags/tranvietcuong.py took 0.833 seconds
[2023-05-14T11:35:02.890+0000] {processor.py:156} INFO - Started process (PID=339) to work on /opt/airflow/dags/tranvietcuong.py
[2023-05-14T11:35:02.892+0000] {processor.py:758} INFO - Processing file /opt/airflow/dags/tranvietcuong.py for tasks to queue
[2023-05-14T11:35:02.894+0000] {logging_mixin.py:117} INFO - [2023-05-14T11:35:02.894+0000] {dagbag.py:525} INFO - Filling up the DagBag from /opt/airflow/dags/tranvietcuong.py
[2023-05-14T11:35:02.951+0000] {processor.py:768} INFO - DAG(s) dict_keys(['job_1_tranvietcuong']) retrieved from /opt/airflow/dags/tranvietcuong.py
[2023-05-14T11:35:03.482+0000] {logging_mixin.py:117} INFO - [2023-05-14T11:35:03.481+0000] {dag.py:2573} INFO - Sync 1 DAGs
[2023-05-14T11:35:03.716+0000] {processor.py:178} INFO - Processing /opt/airflow/dags/tranvietcuong.py took 0.837 seconds
[2023-05-14T11:35:34.623+0000] {processor.py:156} INFO - Started process (PID=362) to work on /opt/airflow/dags/tranvietcuong.py
[2023-05-14T11:35:34.633+0000] {processor.py:758} INFO - Processing file /opt/airflow/dags/tranvietcuong.py for tasks to queue
[2023-05-14T11:35:34.635+0000] {logging_mixin.py:117} INFO - [2023-05-14T11:35:34.635+0000] {dagbag.py:525} INFO - Filling up the DagBag from /opt/airflow/dags/tranvietcuong.py
[2023-05-14T11:35:34.696+0000] {processor.py:768} INFO - DAG(s) dict_keys(['job_1_tranvietcuong']) retrieved from /opt/airflow/dags/tranvietcuong.py
[2023-05-14T11:35:35.280+0000] {logging_mixin.py:117} INFO - [2023-05-14T11:35:35.280+0000] {dag.py:2573} INFO - Sync 1 DAGs
[2023-05-14T11:35:35.447+0000] {processor.py:178} INFO - Processing /opt/airflow/dags/tranvietcuong.py took 0.834 seconds
[2023-05-14T11:36:05.617+0000] {processor.py:156} INFO - Started process (PID=387) to work on /opt/airflow/dags/tranvietcuong.py
[2023-05-14T11:36:05.620+0000] {processor.py:758} INFO - Processing file /opt/airflow/dags/tranvietcuong.py for tasks to queue
[2023-05-14T11:36:05.623+0000] {logging_mixin.py:117} INFO - [2023-05-14T11:36:05.623+0000] {dagbag.py:525} INFO - Filling up the DagBag from /opt/airflow/dags/tranvietcuong.py
[2023-05-14T11:36:05.705+0000] {processor.py:768} INFO - DAG(s) dict_keys(['job_1_tranvietcuong']) retrieved from /opt/airflow/dags/tranvietcuong.py
[2023-05-14T11:36:06.172+0000] {logging_mixin.py:117} INFO - [2023-05-14T11:36:06.172+0000] {dag.py:2573} INFO - Sync 1 DAGs
[2023-05-14T11:36:06.365+0000] {processor.py:178} INFO - Processing /opt/airflow/dags/tranvietcuong.py took 0.762 seconds
[2023-05-14T11:36:36.819+0000] {processor.py:156} INFO - Started process (PID=418) to work on /opt/airflow/dags/tranvietcuong.py
[2023-05-14T11:36:36.823+0000] {processor.py:758} INFO - Processing file /opt/airflow/dags/tranvietcuong.py for tasks to queue
[2023-05-14T11:36:36.825+0000] {logging_mixin.py:117} INFO - [2023-05-14T11:36:36.825+0000] {dagbag.py:525} INFO - Filling up the DagBag from /opt/airflow/dags/tranvietcuong.py
[2023-05-14T11:36:36.890+0000] {processor.py:768} INFO - DAG(s) dict_keys(['job_1_tranvietcuong']) retrieved from /opt/airflow/dags/tranvietcuong.py
[2023-05-14T11:36:37.393+0000] {logging_mixin.py:117} INFO - [2023-05-14T11:36:37.392+0000] {dag.py:2573} INFO - Sync 1 DAGs
[2023-05-14T11:36:37.555+0000] {processor.py:178} INFO - Processing /opt/airflow/dags/tranvietcuong.py took 0.747 seconds
[2023-05-14T11:37:08.180+0000] {processor.py:156} INFO - Started process (PID=445) to work on /opt/airflow/dags/tranvietcuong.py
[2023-05-14T11:37:08.191+0000] {processor.py:758} INFO - Processing file /opt/airflow/dags/tranvietcuong.py for tasks to queue
[2023-05-14T11:37:08.193+0000] {logging_mixin.py:117} INFO - [2023-05-14T11:37:08.193+0000] {dagbag.py:525} INFO - Filling up the DagBag from /opt/airflow/dags/tranvietcuong.py
[2023-05-14T11:37:08.276+0000] {processor.py:768} INFO - DAG(s) dict_keys(['job_1_tranvietcuong']) retrieved from /opt/airflow/dags/tranvietcuong.py
[2023-05-14T11:37:08.971+0000] {logging_mixin.py:117} INFO - [2023-05-14T11:37:08.970+0000] {dag.py:2573} INFO - Sync 1 DAGs
[2023-05-14T11:37:09.181+0000] {processor.py:178} INFO - Processing /opt/airflow/dags/tranvietcuong.py took 1.017 seconds
[2023-05-14T11:37:40.013+0000] {processor.py:156} INFO - Started process (PID=468) to work on /opt/airflow/dags/tranvietcuong.py
[2023-05-14T11:37:40.023+0000] {processor.py:758} INFO - Processing file /opt/airflow/dags/tranvietcuong.py for tasks to queue
[2023-05-14T11:37:40.024+0000] {logging_mixin.py:117} INFO - [2023-05-14T11:37:40.024+0000] {dagbag.py:525} INFO - Filling up the DagBag from /opt/airflow/dags/tranvietcuong.py
[2023-05-14T11:37:40.076+0000] {processor.py:768} INFO - DAG(s) dict_keys(['job_1_tranvietcuong']) retrieved from /opt/airflow/dags/tranvietcuong.py
[2023-05-14T11:37:40.595+0000] {logging_mixin.py:117} INFO - [2023-05-14T11:37:40.594+0000] {dag.py:2573} INFO - Sync 1 DAGs
[2023-05-14T11:37:40.794+0000] {processor.py:178} INFO - Processing /opt/airflow/dags/tranvietcuong.py took 0.790 seconds
[2023-05-14T11:38:10.914+0000] {processor.py:156} INFO - Started process (PID=492) to work on /opt/airflow/dags/tranvietcuong.py
[2023-05-14T11:38:10.916+0000] {processor.py:758} INFO - Processing file /opt/airflow/dags/tranvietcuong.py for tasks to queue
[2023-05-14T11:38:10.918+0000] {logging_mixin.py:117} INFO - [2023-05-14T11:38:10.918+0000] {dagbag.py:525} INFO - Filling up the DagBag from /opt/airflow/dags/tranvietcuong.py
[2023-05-14T11:38:10.973+0000] {processor.py:768} INFO - DAG(s) dict_keys(['job_1_tranvietcuong']) retrieved from /opt/airflow/dags/tranvietcuong.py
[2023-05-14T11:38:11.358+0000] {logging_mixin.py:117} INFO - [2023-05-14T11:38:11.358+0000] {dag.py:2573} INFO - Sync 1 DAGs
[2023-05-14T11:38:11.515+0000] {processor.py:178} INFO - Processing /opt/airflow/dags/tranvietcuong.py took 0.611 seconds
[2023-05-14T11:38:41.715+0000] {processor.py:156} INFO - Started process (PID=522) to work on /opt/airflow/dags/tranvietcuong.py
[2023-05-14T11:38:41.725+0000] {processor.py:758} INFO - Processing file /opt/airflow/dags/tranvietcuong.py for tasks to queue
[2023-05-14T11:38:41.727+0000] {logging_mixin.py:117} INFO - [2023-05-14T11:38:41.727+0000] {dagbag.py:525} INFO - Filling up the DagBag from /opt/airflow/dags/tranvietcuong.py
[2023-05-14T11:38:41.781+0000] {processor.py:768} INFO - DAG(s) dict_keys(['job_1_tranvietcuong']) retrieved from /opt/airflow/dags/tranvietcuong.py
[2023-05-14T11:38:42.307+0000] {logging_mixin.py:117} INFO - [2023-05-14T11:38:42.306+0000] {dag.py:2573} INFO - Sync 1 DAGs
[2023-05-14T11:38:42.553+0000] {processor.py:178} INFO - Processing /opt/airflow/dags/tranvietcuong.py took 0.847 seconds
[2023-05-14T11:39:13.371+0000] {processor.py:156} INFO - Started process (PID=556) to work on /opt/airflow/dags/tranvietcuong.py
[2023-05-14T11:39:13.374+0000] {processor.py:758} INFO - Processing file /opt/airflow/dags/tranvietcuong.py for tasks to queue
[2023-05-14T11:39:13.384+0000] {logging_mixin.py:117} INFO - [2023-05-14T11:39:13.383+0000] {dagbag.py:525} INFO - Filling up the DagBag from /opt/airflow/dags/tranvietcuong.py
[2023-05-14T11:39:13.569+0000] {processor.py:768} INFO - DAG(s) dict_keys(['job_1_tranvietcuong']) retrieved from /opt/airflow/dags/tranvietcuong.py
[2023-05-14T11:39:14.111+0000] {logging_mixin.py:117} INFO - [2023-05-14T11:39:14.111+0000] {dag.py:2573} INFO - Sync 1 DAGs
[2023-05-14T11:39:14.282+0000] {processor.py:178} INFO - Processing /opt/airflow/dags/tranvietcuong.py took 0.926 seconds
[2023-05-14T11:39:44.512+0000] {processor.py:156} INFO - Started process (PID=580) to work on /opt/airflow/dags/tranvietcuong.py
[2023-05-14T11:39:44.514+0000] {processor.py:758} INFO - Processing file /opt/airflow/dags/tranvietcuong.py for tasks to queue
[2023-05-14T11:39:44.516+0000] {logging_mixin.py:117} INFO - [2023-05-14T11:39:44.516+0000] {dagbag.py:525} INFO - Filling up the DagBag from /opt/airflow/dags/tranvietcuong.py
[2023-05-14T11:39:44.606+0000] {processor.py:768} INFO - DAG(s) dict_keys(['job_1_tranvietcuong']) retrieved from /opt/airflow/dags/tranvietcuong.py
[2023-05-14T11:39:45.284+0000] {logging_mixin.py:117} INFO - [2023-05-14T11:39:45.284+0000] {dag.py:2573} INFO - Sync 1 DAGs
[2023-05-14T11:39:45.470+0000] {processor.py:178} INFO - Processing /opt/airflow/dags/tranvietcuong.py took 0.969 seconds
[2023-05-14T11:40:15.550+0000] {processor.py:156} INFO - Started process (PID=603) to work on /opt/airflow/dags/tranvietcuong.py
[2023-05-14T11:40:15.553+0000] {processor.py:758} INFO - Processing file /opt/airflow/dags/tranvietcuong.py for tasks to queue
[2023-05-14T11:40:15.554+0000] {logging_mixin.py:117} INFO - [2023-05-14T11:40:15.554+0000] {dagbag.py:525} INFO - Filling up the DagBag from /opt/airflow/dags/tranvietcuong.py
[2023-05-14T11:40:15.608+0000] {processor.py:768} INFO - DAG(s) dict_keys(['job_1_tranvietcuong']) retrieved from /opt/airflow/dags/tranvietcuong.py
[2023-05-14T11:40:16.051+0000] {logging_mixin.py:117} INFO - [2023-05-14T11:40:16.050+0000] {dag.py:2573} INFO - Sync 1 DAGs
[2023-05-14T11:40:16.214+0000] {processor.py:178} INFO - Processing /opt/airflow/dags/tranvietcuong.py took 0.672 seconds
[2023-05-14T11:40:46.696+0000] {processor.py:156} INFO - Started process (PID=628) to work on /opt/airflow/dags/tranvietcuong.py
[2023-05-14T11:40:46.706+0000] {processor.py:758} INFO - Processing file /opt/airflow/dags/tranvietcuong.py for tasks to queue
[2023-05-14T11:40:46.708+0000] {logging_mixin.py:117} INFO - [2023-05-14T11:40:46.708+0000] {dagbag.py:525} INFO - Filling up the DagBag from /opt/airflow/dags/tranvietcuong.py
[2023-05-14T11:40:46.761+0000] {processor.py:768} INFO - DAG(s) dict_keys(['job_1_tranvietcuong']) retrieved from /opt/airflow/dags/tranvietcuong.py
[2023-05-14T11:40:47.249+0000] {logging_mixin.py:117} INFO - [2023-05-14T11:40:47.249+0000] {dag.py:2573} INFO - Sync 1 DAGs
[2023-05-14T11:40:47.412+0000] {processor.py:178} INFO - Processing /opt/airflow/dags/tranvietcuong.py took 0.725 seconds
[2023-05-14T11:41:17.706+0000] {processor.py:156} INFO - Started process (PID=659) to work on /opt/airflow/dags/tranvietcuong.py
[2023-05-14T11:41:17.710+0000] {processor.py:758} INFO - Processing file /opt/airflow/dags/tranvietcuong.py for tasks to queue
[2023-05-14T11:41:17.714+0000] {logging_mixin.py:117} INFO - [2023-05-14T11:41:17.713+0000] {dagbag.py:525} INFO - Filling up the DagBag from /opt/airflow/dags/tranvietcuong.py
[2023-05-14T11:41:17.799+0000] {processor.py:768} INFO - DAG(s) dict_keys(['job_1_tranvietcuong']) retrieved from /opt/airflow/dags/tranvietcuong.py
[2023-05-14T11:41:18.372+0000] {logging_mixin.py:117} INFO - [2023-05-14T11:41:18.371+0000] {dag.py:2573} INFO - Sync 1 DAGs
[2023-05-14T11:41:18.561+0000] {processor.py:178} INFO - Processing /opt/airflow/dags/tranvietcuong.py took 0.871 seconds
[2023-05-14T11:41:49.425+0000] {processor.py:156} INFO - Started process (PID=682) to work on /opt/airflow/dags/tranvietcuong.py
[2023-05-14T11:41:49.435+0000] {processor.py:758} INFO - Processing file /opt/airflow/dags/tranvietcuong.py for tasks to queue
[2023-05-14T11:41:49.437+0000] {logging_mixin.py:117} INFO - [2023-05-14T11:41:49.437+0000] {dagbag.py:525} INFO - Filling up the DagBag from /opt/airflow/dags/tranvietcuong.py
[2023-05-14T11:41:49.497+0000] {processor.py:768} INFO - DAG(s) dict_keys(['job_1_tranvietcuong']) retrieved from /opt/airflow/dags/tranvietcuong.py
[2023-05-14T11:41:50.048+0000] {logging_mixin.py:117} INFO - [2023-05-14T11:41:50.047+0000] {dag.py:2573} INFO - Sync 1 DAGs
[2023-05-14T11:41:50.207+0000] {processor.py:178} INFO - Processing /opt/airflow/dags/tranvietcuong.py took 0.793 seconds
[2023-05-14T11:42:20.300+0000] {processor.py:156} INFO - Started process (PID=706) to work on /opt/airflow/dags/tranvietcuong.py
[2023-05-14T11:42:20.310+0000] {processor.py:758} INFO - Processing file /opt/airflow/dags/tranvietcuong.py for tasks to queue
[2023-05-14T11:42:20.312+0000] {logging_mixin.py:117} INFO - [2023-05-14T11:42:20.312+0000] {dagbag.py:525} INFO - Filling up the DagBag from /opt/airflow/dags/tranvietcuong.py
[2023-05-14T11:42:20.375+0000] {processor.py:768} INFO - DAG(s) dict_keys(['job_1_tranvietcuong']) retrieved from /opt/airflow/dags/tranvietcuong.py
[2023-05-14T11:42:20.953+0000] {logging_mixin.py:117} INFO - [2023-05-14T11:42:20.952+0000] {dag.py:2573} INFO - Sync 1 DAGs
[2023-05-14T11:42:21.197+0000] {processor.py:178} INFO - Processing /opt/airflow/dags/tranvietcuong.py took 0.908 seconds
[2023-05-14T13:51:10.782+0000] {processor.py:156} INFO - Started process (PID=37) to work on /opt/airflow/dags/tranvietcuong.py
[2023-05-14T13:51:10.791+0000] {processor.py:758} INFO - Processing file /opt/airflow/dags/tranvietcuong.py for tasks to queue
[2023-05-14T13:51:10.794+0000] {logging_mixin.py:117} INFO - [2023-05-14T13:51:10.793+0000] {dagbag.py:525} INFO - Filling up the DagBag from /opt/airflow/dags/tranvietcuong.py
[2023-05-14T13:51:10.897+0000] {processor.py:768} INFO - DAG(s) dict_keys(['job_1_tranvietcuong']) retrieved from /opt/airflow/dags/tranvietcuong.py
[2023-05-14T13:51:12.778+0000] {logging_mixin.py:117} INFO - [2023-05-14T13:51:12.777+0000] {dag.py:2573} INFO - Sync 1 DAGs
[2023-05-14T13:51:13.200+0000] {processor.py:178} INFO - Processing /opt/airflow/dags/tranvietcuong.py took 2.457 seconds
