[2023-05-15T08:38:46.036+0000] {warnings.py:110} WARNING - /usr/local/lib/python3.7/site-packages/***/models/taskinstance.py:871: SAWarning: TypeDecorator ExecutorConfigType() will not produce a cache key because the ``cache_ok`` attribute is not set to True.  This can have significant performance implications including some performance degradations in comparison to prior SQLAlchemy versions.  Set this attribute to True if this type object's state is safe to use in a cache key, or False to disable this warning. (Background on this error at: https://sqlalche.me/e/14/cprf)
  ti: TaskInstance | None = qry.with_for_update().one_or_none()

[2023-05-15T08:38:46.172+0000] {taskinstance.py:1165} INFO - Dependencies all met for <TaskInstance: job_1_tranvietcuong.file_sensor scheduled__2023-05-12T23:05:00+00:00 [queued]>
[2023-05-15T08:38:46.243+0000] {taskinstance.py:1165} INFO - Dependencies all met for <TaskInstance: job_1_tranvietcuong.file_sensor scheduled__2023-05-12T23:05:00+00:00 [queued]>
[2023-05-15T08:38:46.244+0000] {taskinstance.py:1362} INFO - 
--------------------------------------------------------------------------------
[2023-05-15T08:38:46.244+0000] {taskinstance.py:1363} INFO - Starting attempt 1 of 1
[2023-05-15T08:38:46.245+0000] {taskinstance.py:1364} INFO - 
--------------------------------------------------------------------------------
[2023-05-15T08:38:46.382+0000] {taskinstance.py:1383} INFO - Executing <Task(FileSensor): file_sensor> on 2023-05-12 23:05:00+00:00
[2023-05-15T08:38:46.403+0000] {standard_task_runner.py:54} INFO - Started process 2267 to run task
[2023-05-15T08:38:46.421+0000] {standard_task_runner.py:82} INFO - Running: ['***', 'tasks', 'run', 'job_1_tranvietcuong', 'file_sensor', 'scheduled__2023-05-12T23:05:00+00:00', '--job-id', '1239', '--raw', '--subdir', 'DAGS_FOLDER/tranvietcuong.py', '--cfg-path', '/tmp/tmp814ny0jy']
[2023-05-15T08:38:46.424+0000] {standard_task_runner.py:83} INFO - Job 1239: Subtask file_sensor
[2023-05-15T08:38:46.428+0000] {dagbag.py:525} INFO - Filling up the DagBag from /opt/***/dags/tranvietcuong.py
[2023-05-15T08:38:46.850+0000] {task_command.py:384} INFO - Running <TaskInstance: job_1_tranvietcuong.file_sensor scheduled__2023-05-12T23:05:00+00:00 [running]> on host 1158220c4572
[2023-05-15T08:38:46.865+0000] {warnings.py:110} WARNING - /usr/local/lib/python3.7/site-packages/***/models/taskinstance.py:873: SAWarning: TypeDecorator ExecutorConfigType() will not produce a cache key because the ``cache_ok`` attribute is not set to True.  This can have significant performance implications including some performance degradations in comparison to prior SQLAlchemy versions.  Set this attribute to True if this type object's state is safe to use in a cache key, or False to disable this warning. (Background on this error at: https://sqlalche.me/e/14/cprf)
  ti = qry.one_or_none()

[2023-05-15T08:38:47.277+0000] {taskinstance.py:1592} INFO - Exporting the following env vars:
AIRFLOW_CTX_DAG_EMAIL=user@example.com
AIRFLOW_CTX_DAG_OWNER=***
AIRFLOW_CTX_DAG_ID=job_1_tranvietcuong
AIRFLOW_CTX_TASK_ID=file_sensor
AIRFLOW_CTX_EXECUTION_DATE=2023-05-12T23:05:00+00:00
AIRFLOW_CTX_TRY_NUMBER=1
AIRFLOW_CTX_DAG_RUN_ID=scheduled__2023-05-12T23:05:00+00:00
[2023-05-15T08:38:47.377+0000] {base.py:71} INFO - Using connection ID 'fs_default' for task execution.
[2023-05-15T08:38:47.378+0000] {filesystem.py:58} INFO - Poking for file /opt/***/dags/tmp/*dejob*
[2023-05-15T08:38:47.408+0000] {warnings.py:110} WARNING - /usr/local/lib/python3.7/site-packages/***/models/taskinstance.py:873: SAWarning: TypeDecorator ExecutorConfigType() will not produce a cache key because the ``cache_ok`` attribute is not set to True.  This can have significant performance implications including some performance degradations in comparison to prior SQLAlchemy versions.  Set this attribute to True if this type object's state is safe to use in a cache key, or False to disable this warning. (Background on this error at: https://sqlalche.me/e/14/cprf)
  ti = qry.one_or_none()

[2023-05-15T08:38:47.510+0000] {taskinstance.py:1815} INFO - Rescheduling task, marking task as UP_FOR_RESCHEDULE
[2023-05-15T08:38:47.573+0000] {local_task_job.py:164} INFO - Task exited with return code 0
[2023-05-15T08:38:47.897+0000] {local_task_job.py:273} INFO - 0 downstream tasks scheduled from follow-on schedule check
[2023-05-15T08:38:59.047+0000] {warnings.py:110} WARNING - /usr/local/lib/python3.7/site-packages/***/models/taskinstance.py:871: SAWarning: TypeDecorator ExecutorConfigType() will not produce a cache key because the ``cache_ok`` attribute is not set to True.  This can have significant performance implications including some performance degradations in comparison to prior SQLAlchemy versions.  Set this attribute to True if this type object's state is safe to use in a cache key, or False to disable this warning. (Background on this error at: https://sqlalche.me/e/14/cprf)
  ti: TaskInstance | None = qry.with_for_update().one_or_none()

[2023-05-15T08:38:59.096+0000] {taskinstance.py:1165} INFO - Dependencies all met for <TaskInstance: job_1_tranvietcuong.file_sensor scheduled__2023-05-12T23:05:00+00:00 [queued]>
[2023-05-15T08:38:59.130+0000] {taskinstance.py:1165} INFO - Dependencies all met for <TaskInstance: job_1_tranvietcuong.file_sensor scheduled__2023-05-12T23:05:00+00:00 [queued]>
[2023-05-15T08:38:59.131+0000] {taskinstance.py:1362} INFO - 
--------------------------------------------------------------------------------
[2023-05-15T08:38:59.131+0000] {taskinstance.py:1363} INFO - Starting attempt 1 of 1
[2023-05-15T08:38:59.132+0000] {taskinstance.py:1364} INFO - 
--------------------------------------------------------------------------------
[2023-05-15T08:38:59.189+0000] {taskinstance.py:1383} INFO - Executing <Task(FileSensor): file_sensor> on 2023-05-12 23:05:00+00:00
[2023-05-15T08:38:59.202+0000] {standard_task_runner.py:54} INFO - Started process 2287 to run task
[2023-05-15T08:38:59.212+0000] {standard_task_runner.py:82} INFO - Running: ['***', 'tasks', 'run', 'job_1_tranvietcuong', 'file_sensor', 'scheduled__2023-05-12T23:05:00+00:00', '--job-id', '1247', '--raw', '--subdir', 'DAGS_FOLDER/tranvietcuong.py', '--cfg-path', '/tmp/tmpw709k6lx']
[2023-05-15T08:38:59.214+0000] {standard_task_runner.py:83} INFO - Job 1247: Subtask file_sensor
[2023-05-15T08:38:59.216+0000] {dagbag.py:525} INFO - Filling up the DagBag from /opt/***/dags/tranvietcuong.py
[2023-05-15T08:38:59.507+0000] {task_command.py:384} INFO - Running <TaskInstance: job_1_tranvietcuong.file_sensor scheduled__2023-05-12T23:05:00+00:00 [running]> on host 1158220c4572
[2023-05-15T08:38:59.517+0000] {warnings.py:110} WARNING - /usr/local/lib/python3.7/site-packages/***/models/taskinstance.py:873: SAWarning: TypeDecorator ExecutorConfigType() will not produce a cache key because the ``cache_ok`` attribute is not set to True.  This can have significant performance implications including some performance degradations in comparison to prior SQLAlchemy versions.  Set this attribute to True if this type object's state is safe to use in a cache key, or False to disable this warning. (Background on this error at: https://sqlalche.me/e/14/cprf)
  ti = qry.one_or_none()

[2023-05-15T08:38:59.904+0000] {taskinstance.py:1592} INFO - Exporting the following env vars:
AIRFLOW_CTX_DAG_EMAIL=user@example.com
AIRFLOW_CTX_DAG_OWNER=***
AIRFLOW_CTX_DAG_ID=job_1_tranvietcuong
AIRFLOW_CTX_TASK_ID=file_sensor
AIRFLOW_CTX_EXECUTION_DATE=2023-05-12T23:05:00+00:00
AIRFLOW_CTX_TRY_NUMBER=1
AIRFLOW_CTX_DAG_RUN_ID=scheduled__2023-05-12T23:05:00+00:00
[2023-05-15T08:38:59.975+0000] {base.py:71} INFO - Using connection ID 'fs_default' for task execution.
[2023-05-15T08:38:59.977+0000] {filesystem.py:58} INFO - Poking for file /opt/***/dags/tmp/*dejob*
[2023-05-15T08:38:59.998+0000] {warnings.py:110} WARNING - /usr/local/lib/python3.7/site-packages/***/models/taskinstance.py:873: SAWarning: TypeDecorator ExecutorConfigType() will not produce a cache key because the ``cache_ok`` attribute is not set to True.  This can have significant performance implications including some performance degradations in comparison to prior SQLAlchemy versions.  Set this attribute to True if this type object's state is safe to use in a cache key, or False to disable this warning. (Background on this error at: https://sqlalche.me/e/14/cprf)
  ti = qry.one_or_none()

[2023-05-15T08:39:00.095+0000] {taskinstance.py:1815} INFO - Rescheduling task, marking task as UP_FOR_RESCHEDULE
[2023-05-15T08:39:00.149+0000] {local_task_job.py:164} INFO - Task exited with return code 0
[2023-05-15T08:39:00.525+0000] {local_task_job.py:273} INFO - 0 downstream tasks scheduled from follow-on schedule check
[2023-05-15T08:39:11.915+0000] {warnings.py:110} WARNING - /usr/local/lib/python3.7/site-packages/***/models/taskinstance.py:871: SAWarning: TypeDecorator ExecutorConfigType() will not produce a cache key because the ``cache_ok`` attribute is not set to True.  This can have significant performance implications including some performance degradations in comparison to prior SQLAlchemy versions.  Set this attribute to True if this type object's state is safe to use in a cache key, or False to disable this warning. (Background on this error at: https://sqlalche.me/e/14/cprf)
  ti: TaskInstance | None = qry.with_for_update().one_or_none()

[2023-05-15T08:39:11.965+0000] {taskinstance.py:1165} INFO - Dependencies all met for <TaskInstance: job_1_tranvietcuong.file_sensor scheduled__2023-05-12T23:05:00+00:00 [queued]>
[2023-05-15T08:39:11.998+0000] {taskinstance.py:1165} INFO - Dependencies all met for <TaskInstance: job_1_tranvietcuong.file_sensor scheduled__2023-05-12T23:05:00+00:00 [queued]>
[2023-05-15T08:39:11.999+0000] {taskinstance.py:1362} INFO - 
--------------------------------------------------------------------------------
[2023-05-15T08:39:11.999+0000] {taskinstance.py:1363} INFO - Starting attempt 1 of 1
[2023-05-15T08:39:12.000+0000] {taskinstance.py:1364} INFO - 
--------------------------------------------------------------------------------
[2023-05-15T08:39:12.046+0000] {taskinstance.py:1383} INFO - Executing <Task(FileSensor): file_sensor> on 2023-05-12 23:05:00+00:00
[2023-05-15T08:39:12.063+0000] {standard_task_runner.py:54} INFO - Started process 2317 to run task
[2023-05-15T08:39:12.074+0000] {standard_task_runner.py:82} INFO - Running: ['***', 'tasks', 'run', 'job_1_tranvietcuong', 'file_sensor', 'scheduled__2023-05-12T23:05:00+00:00', '--job-id', '1261', '--raw', '--subdir', 'DAGS_FOLDER/tranvietcuong.py', '--cfg-path', '/tmp/tmpgqnwiuvz']
[2023-05-15T08:39:12.076+0000] {standard_task_runner.py:83} INFO - Job 1261: Subtask file_sensor
[2023-05-15T08:39:12.078+0000] {dagbag.py:525} INFO - Filling up the DagBag from /opt/***/dags/tranvietcuong.py
[2023-05-15T08:39:12.392+0000] {task_command.py:384} INFO - Running <TaskInstance: job_1_tranvietcuong.file_sensor scheduled__2023-05-12T23:05:00+00:00 [running]> on host 1158220c4572
[2023-05-15T08:39:12.412+0000] {warnings.py:110} WARNING - /usr/local/lib/python3.7/site-packages/***/models/taskinstance.py:873: SAWarning: TypeDecorator ExecutorConfigType() will not produce a cache key because the ``cache_ok`` attribute is not set to True.  This can have significant performance implications including some performance degradations in comparison to prior SQLAlchemy versions.  Set this attribute to True if this type object's state is safe to use in a cache key, or False to disable this warning. (Background on this error at: https://sqlalche.me/e/14/cprf)
  ti = qry.one_or_none()

[2023-05-15T08:39:13.217+0000] {taskinstance.py:1592} INFO - Exporting the following env vars:
AIRFLOW_CTX_DAG_EMAIL=user@example.com
AIRFLOW_CTX_DAG_OWNER=***
AIRFLOW_CTX_DAG_ID=job_1_tranvietcuong
AIRFLOW_CTX_TASK_ID=file_sensor
AIRFLOW_CTX_EXECUTION_DATE=2023-05-12T23:05:00+00:00
AIRFLOW_CTX_TRY_NUMBER=1
AIRFLOW_CTX_DAG_RUN_ID=scheduled__2023-05-12T23:05:00+00:00
[2023-05-15T08:39:13.329+0000] {base.py:71} INFO - Using connection ID 'fs_default' for task execution.
[2023-05-15T08:39:13.331+0000] {filesystem.py:58} INFO - Poking for file /opt/***/dags/tmp/*dejob*
[2023-05-15T08:39:13.335+0000] {taskinstance.py:1481} INFO - Snap. Time is OUT. DAG id: job_1_tranvietcuong
[2023-05-15T08:39:13.359+0000] {warnings.py:110} WARNING - /usr/local/lib/python3.7/site-packages/***/models/taskinstance.py:871: SAWarning: TypeDecorator ExecutorConfigType() will not produce a cache key because the ``cache_ok`` attribute is not set to True.  This can have significant performance implications including some performance degradations in comparison to prior SQLAlchemy versions.  Set this attribute to True if this type object's state is safe to use in a cache key, or False to disable this warning. (Background on this error at: https://sqlalche.me/e/14/cprf)
  ti: TaskInstance | None = qry.with_for_update().one_or_none()

[2023-05-15T08:39:13.391+0000] {taskinstance.py:1406} INFO - Marking task as SKIPPED. dag_id=job_1_tranvietcuong, task_id=file_sensor, execution_date=20230512T230500, start_date=20230515T083911, end_date=20230515T083913
[2023-05-15T08:39:13.500+0000] {local_task_job.py:164} INFO - Task exited with return code 0
[2023-05-15T08:39:14.049+0000] {local_task_job.py:273} INFO - 0 downstream tasks scheduled from follow-on schedule check
