[2023-05-18T09:07:49.068+0000] {warnings.py:110} WARNING - /usr/local/lib/python3.7/site-packages/***/models/taskinstance.py:871: SAWarning: TypeDecorator ExecutorConfigType() will not produce a cache key because the ``cache_ok`` attribute is not set to True.  This can have significant performance implications including some performance degradations in comparison to prior SQLAlchemy versions.  Set this attribute to True if this type object's state is safe to use in a cache key, or False to disable this warning. (Background on this error at: https://sqlalche.me/e/14/cprf)
  ti: TaskInstance | None = qry.with_for_update().one_or_none()

[2023-05-18T09:07:49.138+0000] {taskinstance.py:1165} INFO - Dependencies all met for <TaskInstance: read_cosmosdb_to_dataframe.read_cosmosdb manual__2023-05-18T09:07:46.342574+00:00 [queued]>
[2023-05-18T09:07:49.172+0000] {taskinstance.py:1165} INFO - Dependencies all met for <TaskInstance: read_cosmosdb_to_dataframe.read_cosmosdb manual__2023-05-18T09:07:46.342574+00:00 [queued]>
[2023-05-18T09:07:49.172+0000] {taskinstance.py:1362} INFO - 
--------------------------------------------------------------------------------
[2023-05-18T09:07:49.173+0000] {taskinstance.py:1363} INFO - Starting attempt 1 of 1
[2023-05-18T09:07:49.173+0000] {taskinstance.py:1364} INFO - 
--------------------------------------------------------------------------------
[2023-05-18T09:07:49.231+0000] {taskinstance.py:1383} INFO - Executing <Task(PythonOperator): read_cosmosdb> on 2023-05-18 09:07:46.342574+00:00
[2023-05-18T09:07:49.244+0000] {standard_task_runner.py:54} INFO - Started process 654 to run task
[2023-05-18T09:07:49.255+0000] {standard_task_runner.py:82} INFO - Running: ['***', 'tasks', 'run', 'read_cosmosdb_to_dataframe', 'read_cosmosdb', 'manual__2023-05-18T09:07:46.342574+00:00', '--job-id', '3967', '--raw', '--subdir', 'DAGS_FOLDER/azure_cosmos.py', '--cfg-path', '/tmp/tmpqkkotiov']
[2023-05-18T09:07:49.257+0000] {standard_task_runner.py:83} INFO - Job 3967: Subtask read_cosmosdb
[2023-05-18T09:07:49.260+0000] {dagbag.py:525} INFO - Filling up the DagBag from /opt/***/dags/azure_cosmos.py
[2023-05-18T09:07:50.765+0000] {task_command.py:384} INFO - Running <TaskInstance: read_cosmosdb_to_dataframe.read_cosmosdb manual__2023-05-18T09:07:46.342574+00:00 [running]> on host 52f64dcd5110
[2023-05-18T09:07:50.775+0000] {warnings.py:110} WARNING - /usr/local/lib/python3.7/site-packages/***/models/taskinstance.py:873: SAWarning: TypeDecorator ExecutorConfigType() will not produce a cache key because the ``cache_ok`` attribute is not set to True.  This can have significant performance implications including some performance degradations in comparison to prior SQLAlchemy versions.  Set this attribute to True if this type object's state is safe to use in a cache key, or False to disable this warning. (Background on this error at: https://sqlalche.me/e/14/cprf)
  ti = qry.one_or_none()

[2023-05-18T09:07:51.295+0000] {taskinstance.py:1592} INFO - Exporting the following env vars:
AIRFLOW_CTX_DAG_OWNER=***
AIRFLOW_CTX_DAG_ID=read_cosmosdb_to_dataframe
AIRFLOW_CTX_TASK_ID=read_cosmosdb
AIRFLOW_CTX_EXECUTION_DATE=2023-05-18T09:07:46.342574+00:00
AIRFLOW_CTX_TRY_NUMBER=1
AIRFLOW_CTX_DAG_RUN_ID=manual__2023-05-18T09:07:46.342574+00:00
[2023-05-18T09:07:51.307+0000] {_universal.py:513} INFO - Request URL: 'https://tranvietcuonghust.documents.azure.com:443/'
Request method: 'GET'
Request headers:
    'Cache-Control': 'no-cache'
    'x-ms-version': 'REDACTED'
    'x-ms-documentdb-query-iscontinuationexpected': 'REDACTED'
    'x-ms-date': 'REDACTED'
    'authorization': 'REDACTED'
    'Accept': 'application/json'
    'Content-Length': '0'
    'User-Agent': 'CosmosDBPythonQuickstart'
No body was attached to the request
[2023-05-18T09:07:51.853+0000] {_universal.py:549} INFO - Response status: 200
Response headers:
    'Cache-Control': 'no-store, no-cache'
    'Pragma': 'no-cache'
    'Transfer-Encoding': 'chunked'
    'Content-Type': 'application/json'
    'Content-Location': 'REDACTED'
    'Server': 'Microsoft-HTTPAPI/2.0'
    'x-ms-max-media-storage-usage-mb': 'REDACTED'
    'x-ms-media-storage-usage-mb': 'REDACTED'
    'x-ms-databaseaccount-consumed-mb': 'REDACTED'
    'x-ms-databaseaccount-reserved-mb': 'REDACTED'
    'x-ms-databaseaccount-provisioned-mb': 'REDACTED'
    'Strict-Transport-Security': 'REDACTED'
    'x-ms-gatewayversion': 'REDACTED'
    'Date': 'Thu, 18 May 2023 09:07:51 GMT'
[2023-05-18T09:07:51.856+0000] {taskinstance.py:1851} ERROR - Task failed with exception
Traceback (most recent call last):
  File "/usr/local/lib/python3.7/site-packages/airflow/operators/python.py", line 175, in execute
    return_value = self.execute_callable()
  File "/usr/local/lib/python3.7/site-packages/airflow/operators/python.py", line 193, in execute_callable
    return self.python_callable(*self.op_args, **self.op_kwargs)
  File "/opt/airflow/dags/azure_cosmos.py", line 11, in read_cosmosdb_to_dataframe
    container = database.get_container_client(container_id)
NameError: name 'container_id' is not defined
[2023-05-18T09:07:51.909+0000] {taskinstance.py:1406} INFO - Marking task as FAILED. dag_id=read_cosmosdb_to_dataframe, task_id=read_cosmosdb, execution_date=20230518T090746, start_date=20230518T090749, end_date=20230518T090751
[2023-05-18T09:07:51.950+0000] {standard_task_runner.py:107} ERROR - Failed to execute job 3967 for task read_cosmosdb (name 'container_id' is not defined; 654)
[2023-05-18T09:07:51.999+0000] {local_task_job.py:164} INFO - Task exited with return code 1
[2023-05-18T09:07:52.097+0000] {local_task_job.py:273} INFO - 0 downstream tasks scheduled from follow-on schedule check
