[2023-05-15T08:21:46.672+0000] {warnings.py:110} WARNING - /usr/local/lib/python3.7/site-packages/***/models/taskinstance.py:871: SAWarning: TypeDecorator ExecutorConfigType() will not produce a cache key because the ``cache_ok`` attribute is not set to True.  This can have significant performance implications including some performance degradations in comparison to prior SQLAlchemy versions.  Set this attribute to True if this type object's state is safe to use in a cache key, or False to disable this warning. (Background on this error at: https://sqlalche.me/e/14/cprf)
  ti: TaskInstance | None = qry.with_for_update().one_or_none()

[2023-05-15T08:21:47.380+0000] {taskinstance.py:1165} INFO - Dependencies all met for <TaskInstance: job_1_tranvietcuong.end_task scheduled__2023-05-11T21:25:00+00:00 [queued]>
[2023-05-15T08:21:47.660+0000] {taskinstance.py:1165} INFO - Dependencies all met for <TaskInstance: job_1_tranvietcuong.end_task scheduled__2023-05-11T21:25:00+00:00 [queued]>
[2023-05-15T08:21:47.661+0000] {taskinstance.py:1362} INFO - 
--------------------------------------------------------------------------------
[2023-05-15T08:21:47.662+0000] {taskinstance.py:1363} INFO - Starting attempt 1 of 2
[2023-05-15T08:21:47.662+0000] {taskinstance.py:1364} INFO - 
--------------------------------------------------------------------------------
[2023-05-15T08:21:48.210+0000] {taskinstance.py:1383} INFO - Executing <Task(PythonOperator): end_task> on 2023-05-11 21:25:00+00:00
[2023-05-15T08:21:48.270+0000] {standard_task_runner.py:54} INFO - Started process 91 to run task
[2023-05-15T08:21:48.426+0000] {standard_task_runner.py:82} INFO - Running: ['***', 'tasks', 'run', 'job_1_tranvietcuong', 'end_task', 'scheduled__2023-05-11T21:25:00+00:00', '--job-id', '427', '--raw', '--subdir', 'DAGS_FOLDER/tranvietcuong.py', '--cfg-path', '/tmp/tmplxkyvw2u']
[2023-05-15T08:21:48.457+0000] {standard_task_runner.py:83} INFO - Job 427: Subtask end_task
[2023-05-15T08:21:48.472+0000] {dagbag.py:525} INFO - Filling up the DagBag from /opt/***/dags/tranvietcuong.py
[2023-05-15T08:21:50.697+0000] {task_command.py:384} INFO - Running <TaskInstance: job_1_tranvietcuong.end_task scheduled__2023-05-11T21:25:00+00:00 [running]> on host 1158220c4572
[2023-05-15T08:21:50.745+0000] {warnings.py:110} WARNING - /usr/local/lib/python3.7/site-packages/***/models/taskinstance.py:873: SAWarning: TypeDecorator ExecutorConfigType() will not produce a cache key because the ``cache_ok`` attribute is not set to True.  This can have significant performance implications including some performance degradations in comparison to prior SQLAlchemy versions.  Set this attribute to True if this type object's state is safe to use in a cache key, or False to disable this warning. (Background on this error at: https://sqlalche.me/e/14/cprf)
  ti = qry.one_or_none()

[2023-05-15T08:21:52.243+0000] {taskinstance.py:1592} INFO - Exporting the following env vars:
AIRFLOW_CTX_DAG_OWNER=***
AIRFLOW_CTX_DAG_ID=job_1_tranvietcuong
AIRFLOW_CTX_TASK_ID=end_task
AIRFLOW_CTX_EXECUTION_DATE=2023-05-11T21:25:00+00:00
AIRFLOW_CTX_TRY_NUMBER=1
AIRFLOW_CTX_DAG_RUN_ID=scheduled__2023-05-11T21:25:00+00:00
[2023-05-15T08:21:52.251+0000] {logging_mixin.py:117} INFO - timeout
[2023-05-15T08:21:52.289+0000] {warnings.py:110} WARNING - /usr/local/lib/python3.7/site-packages/***/models/taskinstance.py:871: SAWarning: TypeDecorator ExecutorConfigType() will not produce a cache key because the ``cache_ok`` attribute is not set to True.  This can have significant performance implications including some performance degradations in comparison to prior SQLAlchemy versions.  Set this attribute to True if this type object's state is safe to use in a cache key, or False to disable this warning. (Background on this error at: https://sqlalche.me/e/14/cprf)
  ti: TaskInstance | None = qry.with_for_update().one_or_none()

[2023-05-15T08:21:52.331+0000] {taskinstance.py:1851} ERROR - Task failed with exception
Traceback (most recent call last):
  File "/usr/local/lib/python3.7/site-packages/airflow/operators/python.py", line 175, in execute
    return_value = self.execute_callable()
  File "/usr/local/lib/python3.7/site-packages/airflow/operators/python.py", line 193, in execute_callable
    return self.python_callable(*self.op_args, **self.op_kwargs)
  File "/opt/airflow/dags/tranvietcuong.py", line 64, in timeout_callback
    raise AirflowException('Sensor timed out')
airflow.exceptions.AirflowException: Sensor timed out
[2023-05-15T08:21:52.345+0000] {warnings.py:110} WARNING - /usr/local/lib/python3.7/site-packages/***/models/taskinstance.py:873: SAWarning: TypeDecorator ExecutorConfigType() will not produce a cache key because the ``cache_ok`` attribute is not set to True.  This can have significant performance implications including some performance degradations in comparison to prior SQLAlchemy versions.  Set this attribute to True if this type object's state is safe to use in a cache key, or False to disable this warning. (Background on this error at: https://sqlalche.me/e/14/cprf)
  ti = qry.one_or_none()

[2023-05-15T08:21:52.370+0000] {taskinstance.py:1406} INFO - Marking task as UP_FOR_RETRY. dag_id=job_1_tranvietcuong, task_id=end_task, execution_date=20230511T212500, start_date=20230515T082147, end_date=20230515T082152
[2023-05-15T08:21:52.446+0000] {standard_task_runner.py:107} ERROR - Failed to execute job 427 for task end_task (Sensor timed out; 91)
[2023-05-15T08:21:52.512+0000] {local_task_job.py:164} INFO - Task exited with return code 1
[2023-05-15T08:21:52.780+0000] {local_task_job.py:273} INFO - 0 downstream tasks scheduled from follow-on schedule check
