[2023-05-29T07:30:45.569+0000] {warnings.py:110} WARNING - /usr/local/lib/python3.7/site-packages/***/models/taskinstance.py:871: SAWarning: TypeDecorator ExecutorConfigType() will not produce a cache key because the ``cache_ok`` attribute is not set to True.  This can have significant performance implications including some performance degradations in comparison to prior SQLAlchemy versions.  Set this attribute to True if this type object's state is safe to use in a cache key, or False to disable this warning. (Background on this error at: https://sqlalche.me/e/14/cprf)
  ti: TaskInstance | None = qry.with_for_update().one_or_none()

[2023-05-29T07:30:45.634+0000] {taskinstance.py:1165} INFO - Dependencies all met for <TaskInstance: trungtran_process_data_1.trungtran_clean_data_11 manual__2023-05-29T07:30:42.343798+00:00 [queued]>
[2023-05-29T07:30:45.688+0000] {taskinstance.py:1165} INFO - Dependencies all met for <TaskInstance: trungtran_process_data_1.trungtran_clean_data_11 manual__2023-05-29T07:30:42.343798+00:00 [queued]>
[2023-05-29T07:30:45.689+0000] {taskinstance.py:1362} INFO - 
--------------------------------------------------------------------------------
[2023-05-29T07:30:45.690+0000] {taskinstance.py:1363} INFO - Starting attempt 1 of 2
[2023-05-29T07:30:45.690+0000] {taskinstance.py:1364} INFO - 
--------------------------------------------------------------------------------
[2023-05-29T07:30:45.776+0000] {taskinstance.py:1383} INFO - Executing <Task(SparkSubmitOperator): trungtran_clean_data_11> on 2023-05-29 07:30:42.343798+00:00
[2023-05-29T07:30:45.792+0000] {standard_task_runner.py:54} INFO - Started process 514 to run task
[2023-05-29T07:30:45.804+0000] {standard_task_runner.py:82} INFO - Running: ['***', 'tasks', 'run', 'trungtran_process_data_1', 'trungtran_clean_data_11', 'manual__2023-05-29T07:30:42.343798+00:00', '--job-id', '4513', '--raw', '--subdir', 'DAGS_FOLDER/trungtran_process.py', '--cfg-path', '/tmp/tmpi6wtrt6x']
[2023-05-29T07:30:45.807+0000] {standard_task_runner.py:83} INFO - Job 4513: Subtask trungtran_clean_data_11
[2023-05-29T07:30:45.810+0000] {dagbag.py:525} INFO - Filling up the DagBag from /opt/***/dags/trungtran_process.py
[2023-05-29T07:30:46.184+0000] {task_command.py:384} INFO - Running <TaskInstance: trungtran_process_data_1.trungtran_clean_data_11 manual__2023-05-29T07:30:42.343798+00:00 [running]> on host d68e775f4ed7
[2023-05-29T07:30:46.193+0000] {warnings.py:110} WARNING - /usr/local/lib/python3.7/site-packages/***/models/taskinstance.py:873: SAWarning: TypeDecorator ExecutorConfigType() will not produce a cache key because the ``cache_ok`` attribute is not set to True.  This can have significant performance implications including some performance degradations in comparison to prior SQLAlchemy versions.  Set this attribute to True if this type object's state is safe to use in a cache key, or False to disable this warning. (Background on this error at: https://sqlalche.me/e/14/cprf)
  ti = qry.one_or_none()

[2023-05-29T07:30:46.589+0000] {taskinstance.py:1592} INFO - Exporting the following env vars:
AIRFLOW_CTX_DAG_EMAIL=pioneer22022001@gmail.com
AIRFLOW_CTX_DAG_OWNER=***
AIRFLOW_CTX_DAG_ID=trungtran_process_data_1
AIRFLOW_CTX_TASK_ID=trungtran_clean_data_11
AIRFLOW_CTX_EXECUTION_DATE=2023-05-29T07:30:42.343798+00:00
AIRFLOW_CTX_TRY_NUMBER=1
AIRFLOW_CTX_DAG_RUN_ID=manual__2023-05-29T07:30:42.343798+00:00
[2023-05-29T07:30:46.677+0000] {base.py:71} INFO - Using connection ID 'other_spark_local' for task execution.
[2023-05-29T07:30:46.680+0000] {spark_submit.py:339} INFO - Spark-Submit cmd: spark-submit --master spark://spark-master:7077 --conf spark.master=spark://spark-master:7077 --name trungtran_clean_data --verbose /opt/spark/app/process_trungtran.py
[2023-05-29T07:30:46.734+0000] {spark_submit.py:490} INFO - /opt/spark/bin/load-spark-env.sh: line 68: ps: command not found
[2023-05-29T07:30:50.939+0000] {warnings.py:110} WARNING - /usr/local/lib/python3.7/site-packages/***/models/taskinstance.py:873: SAWarning: TypeDecorator ExecutorConfigType() will not produce a cache key because the ``cache_ok`` attribute is not set to True.  This can have significant performance implications including some performance degradations in comparison to prior SQLAlchemy versions.  Set this attribute to True if this type object's state is safe to use in a cache key, or False to disable this warning. (Background on this error at: https://sqlalche.me/e/14/cprf)
  ti = qry.one_or_none()

[2023-05-29T07:30:51.525+0000] {spark_submit.py:490} INFO - Using properties file: null
[2023-05-29T07:30:52.171+0000] {spark_submit.py:490} INFO - Parsed arguments:
[2023-05-29T07:30:52.172+0000] {spark_submit.py:490} INFO - master                  spark://spark-master:7077
[2023-05-29T07:30:52.173+0000] {spark_submit.py:490} INFO - deployMode              null
[2023-05-29T07:30:52.173+0000] {spark_submit.py:490} INFO - executorMemory          null
[2023-05-29T07:30:52.174+0000] {spark_submit.py:490} INFO - executorCores           null
[2023-05-29T07:30:52.175+0000] {spark_submit.py:490} INFO - totalExecutorCores      null
[2023-05-29T07:30:52.175+0000] {spark_submit.py:490} INFO - propertiesFile          null
[2023-05-29T07:30:52.176+0000] {spark_submit.py:490} INFO - driverMemory            null
[2023-05-29T07:30:52.176+0000] {spark_submit.py:490} INFO - driverCores             null
[2023-05-29T07:30:52.176+0000] {spark_submit.py:490} INFO - driverExtraClassPath    null
[2023-05-29T07:30:52.177+0000] {spark_submit.py:490} INFO - driverExtraLibraryPath  null
[2023-05-29T07:30:52.177+0000] {spark_submit.py:490} INFO - driverExtraJavaOptions  null
[2023-05-29T07:30:52.178+0000] {spark_submit.py:490} INFO - supervise               false
[2023-05-29T07:30:52.178+0000] {spark_submit.py:490} INFO - queue                   null
[2023-05-29T07:30:52.179+0000] {spark_submit.py:490} INFO - numExecutors            null
[2023-05-29T07:30:52.179+0000] {spark_submit.py:490} INFO - files                   null
[2023-05-29T07:30:52.180+0000] {spark_submit.py:490} INFO - pyFiles                 null
[2023-05-29T07:30:52.180+0000] {spark_submit.py:490} INFO - archives                null
[2023-05-29T07:30:52.181+0000] {spark_submit.py:490} INFO - mainClass               null
[2023-05-29T07:30:52.182+0000] {spark_submit.py:490} INFO - primaryResource         file:/opt/spark/app/process_trungtran.py
[2023-05-29T07:30:52.183+0000] {spark_submit.py:490} INFO - name                    trungtran_clean_data
[2023-05-29T07:30:52.183+0000] {spark_submit.py:490} INFO - childArgs               []
[2023-05-29T07:30:52.184+0000] {spark_submit.py:490} INFO - jars                    null
[2023-05-29T07:30:52.185+0000] {spark_submit.py:490} INFO - packages                null
[2023-05-29T07:30:52.186+0000] {spark_submit.py:490} INFO - packagesExclusions      null
[2023-05-29T07:30:52.186+0000] {spark_submit.py:490} INFO - repositories            null
[2023-05-29T07:30:52.186+0000] {spark_submit.py:490} INFO - verbose                 true
[2023-05-29T07:30:52.187+0000] {spark_submit.py:490} INFO - 
[2023-05-29T07:30:52.187+0000] {spark_submit.py:490} INFO - Spark properties used, including those specified through
[2023-05-29T07:30:52.188+0000] {spark_submit.py:490} INFO - --conf and those from the properties file null:
[2023-05-29T07:30:52.188+0000] {spark_submit.py:490} INFO - (spark.master,spark://spark-master:7077)
[2023-05-29T07:30:52.188+0000] {spark_submit.py:490} INFO - 
[2023-05-29T07:30:52.189+0000] {spark_submit.py:490} INFO - 
[2023-05-29T07:30:53.210+0000] {spark_submit.py:490} INFO - Main class:
[2023-05-29T07:30:53.210+0000] {spark_submit.py:490} INFO - org.apache.spark.deploy.PythonRunner
[2023-05-29T07:30:53.211+0000] {spark_submit.py:490} INFO - Arguments:
[2023-05-29T07:30:53.212+0000] {spark_submit.py:490} INFO - file:/opt/spark/app/process_trungtran.py
[2023-05-29T07:30:53.212+0000] {spark_submit.py:490} INFO - null
[2023-05-29T07:30:53.218+0000] {spark_submit.py:490} INFO - Spark config:
[2023-05-29T07:30:53.219+0000] {spark_submit.py:490} INFO - (spark.app.name,trungtran_clean_data)
[2023-05-29T07:30:53.219+0000] {spark_submit.py:490} INFO - (spark.master,spark://spark-master:7077)
[2023-05-29T07:30:53.220+0000] {spark_submit.py:490} INFO - (spark.submit.pyFiles,)
[2023-05-29T07:30:53.220+0000] {spark_submit.py:490} INFO - (spark.submit.deployMode,client)
[2023-05-29T07:30:53.221+0000] {spark_submit.py:490} INFO - Classpath elements:
[2023-05-29T07:30:53.221+0000] {spark_submit.py:490} INFO - 
[2023-05-29T07:30:53.222+0000] {spark_submit.py:490} INFO - 
[2023-05-29T07:30:53.223+0000] {spark_submit.py:490} INFO - 
[2023-05-29T07:30:55.962+0000] {spark_submit.py:490} INFO - Using Spark's default log4j profile: org/apache/spark/log4j-defaults.properties
[2023-05-29T07:30:56.001+0000] {spark_submit.py:490} INFO - 23/05/29 07:30:55 INFO SparkContext: Running Spark version 3.2.3
[2023-05-29T07:30:56.740+0000] {spark_submit.py:490} INFO - 23/05/29 07:30:56 WARN NativeCodeLoader: Unable to load native-hadoop library for your platform... using builtin-java classes where applicable
[2023-05-29T07:30:57.306+0000] {spark_submit.py:490} INFO - 23/05/29 07:30:57 INFO ResourceUtils: ==============================================================
[2023-05-29T07:30:57.309+0000] {spark_submit.py:490} INFO - 23/05/29 07:30:57 INFO ResourceUtils: No custom resources configured for spark.driver.
[2023-05-29T07:30:57.315+0000] {spark_submit.py:490} INFO - 23/05/29 07:30:57 INFO ResourceUtils: ==============================================================
[2023-05-29T07:30:57.317+0000] {spark_submit.py:490} INFO - 23/05/29 07:30:57 INFO SparkContext: Submitted application: clean_data_trungtran
[2023-05-29T07:30:57.456+0000] {spark_submit.py:490} INFO - 23/05/29 07:30:57 INFO ResourceProfile: Default ResourceProfile created, executor resources: Map(cores -> name: cores, amount: 1, script: , vendor: , memory -> name: memory, amount: 1024, script: , vendor: , offHeap -> name: offHeap, amount: 0, script: , vendor: ), task resources: Map(cpus -> name: cpus, amount: 1.0)
[2023-05-29T07:30:57.522+0000] {spark_submit.py:490} INFO - 23/05/29 07:30:57 INFO ResourceProfile: Limiting resource is cpu
[2023-05-29T07:30:57.524+0000] {spark_submit.py:490} INFO - 23/05/29 07:30:57 INFO ResourceProfileManager: Added ResourceProfile id: 0
[2023-05-29T07:30:57.720+0000] {spark_submit.py:490} INFO - 23/05/29 07:30:57 INFO SecurityManager: Changing view acls to: ***
[2023-05-29T07:30:57.722+0000] {spark_submit.py:490} INFO - 23/05/29 07:30:57 INFO SecurityManager: Changing modify acls to: ***
[2023-05-29T07:30:57.724+0000] {spark_submit.py:490} INFO - 23/05/29 07:30:57 INFO SecurityManager: Changing view acls groups to:
[2023-05-29T07:30:57.726+0000] {spark_submit.py:490} INFO - 23/05/29 07:30:57 INFO SecurityManager: Changing modify acls groups to:
[2023-05-29T07:30:57.728+0000] {spark_submit.py:490} INFO - 23/05/29 07:30:57 INFO SecurityManager: SecurityManager: authentication disabled; ui acls disabled; users  with view permissions: Set(***); groups with view permissions: Set(); users  with modify permissions: Set(***); groups with modify permissions: Set()
[2023-05-29T07:30:58.772+0000] {spark_submit.py:490} INFO - 23/05/29 07:30:58 INFO Utils: Successfully started service 'sparkDriver' on port 46643.
[2023-05-29T07:30:58.857+0000] {spark_submit.py:490} INFO - 23/05/29 07:30:58 INFO SparkEnv: Registering MapOutputTracker
[2023-05-29T07:30:59.018+0000] {spark_submit.py:490} INFO - 23/05/29 07:30:59 INFO SparkEnv: Registering BlockManagerMaster
[2023-05-29T07:30:59.085+0000] {spark_submit.py:490} INFO - 23/05/29 07:30:59 INFO BlockManagerMasterEndpoint: Using org.apache.spark.storage.DefaultTopologyMapper for getting topology information
[2023-05-29T07:30:59.087+0000] {spark_submit.py:490} INFO - 23/05/29 07:30:59 INFO BlockManagerMasterEndpoint: BlockManagerMasterEndpoint up
[2023-05-29T07:30:59.099+0000] {spark_submit.py:490} INFO - 23/05/29 07:30:59 INFO SparkEnv: Registering BlockManagerMasterHeartbeat
[2023-05-29T07:30:59.197+0000] {spark_submit.py:490} INFO - 23/05/29 07:30:59 INFO DiskBlockManager: Created local directory at /tmp/blockmgr-0b42b5f7-fd60-4090-b19c-664817f3c73b
[2023-05-29T07:30:59.312+0000] {spark_submit.py:490} INFO - 23/05/29 07:30:59 INFO MemoryStore: MemoryStore started with capacity 366.3 MiB
[2023-05-29T07:30:59.389+0000] {spark_submit.py:490} INFO - 23/05/29 07:30:59 INFO SparkEnv: Registering OutputCommitCoordinator
[2023-05-29T07:31:00.438+0000] {spark_submit.py:490} INFO - 23/05/29 07:31:00 INFO Utils: Successfully started service 'SparkUI' on port 4040.
[2023-05-29T07:31:00.662+0000] {spark_submit.py:490} INFO - 23/05/29 07:31:00 INFO SparkUI: Bound SparkUI to 0.0.0.0, and started at http://d68e775f4ed7:4040
[2023-05-29T07:31:01.476+0000] {spark_submit.py:490} INFO - 23/05/29 07:31:01 INFO StandaloneAppClient$ClientEndpoint: Connecting to master spark://spark-master:7077...
[2023-05-29T07:31:01.688+0000] {spark_submit.py:490} INFO - 23/05/29 07:31:01 INFO TransportClientFactory: Successfully created connection to spark-master/172.27.0.2:7077 after 153 ms (0 ms spent in bootstraps)
[2023-05-29T07:31:01.987+0000] {spark_submit.py:490} INFO - 23/05/29 07:31:01 INFO StandaloneSchedulerBackend: Connected to Spark cluster with app ID app-20230529073101-0002
[2023-05-29T07:31:01.995+0000] {spark_submit.py:490} INFO - 23/05/29 07:31:01 INFO StandaloneAppClient$ClientEndpoint: Executor added: app-20230529073101-0002/0 on worker-20230529072513-172.27.0.3-7000 (172.27.0.3:7000) with 1 core(s)
[2023-05-29T07:31:02.015+0000] {spark_submit.py:490} INFO - 23/05/29 07:31:02 INFO StandaloneSchedulerBackend: Granted executor ID app-20230529073101-0002/0 on hostPort 172.27.0.3:7000 with 1 core(s), 1024.0 MiB RAM
[2023-05-29T07:31:02.045+0000] {spark_submit.py:490} INFO - 23/05/29 07:31:02 INFO Utils: Successfully started service 'org.apache.spark.network.netty.NettyBlockTransferService' on port 41037.
[2023-05-29T07:31:02.046+0000] {spark_submit.py:490} INFO - 23/05/29 07:31:02 INFO NettyBlockTransferService: Server created on d68e775f4ed7:41037
[2023-05-29T07:31:02.052+0000] {spark_submit.py:490} INFO - 23/05/29 07:31:02 INFO BlockManager: Using org.apache.spark.storage.RandomBlockReplicationPolicy for block replication policy
[2023-05-29T07:31:02.081+0000] {spark_submit.py:490} INFO - 23/05/29 07:31:02 INFO BlockManagerMaster: Registering BlockManager BlockManagerId(driver, d68e775f4ed7, 41037, None)
[2023-05-29T07:31:02.097+0000] {spark_submit.py:490} INFO - 23/05/29 07:31:02 INFO BlockManagerMasterEndpoint: Registering block manager d68e775f4ed7:41037 with 366.3 MiB RAM, BlockManagerId(driver, d68e775f4ed7, 41037, None)
[2023-05-29T07:31:02.121+0000] {spark_submit.py:490} INFO - 23/05/29 07:31:02 INFO BlockManagerMaster: Registered BlockManager BlockManagerId(driver, d68e775f4ed7, 41037, None)
[2023-05-29T07:31:02.122+0000] {spark_submit.py:490} INFO - 23/05/29 07:31:02 INFO BlockManager: Initialized BlockManager: BlockManagerId(driver, d68e775f4ed7, 41037, None)
[2023-05-29T07:31:02.157+0000] {spark_submit.py:490} INFO - 23/05/29 07:31:02 INFO StandaloneAppClient$ClientEndpoint: Executor updated: app-20230529073101-0002/0 is now RUNNING
[2023-05-29T07:31:02.943+0000] {spark_submit.py:490} INFO - 23/05/29 07:31:02 INFO StandaloneSchedulerBackend: SchedulerBackend is ready for scheduling beginning after reached minRegisteredResourcesRatio: 0.0
[2023-05-29T07:31:04.106+0000] {spark_submit.py:490} INFO - 23/05/29 07:31:04 INFO SharedState: Setting hive.metastore.warehouse.dir ('null') to the value of spark.sql.warehouse.dir.
[2023-05-29T07:31:04.231+0000] {spark_submit.py:490} INFO - 23/05/29 07:31:04 INFO SharedState: Warehouse path is 'file:/opt/***/spark-warehouse'.
[2023-05-29T07:31:07.680+0000] {spark_submit.py:490} INFO - /usr/local/lib/python3.7/site-packages/pyspark/sql/context.py:79: FutureWarning: Deprecated in 3.0.0. Use SparkSession.builder.getOrCreate() instead.
[2023-05-29T07:31:07.681+0000] {spark_submit.py:490} INFO - FutureWarning
[2023-05-29T07:31:08.096+0000] {spark_submit.py:490} INFO - 23/05/29 07:31:08 INFO InMemoryFileIndex: It took 94 ms to list leaf files for 1 paths.
[2023-05-29T07:31:08.611+0000] {spark_submit.py:490} INFO - 23/05/29 07:31:08 INFO MemoryStore: Block broadcast_0 stored as values in memory (estimated size 343.0 KiB, free 366.0 MiB)
[2023-05-29T07:31:08.799+0000] {spark_submit.py:490} INFO - 23/05/29 07:31:08 INFO MemoryStore: Block broadcast_0_piece0 stored as bytes in memory (estimated size 32.6 KiB, free 365.9 MiB)
[2023-05-29T07:31:08.809+0000] {spark_submit.py:490} INFO - 23/05/29 07:31:08 INFO BlockManagerInfo: Added broadcast_0_piece0 in memory on d68e775f4ed7:41037 (size: 32.6 KiB, free: 366.3 MiB)
[2023-05-29T07:31:08.825+0000] {spark_submit.py:490} INFO - 23/05/29 07:31:08 INFO SparkContext: Created broadcast 0 from load at NativeMethodAccessorImpl.java:0
[2023-05-29T07:31:10.137+0000] {spark_submit.py:490} INFO - 23/05/29 07:31:10 INFO FileInputFormat: Total input files to process : 1
[2023-05-29T07:31:10.146+0000] {spark_submit.py:490} INFO - 23/05/29 07:31:10 INFO FileInputFormat: Total input files to process : 1
[2023-05-29T07:31:10.403+0000] {spark_submit.py:490} INFO - 23/05/29 07:31:10 INFO SparkContext: Starting job: load at NativeMethodAccessorImpl.java:0
[2023-05-29T07:31:10.499+0000] {spark_submit.py:490} INFO - 23/05/29 07:31:10 INFO DAGScheduler: Got job 0 (load at NativeMethodAccessorImpl.java:0) with 1 output partitions
[2023-05-29T07:31:10.502+0000] {spark_submit.py:490} INFO - 23/05/29 07:31:10 INFO DAGScheduler: Final stage: ResultStage 0 (load at NativeMethodAccessorImpl.java:0)
[2023-05-29T07:31:10.504+0000] {spark_submit.py:490} INFO - 23/05/29 07:31:10 INFO DAGScheduler: Parents of final stage: List()
[2023-05-29T07:31:10.511+0000] {spark_submit.py:490} INFO - 23/05/29 07:31:10 INFO DAGScheduler: Missing parents: List()
[2023-05-29T07:31:10.562+0000] {spark_submit.py:490} INFO - 23/05/29 07:31:10 INFO DAGScheduler: Submitting ResultStage 0 (MapPartitionsRDD[2] at load at NativeMethodAccessorImpl.java:0), which has no missing parents
[2023-05-29T07:31:10.741+0000] {spark_submit.py:490} INFO - 23/05/29 07:31:10 INFO MemoryStore: Block broadcast_1 stored as values in memory (estimated size 7.1 KiB, free 365.9 MiB)
[2023-05-29T07:31:10.795+0000] {spark_submit.py:490} INFO - 23/05/29 07:31:10 INFO MemoryStore: Block broadcast_1_piece0 stored as bytes in memory (estimated size 4.2 KiB, free 365.9 MiB)
[2023-05-29T07:31:10.798+0000] {spark_submit.py:490} INFO - 23/05/29 07:31:10 INFO BlockManagerInfo: Added broadcast_1_piece0 in memory on d68e775f4ed7:41037 (size: 4.2 KiB, free: 366.3 MiB)
[2023-05-29T07:31:10.805+0000] {spark_submit.py:490} INFO - 23/05/29 07:31:10 INFO SparkContext: Created broadcast 1 from broadcast at DAGScheduler.scala:1478
[2023-05-29T07:31:10.863+0000] {spark_submit.py:490} INFO - 23/05/29 07:31:10 INFO DAGScheduler: Submitting 1 missing tasks from ResultStage 0 (MapPartitionsRDD[2] at load at NativeMethodAccessorImpl.java:0) (first 15 tasks are for partitions Vector(0))
[2023-05-29T07:31:10.867+0000] {spark_submit.py:490} INFO - 23/05/29 07:31:10 INFO TaskSchedulerImpl: Adding task set 0.0 with 1 tasks resource profile 0
[2023-05-29T07:31:11.077+0000] {spark_submit.py:490} INFO - 23/05/29 07:31:11 INFO CoarseGrainedSchedulerBackend$DriverEndpoint: Registered executor NettyRpcEndpointRef(spark-client://Executor) (172.27.0.3:46148) with ID 0,  ResourceProfileId 0
[2023-05-29T07:31:11.598+0000] {spark_submit.py:490} INFO - 23/05/29 07:31:11 INFO BlockManagerMasterEndpoint: Registering block manager 172.27.0.3:36593 with 366.3 MiB RAM, BlockManagerId(0, 172.27.0.3, 36593, None)
[2023-05-29T07:31:11.822+0000] {spark_submit.py:490} INFO - 23/05/29 07:31:11 INFO TaskSetManager: Starting task 0.0 in stage 0.0 (TID 0) (172.27.0.3, executor 0, partition 0, PROCESS_LOCAL, 4600 bytes) taskResourceAssignments Map()
[2023-05-29T07:31:13.249+0000] {spark_submit.py:490} INFO - 23/05/29 07:31:13 INFO BlockManagerInfo: Added broadcast_1_piece0 in memory on 172.27.0.3:36593 (size: 4.2 KiB, free: 366.3 MiB)
[2023-05-29T07:31:15.273+0000] {spark_submit.py:490} INFO - 23/05/29 07:31:15 INFO BlockManagerInfo: Added broadcast_0_piece0 in memory on 172.27.0.3:36593 (size: 32.6 KiB, free: 366.3 MiB)
[2023-05-29T07:31:16.602+0000] {spark_submit.py:490} INFO - 23/05/29 07:31:16 INFO TaskSetManager: Finished task 0.0 in stage 0.0 (TID 0) in 4851 ms on 172.27.0.3 (executor 0) (1/1)
[2023-05-29T07:31:16.609+0000] {spark_submit.py:490} INFO - 23/05/29 07:31:16 INFO TaskSchedulerImpl: Removed TaskSet 0.0, whose tasks have all completed, from pool
[2023-05-29T07:31:16.625+0000] {spark_submit.py:490} INFO - 23/05/29 07:31:16 INFO DAGScheduler: ResultStage 0 (load at NativeMethodAccessorImpl.java:0) finished in 5.944 s
[2023-05-29T07:31:16.638+0000] {spark_submit.py:490} INFO - 23/05/29 07:31:16 INFO DAGScheduler: Job 0 is finished. Cancelling potential speculative or zombie tasks for this job
[2023-05-29T07:31:16.643+0000] {spark_submit.py:490} INFO - 23/05/29 07:31:16 INFO TaskSchedulerImpl: Killing all running tasks in stage 0: Stage finished
[2023-05-29T07:31:16.651+0000] {spark_submit.py:490} INFO - 23/05/29 07:31:16 INFO DAGScheduler: Job 0 finished: load at NativeMethodAccessorImpl.java:0, took 6.245401 s
[2023-05-29T07:31:16.760+0000] {spark_submit.py:490} INFO - 23/05/29 07:31:16 INFO SparkContext: Starting job: load at NativeMethodAccessorImpl.java:0
[2023-05-29T07:31:16.767+0000] {spark_submit.py:490} INFO - 23/05/29 07:31:16 INFO DAGScheduler: Got job 1 (load at NativeMethodAccessorImpl.java:0) with 1 output partitions
[2023-05-29T07:31:16.768+0000] {spark_submit.py:490} INFO - 23/05/29 07:31:16 INFO DAGScheduler: Final stage: ResultStage 1 (load at NativeMethodAccessorImpl.java:0)
[2023-05-29T07:31:16.769+0000] {spark_submit.py:490} INFO - 23/05/29 07:31:16 INFO DAGScheduler: Parents of final stage: List()
[2023-05-29T07:31:16.769+0000] {spark_submit.py:490} INFO - 23/05/29 07:31:16 INFO DAGScheduler: Missing parents: List()
[2023-05-29T07:31:16.773+0000] {spark_submit.py:490} INFO - 23/05/29 07:31:16 INFO DAGScheduler: Submitting ResultStage 1 (MapPartitionsRDD[3] at load at NativeMethodAccessorImpl.java:0), which has no missing parents
[2023-05-29T07:31:16.790+0000] {spark_submit.py:490} INFO - 23/05/29 07:31:16 INFO MemoryStore: Block broadcast_2 stored as values in memory (estimated size 9.2 KiB, free 365.9 MiB)
[2023-05-29T07:31:16.802+0000] {spark_submit.py:490} INFO - 23/05/29 07:31:16 INFO MemoryStore: Block broadcast_2_piece0 stored as bytes in memory (estimated size 4.9 KiB, free 365.9 MiB)
[2023-05-29T07:31:16.804+0000] {spark_submit.py:490} INFO - 23/05/29 07:31:16 INFO BlockManagerInfo: Added broadcast_2_piece0 in memory on d68e775f4ed7:41037 (size: 4.9 KiB, free: 366.3 MiB)
[2023-05-29T07:31:16.807+0000] {spark_submit.py:490} INFO - 23/05/29 07:31:16 INFO SparkContext: Created broadcast 2 from broadcast at DAGScheduler.scala:1478
[2023-05-29T07:31:16.809+0000] {spark_submit.py:490} INFO - 23/05/29 07:31:16 INFO DAGScheduler: Submitting 1 missing tasks from ResultStage 1 (MapPartitionsRDD[3] at load at NativeMethodAccessorImpl.java:0) (first 15 tasks are for partitions Vector(0))
[2023-05-29T07:31:16.809+0000] {spark_submit.py:490} INFO - 23/05/29 07:31:16 INFO TaskSchedulerImpl: Adding task set 1.0 with 1 tasks resource profile 0
[2023-05-29T07:31:16.814+0000] {spark_submit.py:490} INFO - 23/05/29 07:31:16 INFO TaskSetManager: Starting task 0.0 in stage 1.0 (TID 1) (172.27.0.3, executor 0, partition 0, PROCESS_LOCAL, 4600 bytes) taskResourceAssignments Map()
[2023-05-29T07:31:16.907+0000] {spark_submit.py:490} INFO - 23/05/29 07:31:16 INFO BlockManagerInfo: Added broadcast_2_piece0 in memory on 172.27.0.3:36593 (size: 4.9 KiB, free: 366.3 MiB)
[2023-05-29T07:31:17.793+0000] {spark_submit.py:490} INFO - 23/05/29 07:31:17 INFO TaskSetManager: Finished task 0.0 in stage 1.0 (TID 1) in 981 ms on 172.27.0.3 (executor 0) (1/1)
[2023-05-29T07:31:17.794+0000] {spark_submit.py:490} INFO - 23/05/29 07:31:17 INFO TaskSchedulerImpl: Removed TaskSet 1.0, whose tasks have all completed, from pool
[2023-05-29T07:31:17.798+0000] {spark_submit.py:490} INFO - 23/05/29 07:31:17 INFO DAGScheduler: ResultStage 1 (load at NativeMethodAccessorImpl.java:0) finished in 1.020 s
[2023-05-29T07:31:17.800+0000] {spark_submit.py:490} INFO - 23/05/29 07:31:17 INFO DAGScheduler: Job 1 is finished. Cancelling potential speculative or zombie tasks for this job
[2023-05-29T07:31:17.801+0000] {spark_submit.py:490} INFO - 23/05/29 07:31:17 INFO TaskSchedulerImpl: Killing all running tasks in stage 1: Stage finished
[2023-05-29T07:31:17.816+0000] {spark_submit.py:490} INFO - 23/05/29 07:31:17 INFO DAGScheduler: Job 1 finished: load at NativeMethodAccessorImpl.java:0, took 1.054523 s
[2023-05-29T07:31:18.354+0000] {spark_submit.py:490} INFO - 23/05/29 07:31:18 INFO BlockManagerInfo: Removed broadcast_0_piece0 on d68e775f4ed7:41037 in memory (size: 32.6 KiB, free: 366.3 MiB)
[2023-05-29T07:31:18.395+0000] {spark_submit.py:490} INFO - 23/05/29 07:31:18 INFO BlockManagerInfo: Removed broadcast_0_piece0 on 172.27.0.3:36593 in memory (size: 32.6 KiB, free: 366.3 MiB)
[2023-05-29T07:31:18.448+0000] {spark_submit.py:490} INFO - 23/05/29 07:31:18 INFO BlockManagerInfo: Removed broadcast_1_piece0 on d68e775f4ed7:41037 in memory (size: 4.2 KiB, free: 366.3 MiB)
[2023-05-29T07:31:18.453+0000] {spark_submit.py:490} INFO - 23/05/29 07:31:18 INFO BlockManagerInfo: Removed broadcast_1_piece0 on 172.27.0.3:36593 in memory (size: 4.2 KiB, free: 366.3 MiB)
[2023-05-29T07:31:18.483+0000] {spark_submit.py:490} INFO - 23/05/29 07:31:18 INFO BlockManagerInfo: Removed broadcast_2_piece0 on d68e775f4ed7:41037 in memory (size: 4.9 KiB, free: 366.3 MiB)
[2023-05-29T07:31:18.497+0000] {spark_submit.py:490} INFO - 23/05/29 07:31:18 INFO BlockManagerInfo: Removed broadcast_2_piece0 on 172.27.0.3:36593 in memory (size: 4.9 KiB, free: 366.3 MiB)
[2023-05-29T07:31:26.179+0000] {spark_submit.py:490} INFO - 23/05/29 07:31:26 INFO FileSourceStrategy: Pushed Filters:
[2023-05-29T07:31:26.184+0000] {spark_submit.py:490} INFO - 23/05/29 07:31:26 INFO FileSourceStrategy: Post-Scan Filters:
[2023-05-29T07:31:26.192+0000] {spark_submit.py:490} INFO - 23/05/29 07:31:26 INFO FileSourceStrategy: Output Data Schema: struct<Battery: string, Brand: string, CPU: string, Color: string, Display: string ... 14 more fields>
[2023-05-29T07:31:28.012+0000] {spark_submit.py:490} INFO - 23/05/29 07:31:28 INFO CodeGenerator: Code generated in 856.464882 ms
[2023-05-29T07:31:28.042+0000] {spark_submit.py:490} INFO - 23/05/29 07:31:28 INFO MemoryStore: Block broadcast_3 stored as values in memory (estimated size 338.8 KiB, free 366.0 MiB)
[2023-05-29T07:31:28.088+0000] {spark_submit.py:490} INFO - 23/05/29 07:31:28 INFO MemoryStore: Block broadcast_3_piece0 stored as bytes in memory (estimated size 32.5 KiB, free 365.9 MiB)
[2023-05-29T07:31:28.090+0000] {spark_submit.py:490} INFO - 23/05/29 07:31:28 INFO BlockManagerInfo: Added broadcast_3_piece0 in memory on d68e775f4ed7:41037 (size: 32.5 KiB, free: 366.3 MiB)
[2023-05-29T07:31:28.094+0000] {spark_submit.py:490} INFO - 23/05/29 07:31:28 INFO SparkContext: Created broadcast 3 from showString at NativeMethodAccessorImpl.java:0
[2023-05-29T07:31:28.138+0000] {spark_submit.py:490} INFO - 23/05/29 07:31:28 INFO FileSourceScanExec: Planning scan with bin packing, max size: 4194304 bytes, open cost is considered as scanning 4194304 bytes.
[2023-05-29T07:31:28.219+0000] {spark_submit.py:490} INFO - 23/05/29 07:31:28 INFO SparkContext: Starting job: showString at NativeMethodAccessorImpl.java:0
[2023-05-29T07:31:28.223+0000] {spark_submit.py:490} INFO - 23/05/29 07:31:28 INFO DAGScheduler: Got job 2 (showString at NativeMethodAccessorImpl.java:0) with 1 output partitions
[2023-05-29T07:31:28.224+0000] {spark_submit.py:490} INFO - 23/05/29 07:31:28 INFO DAGScheduler: Final stage: ResultStage 2 (showString at NativeMethodAccessorImpl.java:0)
[2023-05-29T07:31:28.224+0000] {spark_submit.py:490} INFO - 23/05/29 07:31:28 INFO DAGScheduler: Parents of final stage: List()
[2023-05-29T07:31:28.225+0000] {spark_submit.py:490} INFO - 23/05/29 07:31:28 INFO DAGScheduler: Missing parents: List()
[2023-05-29T07:31:28.229+0000] {spark_submit.py:490} INFO - 23/05/29 07:31:28 INFO DAGScheduler: Submitting ResultStage 2 (MapPartitionsRDD[7] at showString at NativeMethodAccessorImpl.java:0), which has no missing parents
[2023-05-29T07:31:28.313+0000] {spark_submit.py:490} INFO - 23/05/29 07:31:28 INFO MemoryStore: Block broadcast_4 stored as values in memory (estimated size 19.0 KiB, free 365.9 MiB)
[2023-05-29T07:31:28.318+0000] {spark_submit.py:490} INFO - 23/05/29 07:31:28 INFO MemoryStore: Block broadcast_4_piece0 stored as bytes in memory (estimated size 8.0 KiB, free 365.9 MiB)
[2023-05-29T07:31:28.321+0000] {spark_submit.py:490} INFO - 23/05/29 07:31:28 INFO BlockManagerInfo: Added broadcast_4_piece0 in memory on d68e775f4ed7:41037 (size: 8.0 KiB, free: 366.3 MiB)
[2023-05-29T07:31:28.323+0000] {spark_submit.py:490} INFO - 23/05/29 07:31:28 INFO SparkContext: Created broadcast 4 from broadcast at DAGScheduler.scala:1478
[2023-05-29T07:31:28.325+0000] {spark_submit.py:490} INFO - 23/05/29 07:31:28 INFO DAGScheduler: Submitting 1 missing tasks from ResultStage 2 (MapPartitionsRDD[7] at showString at NativeMethodAccessorImpl.java:0) (first 15 tasks are for partitions Vector(0))
[2023-05-29T07:31:28.326+0000] {spark_submit.py:490} INFO - 23/05/29 07:31:28 INFO TaskSchedulerImpl: Adding task set 2.0 with 1 tasks resource profile 0
[2023-05-29T07:31:28.336+0000] {spark_submit.py:490} INFO - 23/05/29 07:31:28 INFO TaskSetManager: Starting task 0.0 in stage 2.0 (TID 2) (172.27.0.3, executor 0, partition 0, PROCESS_LOCAL, 4882 bytes) taskResourceAssignments Map()
[2023-05-29T07:31:28.413+0000] {spark_submit.py:490} INFO - 23/05/29 07:31:28 INFO BlockManagerInfo: Added broadcast_4_piece0 in memory on 172.27.0.3:36593 (size: 8.0 KiB, free: 366.3 MiB)
[2023-05-29T07:31:30.423+0000] {spark_submit.py:490} INFO - 23/05/29 07:31:30 INFO BlockManagerInfo: Added broadcast_3_piece0 in memory on 172.27.0.3:36593 (size: 32.5 KiB, free: 366.3 MiB)
[2023-05-29T07:31:30.656+0000] {spark_submit.py:490} INFO - 23/05/29 07:31:30 INFO TaskSetManager: Finished task 0.0 in stage 2.0 (TID 2) in 2327 ms on 172.27.0.3 (executor 0) (1/1)
[2023-05-29T07:31:30.657+0000] {spark_submit.py:490} INFO - 23/05/29 07:31:30 INFO TaskSchedulerImpl: Removed TaskSet 2.0, whose tasks have all completed, from pool
[2023-05-29T07:31:30.659+0000] {spark_submit.py:490} INFO - 23/05/29 07:31:30 INFO DAGScheduler: ResultStage 2 (showString at NativeMethodAccessorImpl.java:0) finished in 2.421 s
[2023-05-29T07:31:30.660+0000] {spark_submit.py:490} INFO - 23/05/29 07:31:30 INFO DAGScheduler: Job 2 is finished. Cancelling potential speculative or zombie tasks for this job
[2023-05-29T07:31:30.660+0000] {spark_submit.py:490} INFO - 23/05/29 07:31:30 INFO TaskSchedulerImpl: Killing all running tasks in stage 2: Stage finished
[2023-05-29T07:31:30.661+0000] {spark_submit.py:490} INFO - 23/05/29 07:31:30 INFO DAGScheduler: Job 2 finished: showString at NativeMethodAccessorImpl.java:0, took 2.441876 s
[2023-05-29T07:31:31.040+0000] {spark_submit.py:490} INFO - 23/05/29 07:31:31 INFO CodeGenerator: Code generated in 280.406386 ms
[2023-05-29T07:31:31.215+0000] {spark_submit.py:490} INFO - +--------------------+--------------------+--------------------+--------------------+--------------------+--------------------+--------+--------------------+--------------------+--------------------+--------------------+--------------------+--------------------+--------------------+--------------------+--------------------+
[2023-05-29T07:31:31.215+0000] {spark_submit.py:490} INFO - |             Battery|               Brand|                 CPU|               Color|             Display|            Graphics|MFG_year|                Name|                  OS|               Price|                 Ram|                Size|             Storage|                 URL|              Weight|            Wireless|
[2023-05-29T07:31:31.216+0000] {spark_submit.py:490} INFO - +--------------------+--------------------+--------------------+--------------------+--------------------+--------------------+--------+--------------------+--------------------+--------------------+--------------------+--------------------+--------------------+--------------------+--------------------+--------------------+
[2023-05-29T07:31:31.217+0000] {spark_submit.py:490} INFO - |\n               ...|\n               ...|\n               ...|\n               ...|\n               ...|\n               ...|  2019.0|Lenovo Thinkpad X...|\n               ...|         11.400.000đ|\n               ...|\n               ...|\n               ...|https://trungtran...|\n               ...|                null|
[2023-05-29T07:31:31.217+0000] {spark_submit.py:490} INFO - |\n               ...|\n               ...|\n               ...|\n               ...|\n               ...|\n               ...|  2019.0|Lenovo Thinkpad X...|\n               ...|         11.900.000đ|\n               ...|\n               ...|\n               ...|https://trungtran...|\n               ...|                null|
[2023-05-29T07:31:31.218+0000] {spark_submit.py:490} INFO - |\n               ...|\n               ...|\n               ...|\n               ...|\n               ...|\n               ...|  2018.0|Thinkpad X1 Carbo...|\n               ...|         10.290.000đ|\n               ...|\n               ...|\n               ...|https://trungtran...|\n               ...|\n               ...|
[2023-05-29T07:31:31.218+0000] {spark_submit.py:490} INFO - |\n               ...|\n               ...|\n               ...|\n               ...|\n               ...|\n               ...|  2018.0|Thinkpad X1 Carbo...|\n               ...|         10.790.000đ|\n               ...|\n               ...|\n               ...|https://trungtran...|\n               ...|\n               ...|
[2023-05-29T07:31:31.219+0000] {spark_submit.py:490} INFO - |\n               ...|\n               ...|\n               ...|\n               ...|\n               ...|\n               ...|  2018.0|Lenovo Thinkpad X...|\n               ...|         11.400.000đ|\n               ...|\n               ...|\n               ...|https://trungtran...|\n               ...|\n               ...|
[2023-05-29T07:31:31.220+0000] {spark_submit.py:490} INFO - |\n               ...|\n               ...|\n               ...|\n               ...|\n               ...|\n               ...|  2016.0|HP ZBook 17 G3 i7...|\n               ...|\n               ...|\n               ...|\n               ...|\n               ...|https://trungtran...|\n               ...|\n               ...|
[2023-05-29T07:31:31.220+0000] {spark_submit.py:490} INFO - |\n               ...|\n               ...|\n               ...|\n               ...|\n               ...|\n               ...|  2018.0|Dell Latitude 740...|\n               ...|          9.400.000đ|\n               ...|\n               ...|\n               ...|https://trungtran...|\n               ...|\n               ...|
[2023-05-29T07:31:31.221+0000] {spark_submit.py:490} INFO - |\n               ...|\n               ...|\n               ...|\n               ...|\n               ...|\n               ...|  2018.0|Dell Latitude 740...|\n               ...|          9.900.000đ|\n               ...|\n               ...|\n               ...|https://trungtran...|\n               ...|\n               ...|
[2023-05-29T07:31:31.221+0000] {spark_submit.py:490} INFO - |\n               ...|\n               ...|\n               ...|\n               ...|\n               ...|\n               ...|  2018.0|Dell Latitude 740...|\n               ...|          9.900.000đ|\n               ...|\n               ...|\n               ...|https://trungtran...|\n               ...|\n               ...|
[2023-05-29T07:31:31.222+0000] {spark_submit.py:490} INFO - |\n               ...|\n               ...|\n               ...|\n               ...|\n               ...|\n               ...|  2018.0|Dell Latitude 740...|\n               ...|         10.400.000đ|\n               ...|\n               ...|\n               ...|https://trungtran...|\n               ...|\n               ...|
[2023-05-29T07:31:31.222+0000] {spark_submit.py:490} INFO - |\n               ...|\n               ...|\n               ...|\n               ...|\n               ...|\n               ...|  2018.0|Dell Latitude 740...|\n               ...|          8.100.000đ|\n               ...|\n               ...|\n               ...|https://trungtran...|\n               ...|\n               ...|
[2023-05-29T07:31:31.223+0000] {spark_submit.py:490} INFO - |\n               ...|\n               ...|\n               ...|\n               ...|\n               ...|\n               ...|  2017.0|Lenovo Thinkpad T...|\n               ...|\n               ...|\n               ...|\n               ...|\n               ...|https://trungtran...|\n               ...|\n               ...|
[2023-05-29T07:31:31.223+0000] {spark_submit.py:490} INFO - |\n               ...|\n               ...|\n               ...|\n               ...|\n               ...|\n               ...|  2017.0|ThinkPad P50 Xeon...|\n               ...|         15.000.000đ|\n               ...|\n               ...|\n               ...|https://trungtran...|\n               ...|\n               ...|
[2023-05-29T07:31:31.224+0000] {spark_submit.py:490} INFO - |\n               ...|\n               ...|\n               ...|\n               ...|\n               ...|\n               ...|  2017.0|ThinkPad P50 Xeon...|\n               ...|         16.000.000đ|\n               ...|\n               ...|\n               ...|https://trungtran...|\n               ...|\n               ...|
[2023-05-29T07:31:31.225+0000] {spark_submit.py:490} INFO - |\n               ...|\n               ...|\n               ...|\n               ...|\n               ...|\n               ...|  2017.0|ThinkPad P50 Xeon...|\n               ...|         18.000.000đ|\n               ...|\n               ...|\n               ...|https://trungtran...|\n               ...|\n               ...|
[2023-05-29T07:31:31.225+0000] {spark_submit.py:490} INFO - |\n               ...|\n               ...|\n               ...|\n               ...|\n               ...|\n               ...|  2017.0|ThinkPad P50 Xeon...|\n               ...|         19.000.000đ|\n               ...|\n               ...|\n               ...|https://trungtran...|\n               ...|\n               ...|
[2023-05-29T07:31:31.226+0000] {spark_submit.py:490} INFO - |\n               ...|\n               ...|\n               ...|\n               ...|\n               ...|\n               ...|  2018.0|Dell Latitude 530...|\n               ...|          8.500.000đ|\n               ...|\n               ...|\n               ...|https://trungtran...|\n               ...|\n               ...|
[2023-05-29T07:31:31.226+0000] {spark_submit.py:490} INFO - |\n               ...|\n               ...|\n               ...|\n               ...|\n               ...|\n               ...|  2018.0|Dell Latitude 530...|\n               ...|          9.500.000đ|\n               ...|\n               ...|\n               ...|https://trungtran...|\n               ...|\n               ...|
[2023-05-29T07:31:31.227+0000] {spark_submit.py:490} INFO - |\n               ...|\n               ...|\n               ...|\n               ...|\n               ...|\n               ...|  2018.0|Dell Precision 55...|\n               ...|         13.900.000đ|\n               ...|\n               ...|\n               ...|https://trungtran...|\n               ...|\n               ...|
[2023-05-29T07:31:31.227+0000] {spark_submit.py:490} INFO - |\n               ...|\n               ...|\n               ...|\n               ...|\n               ...|\n               ...|  2018.0|Dell Precision 55...|\n               ...|         14.900.000đ|\n               ...|\n               ...|\n               ...|https://trungtran...|\n               ...|\n               ...|
[2023-05-29T07:31:31.228+0000] {spark_submit.py:490} INFO - +--------------------+--------------------+--------------------+--------------------+--------------------+--------------------+--------+--------------------+--------------------+--------------------+--------------------+--------------------+--------------------+--------------------+--------------------+--------------------+
[2023-05-29T07:31:31.228+0000] {spark_submit.py:490} INFO - only showing top 20 rows
[2023-05-29T07:31:31.229+0000] {spark_submit.py:490} INFO - 
[2023-05-29T07:31:31.257+0000] {spark_submit.py:490} INFO - 23/05/29 07:31:31 INFO SparkUI: Stopped Spark web UI at http://d68e775f4ed7:4040
[2023-05-29T07:31:31.271+0000] {spark_submit.py:490} INFO - 23/05/29 07:31:31 INFO StandaloneSchedulerBackend: Shutting down all executors
[2023-05-29T07:31:31.273+0000] {spark_submit.py:490} INFO - 23/05/29 07:31:31 INFO CoarseGrainedSchedulerBackend$DriverEndpoint: Asking each executor to shut down
[2023-05-29T07:31:31.369+0000] {spark_submit.py:490} INFO - 23/05/29 07:31:31 INFO MapOutputTrackerMasterEndpoint: MapOutputTrackerMasterEndpoint stopped!
[2023-05-29T07:31:31.418+0000] {spark_submit.py:490} INFO - 23/05/29 07:31:31 INFO MemoryStore: MemoryStore cleared
[2023-05-29T07:31:31.420+0000] {spark_submit.py:490} INFO - 23/05/29 07:31:31 INFO BlockManager: BlockManager stopped
[2023-05-29T07:31:31.428+0000] {spark_submit.py:490} INFO - 23/05/29 07:31:31 INFO BlockManagerMaster: BlockManagerMaster stopped
[2023-05-29T07:31:31.437+0000] {spark_submit.py:490} INFO - 23/05/29 07:31:31 INFO OutputCommitCoordinator$OutputCommitCoordinatorEndpoint: OutputCommitCoordinator stopped!
[2023-05-29T07:31:31.469+0000] {spark_submit.py:490} INFO - 23/05/29 07:31:31 INFO SparkContext: Successfully stopped SparkContext
[2023-05-29T07:31:31.818+0000] {spark_submit.py:490} INFO - 23/05/29 07:31:31 INFO ShutdownHookManager: Shutdown hook called
[2023-05-29T07:31:31.820+0000] {spark_submit.py:490} INFO - 23/05/29 07:31:31 INFO ShutdownHookManager: Deleting directory /tmp/spark-f9510304-f11a-4584-87e1-6e909f04a288
[2023-05-29T07:31:31.829+0000] {spark_submit.py:490} INFO - 23/05/29 07:31:31 INFO ShutdownHookManager: Deleting directory /tmp/spark-f9510304-f11a-4584-87e1-6e909f04a288/pyspark-f0140dc7-24ef-4bc0-8b30-745d2f54a28f
[2023-05-29T07:31:31.837+0000] {spark_submit.py:490} INFO - 23/05/29 07:31:31 INFO ShutdownHookManager: Deleting directory /tmp/spark-aee19ff5-fadc-4ad8-8535-ef00fd91bf78
[2023-05-29T07:31:32.115+0000] {warnings.py:110} WARNING - /usr/local/lib/python3.7/site-packages/***/models/taskinstance.py:871: SAWarning: TypeDecorator ExecutorConfigType() will not produce a cache key because the ``cache_ok`` attribute is not set to True.  This can have significant performance implications including some performance degradations in comparison to prior SQLAlchemy versions.  Set this attribute to True if this type object's state is safe to use in a cache key, or False to disable this warning. (Background on this error at: https://sqlalche.me/e/14/cprf)
  ti: TaskInstance | None = qry.with_for_update().one_or_none()

[2023-05-29T07:31:32.158+0000] {taskinstance.py:1406} INFO - Marking task as SUCCESS. dag_id=trungtran_process_data_1, task_id=trungtran_clean_data_11, execution_date=20230529T073042, start_date=20230529T073045, end_date=20230529T073132
[2023-05-29T07:31:32.241+0000] {local_task_job.py:164} INFO - Task exited with return code 0
[2023-05-29T07:31:32.392+0000] {local_task_job.py:273} INFO - 1 downstream tasks scheduled from follow-on schedule check
