[2023-05-19T04:05:51.630+0000] {processor.py:156} INFO - Started process (PID=40) to work on /opt/airflow/dags/azure_cosmos.py
[2023-05-19T04:05:51.635+0000] {processor.py:758} INFO - Processing file /opt/airflow/dags/azure_cosmos.py for tasks to queue
[2023-05-19T04:05:51.643+0000] {logging_mixin.py:117} INFO - [2023-05-19T04:05:51.642+0000] {dagbag.py:525} INFO - Filling up the DagBag from /opt/airflow/dags/azure_cosmos.py
[2023-05-19T04:05:53.390+0000] {processor.py:768} INFO - DAG(s) dict_keys(['read_cosmosdb_to_dataframe']) retrieved from /opt/airflow/dags/azure_cosmos.py
[2023-05-19T04:05:53.807+0000] {logging_mixin.py:117} INFO - [2023-05-19T04:05:53.806+0000] {dag.py:2573} INFO - Sync 1 DAGs
[2023-05-19T04:05:53.989+0000] {logging_mixin.py:117} INFO - [2023-05-19T04:05:53.988+0000] {dag.py:3328} INFO - Setting next_dagrun for read_cosmosdb_to_dataframe to None, run_after=None
[2023-05-19T04:05:54.158+0000] {processor.py:178} INFO - Processing /opt/airflow/dags/azure_cosmos.py took 2.551 seconds
[2023-05-19T04:06:24.424+0000] {processor.py:156} INFO - Started process (PID=66) to work on /opt/airflow/dags/azure_cosmos.py
[2023-05-19T04:06:24.427+0000] {processor.py:758} INFO - Processing file /opt/airflow/dags/azure_cosmos.py for tasks to queue
[2023-05-19T04:06:24.430+0000] {logging_mixin.py:117} INFO - [2023-05-19T04:06:24.429+0000] {dagbag.py:525} INFO - Filling up the DagBag from /opt/airflow/dags/azure_cosmos.py
[2023-05-19T04:06:26.286+0000] {processor.py:768} INFO - DAG(s) dict_keys(['read_cosmosdb_to_dataframe']) retrieved from /opt/airflow/dags/azure_cosmos.py
[2023-05-19T04:06:26.470+0000] {logging_mixin.py:117} INFO - [2023-05-19T04:06:26.469+0000] {dag.py:2573} INFO - Sync 1 DAGs
[2023-05-19T04:06:26.736+0000] {logging_mixin.py:117} INFO - [2023-05-19T04:06:26.736+0000] {dag.py:3328} INFO - Setting next_dagrun for read_cosmosdb_to_dataframe to None, run_after=None
[2023-05-19T04:06:27.018+0000] {processor.py:178} INFO - Processing /opt/airflow/dags/azure_cosmos.py took 2.625 seconds
[2023-05-19T04:06:57.504+0000] {processor.py:156} INFO - Started process (PID=93) to work on /opt/airflow/dags/azure_cosmos.py
[2023-05-19T04:06:57.517+0000] {processor.py:758} INFO - Processing file /opt/airflow/dags/azure_cosmos.py for tasks to queue
[2023-05-19T04:06:57.519+0000] {logging_mixin.py:117} INFO - [2023-05-19T04:06:57.519+0000] {dagbag.py:525} INFO - Filling up the DagBag from /opt/airflow/dags/azure_cosmos.py
[2023-05-19T04:06:59.472+0000] {processor.py:768} INFO - DAG(s) dict_keys(['read_cosmosdb_to_dataframe']) retrieved from /opt/airflow/dags/azure_cosmos.py
[2023-05-19T04:06:59.972+0000] {logging_mixin.py:117} INFO - [2023-05-19T04:06:59.971+0000] {dag.py:2573} INFO - Sync 1 DAGs
[2023-05-19T04:07:00.575+0000] {logging_mixin.py:117} INFO - [2023-05-19T04:07:00.574+0000] {dag.py:3328} INFO - Setting next_dagrun for read_cosmosdb_to_dataframe to None, run_after=None
[2023-05-19T04:07:00.704+0000] {processor.py:178} INFO - Processing /opt/airflow/dags/azure_cosmos.py took 3.224 seconds
[2023-05-19T04:07:31.326+0000] {processor.py:156} INFO - Started process (PID=119) to work on /opt/airflow/dags/azure_cosmos.py
[2023-05-19T04:07:31.337+0000] {processor.py:758} INFO - Processing file /opt/airflow/dags/azure_cosmos.py for tasks to queue
[2023-05-19T04:07:31.339+0000] {logging_mixin.py:117} INFO - [2023-05-19T04:07:31.338+0000] {dagbag.py:525} INFO - Filling up the DagBag from /opt/airflow/dags/azure_cosmos.py
[2023-05-19T04:07:32.421+0000] {processor.py:768} INFO - DAG(s) dict_keys(['read_cosmosdb_to_dataframe']) retrieved from /opt/airflow/dags/azure_cosmos.py
[2023-05-19T04:07:32.508+0000] {logging_mixin.py:117} INFO - [2023-05-19T04:07:32.507+0000] {dag.py:2573} INFO - Sync 1 DAGs
[2023-05-19T04:07:32.580+0000] {logging_mixin.py:117} INFO - [2023-05-19T04:07:32.580+0000] {dag.py:3328} INFO - Setting next_dagrun for read_cosmosdb_to_dataframe to None, run_after=None
[2023-05-19T04:07:32.630+0000] {processor.py:178} INFO - Processing /opt/airflow/dags/azure_cosmos.py took 1.313 seconds
[2023-05-19T04:08:03.041+0000] {processor.py:156} INFO - Started process (PID=145) to work on /opt/airflow/dags/azure_cosmos.py
[2023-05-19T04:08:03.043+0000] {processor.py:758} INFO - Processing file /opt/airflow/dags/azure_cosmos.py for tasks to queue
[2023-05-19T04:08:03.046+0000] {logging_mixin.py:117} INFO - [2023-05-19T04:08:03.045+0000] {dagbag.py:525} INFO - Filling up the DagBag from /opt/airflow/dags/azure_cosmos.py
[2023-05-19T04:08:04.284+0000] {processor.py:768} INFO - DAG(s) dict_keys(['read_cosmosdb_to_dataframe']) retrieved from /opt/airflow/dags/azure_cosmos.py
[2023-05-19T04:08:04.401+0000] {logging_mixin.py:117} INFO - [2023-05-19T04:08:04.401+0000] {dag.py:2573} INFO - Sync 1 DAGs
[2023-05-19T04:08:04.502+0000] {logging_mixin.py:117} INFO - [2023-05-19T04:08:04.501+0000] {dag.py:3328} INFO - Setting next_dagrun for read_cosmosdb_to_dataframe to None, run_after=None
[2023-05-19T04:08:04.569+0000] {processor.py:178} INFO - Processing /opt/airflow/dags/azure_cosmos.py took 1.543 seconds
[2023-05-19T04:08:35.196+0000] {processor.py:156} INFO - Started process (PID=172) to work on /opt/airflow/dags/azure_cosmos.py
[2023-05-19T04:08:35.207+0000] {processor.py:758} INFO - Processing file /opt/airflow/dags/azure_cosmos.py for tasks to queue
[2023-05-19T04:08:35.210+0000] {logging_mixin.py:117} INFO - [2023-05-19T04:08:35.209+0000] {dagbag.py:525} INFO - Filling up the DagBag from /opt/airflow/dags/azure_cosmos.py
[2023-05-19T04:08:36.405+0000] {processor.py:768} INFO - DAG(s) dict_keys(['read_cosmosdb_to_dataframe']) retrieved from /opt/airflow/dags/azure_cosmos.py
[2023-05-19T04:08:36.512+0000] {logging_mixin.py:117} INFO - [2023-05-19T04:08:36.511+0000] {dag.py:2573} INFO - Sync 1 DAGs
[2023-05-19T04:08:36.601+0000] {logging_mixin.py:117} INFO - [2023-05-19T04:08:36.601+0000] {dag.py:3328} INFO - Setting next_dagrun for read_cosmosdb_to_dataframe to None, run_after=None
[2023-05-19T04:08:36.679+0000] {processor.py:178} INFO - Processing /opt/airflow/dags/azure_cosmos.py took 1.494 seconds
[2023-05-19T04:09:07.411+0000] {processor.py:156} INFO - Started process (PID=208) to work on /opt/airflow/dags/azure_cosmos.py
[2023-05-19T04:09:07.414+0000] {processor.py:758} INFO - Processing file /opt/airflow/dags/azure_cosmos.py for tasks to queue
[2023-05-19T04:09:07.416+0000] {logging_mixin.py:117} INFO - [2023-05-19T04:09:07.416+0000] {dagbag.py:525} INFO - Filling up the DagBag from /opt/airflow/dags/azure_cosmos.py
[2023-05-19T04:09:08.617+0000] {processor.py:768} INFO - DAG(s) dict_keys(['read_cosmosdb_to_dataframe']) retrieved from /opt/airflow/dags/azure_cosmos.py
[2023-05-19T04:09:08.727+0000] {logging_mixin.py:117} INFO - [2023-05-19T04:09:08.726+0000] {dag.py:2573} INFO - Sync 1 DAGs
[2023-05-19T04:09:08.817+0000] {logging_mixin.py:117} INFO - [2023-05-19T04:09:08.817+0000] {dag.py:3328} INFO - Setting next_dagrun for read_cosmosdb_to_dataframe to None, run_after=None
[2023-05-19T04:09:08.885+0000] {processor.py:178} INFO - Processing /opt/airflow/dags/azure_cosmos.py took 1.488 seconds
[2023-05-19T04:12:20.682+0000] {processor.py:156} INFO - Started process (PID=41) to work on /opt/airflow/dags/azure_cosmos.py
[2023-05-19T04:12:20.688+0000] {processor.py:758} INFO - Processing file /opt/airflow/dags/azure_cosmos.py for tasks to queue
[2023-05-19T04:12:20.691+0000] {logging_mixin.py:117} INFO - [2023-05-19T04:12:20.690+0000] {dagbag.py:525} INFO - Filling up the DagBag from /opt/airflow/dags/azure_cosmos.py
[2023-05-19T04:12:22.495+0000] {processor.py:768} INFO - DAG(s) dict_keys(['read_cosmosdb_to_dataframe']) retrieved from /opt/airflow/dags/azure_cosmos.py
[2023-05-19T04:12:22.959+0000] {logging_mixin.py:117} INFO - [2023-05-19T04:12:22.959+0000] {dag.py:2573} INFO - Sync 1 DAGs
[2023-05-19T04:12:23.132+0000] {logging_mixin.py:117} INFO - [2023-05-19T04:12:23.128+0000] {dag.py:3328} INFO - Setting next_dagrun for read_cosmosdb_to_dataframe to None, run_after=None
[2023-05-19T04:12:23.243+0000] {processor.py:178} INFO - Processing /opt/airflow/dags/azure_cosmos.py took 2.607 seconds
[2023-05-19T04:18:17.609+0000] {processor.py:156} INFO - Started process (PID=42) to work on /opt/airflow/dags/azure_cosmos.py
[2023-05-19T04:18:17.627+0000] {processor.py:758} INFO - Processing file /opt/airflow/dags/azure_cosmos.py for tasks to queue
[2023-05-19T04:18:17.630+0000] {logging_mixin.py:117} INFO - [2023-05-19T04:18:17.629+0000] {dagbag.py:525} INFO - Filling up the DagBag from /opt/airflow/dags/azure_cosmos.py
[2023-05-19T04:18:19.857+0000] {processor.py:768} INFO - DAG(s) dict_keys(['read_cosmosdb_to_dataframe']) retrieved from /opt/airflow/dags/azure_cosmos.py
[2023-05-19T04:18:20.333+0000] {logging_mixin.py:117} INFO - [2023-05-19T04:18:20.332+0000] {dag.py:2573} INFO - Sync 1 DAGs
[2023-05-19T04:18:20.498+0000] {logging_mixin.py:117} INFO - [2023-05-19T04:18:20.498+0000] {dag.py:3328} INFO - Setting next_dagrun for read_cosmosdb_to_dataframe to None, run_after=None
[2023-05-19T04:18:20.621+0000] {processor.py:178} INFO - Processing /opt/airflow/dags/azure_cosmos.py took 3.032 seconds
[2023-05-19T09:07:14.724+0000] {processor.py:156} INFO - Started process (PID=29) to work on /opt/airflow/dags/azure_cosmos.py
[2023-05-19T09:07:14.729+0000] {processor.py:758} INFO - Processing file /opt/airflow/dags/azure_cosmos.py for tasks to queue
[2023-05-19T09:07:14.754+0000] {logging_mixin.py:117} INFO - [2023-05-19T09:07:14.731+0000] {dagbag.py:525} INFO - Filling up the DagBag from /opt/airflow/dags/azure_cosmos.py
[2023-05-19T09:07:16.883+0000] {processor.py:768} INFO - DAG(s) dict_keys(['read_cosmosdb_to_dataframe']) retrieved from /opt/airflow/dags/azure_cosmos.py
[2023-05-19T09:07:17.632+0000] {logging_mixin.py:117} INFO - [2023-05-19T09:07:17.632+0000] {dag.py:2573} INFO - Sync 1 DAGs
[2023-05-19T09:07:18.132+0000] {logging_mixin.py:117} INFO - [2023-05-19T09:07:18.131+0000] {dag.py:3328} INFO - Setting next_dagrun for read_cosmosdb_to_dataframe to None, run_after=None
[2023-05-19T09:07:18.337+0000] {processor.py:178} INFO - Processing /opt/airflow/dags/azure_cosmos.py took 3.654 seconds
