[2023-05-19T04:05:55.358+0000] {processor.py:156} INFO - Started process (PID=45) to work on /opt/airflow/dags/processSQL.py
[2023-05-19T04:05:55.361+0000] {processor.py:758} INFO - Processing file /opt/airflow/dags/processSQL.py for tasks to queue
[2023-05-19T04:05:55.364+0000] {logging_mixin.py:117} INFO - [2023-05-19T04:05:55.363+0000] {dagbag.py:525} INFO - Filling up the DagBag from /opt/airflow/dags/processSQL.py
[2023-05-19T04:05:55.607+0000] {processor.py:768} INFO - DAG(s) dict_keys(['postgresSQL']) retrieved from /opt/airflow/dags/processSQL.py
[2023-05-19T04:05:55.998+0000] {logging_mixin.py:117} INFO - [2023-05-19T04:05:55.997+0000] {dag.py:2573} INFO - Sync 1 DAGs
[2023-05-19T04:05:56.173+0000] {logging_mixin.py:117} INFO - [2023-05-19T04:05:56.172+0000] {dag.py:3328} INFO - Setting next_dagrun for postgresSQL to 2023-01-31T17:00:00+00:00, run_after=2023-01-31T17:00:00+00:00
[2023-05-19T04:05:56.272+0000] {processor.py:178} INFO - Processing /opt/airflow/dags/processSQL.py took 0.952 seconds
[2023-05-19T04:06:27.620+0000] {processor.py:156} INFO - Started process (PID=70) to work on /opt/airflow/dags/processSQL.py
[2023-05-19T04:06:27.631+0000] {processor.py:758} INFO - Processing file /opt/airflow/dags/processSQL.py for tasks to queue
[2023-05-19T04:06:27.634+0000] {logging_mixin.py:117} INFO - [2023-05-19T04:06:27.633+0000] {dagbag.py:525} INFO - Filling up the DagBag from /opt/airflow/dags/processSQL.py
[2023-05-19T04:06:27.843+0000] {processor.py:768} INFO - DAG(s) dict_keys(['postgresSQL']) retrieved from /opt/airflow/dags/processSQL.py
[2023-05-19T04:06:28.192+0000] {logging_mixin.py:117} INFO - [2023-05-19T04:06:28.192+0000] {dag.py:2573} INFO - Sync 1 DAGs
[2023-05-19T04:06:28.355+0000] {logging_mixin.py:117} INFO - [2023-05-19T04:06:28.354+0000] {dag.py:3328} INFO - Setting next_dagrun for postgresSQL to 2023-01-31T17:00:00+00:00, run_after=2023-01-31T17:00:00+00:00
[2023-05-19T04:06:28.446+0000] {processor.py:178} INFO - Processing /opt/airflow/dags/processSQL.py took 0.846 seconds
[2023-05-19T04:06:59.580+0000] {processor.py:156} INFO - Started process (PID=95) to work on /opt/airflow/dags/processSQL.py
[2023-05-19T04:06:59.594+0000] {processor.py:758} INFO - Processing file /opt/airflow/dags/processSQL.py for tasks to queue
[2023-05-19T04:06:59.597+0000] {logging_mixin.py:117} INFO - [2023-05-19T04:06:59.596+0000] {dagbag.py:525} INFO - Filling up the DagBag from /opt/airflow/dags/processSQL.py
[2023-05-19T04:06:59.845+0000] {processor.py:768} INFO - DAG(s) dict_keys(['postgresSQL']) retrieved from /opt/airflow/dags/processSQL.py
[2023-05-19T04:07:00.483+0000] {logging_mixin.py:117} INFO - [2023-05-19T04:07:00.482+0000] {dag.py:2573} INFO - Sync 1 DAGs
[2023-05-19T04:07:00.790+0000] {logging_mixin.py:117} INFO - [2023-05-19T04:07:00.789+0000] {dag.py:3328} INFO - Setting next_dagrun for postgresSQL to 2023-01-31T17:00:00+00:00, run_after=2023-01-31T17:00:00+00:00
[2023-05-19T04:07:00.930+0000] {processor.py:178} INFO - Processing /opt/airflow/dags/processSQL.py took 1.373 seconds
[2023-05-19T04:07:31.340+0000] {processor.py:156} INFO - Started process (PID=120) to work on /opt/airflow/dags/processSQL.py
[2023-05-19T04:07:31.343+0000] {processor.py:758} INFO - Processing file /opt/airflow/dags/processSQL.py for tasks to queue
[2023-05-19T04:07:31.345+0000] {logging_mixin.py:117} INFO - [2023-05-19T04:07:31.344+0000] {dagbag.py:525} INFO - Filling up the DagBag from /opt/airflow/dags/processSQL.py
[2023-05-19T04:07:31.465+0000] {processor.py:768} INFO - DAG(s) dict_keys(['postgresSQL']) retrieved from /opt/airflow/dags/processSQL.py
[2023-05-19T04:07:31.646+0000] {logging_mixin.py:117} INFO - [2023-05-19T04:07:31.645+0000] {dag.py:2573} INFO - Sync 1 DAGs
[2023-05-19T04:07:31.819+0000] {logging_mixin.py:117} INFO - [2023-05-19T04:07:31.819+0000] {dag.py:3328} INFO - Setting next_dagrun for postgresSQL to 2023-01-31T17:00:00+00:00, run_after=2023-01-31T17:00:00+00:00
[2023-05-19T04:07:31.894+0000] {processor.py:178} INFO - Processing /opt/airflow/dags/processSQL.py took 0.564 seconds
[2023-05-19T04:08:01.967+0000] {processor.py:156} INFO - Started process (PID=144) to work on /opt/airflow/dags/processSQL.py
[2023-05-19T04:08:01.970+0000] {processor.py:758} INFO - Processing file /opt/airflow/dags/processSQL.py for tasks to queue
[2023-05-19T04:08:01.971+0000] {logging_mixin.py:117} INFO - [2023-05-19T04:08:01.971+0000] {dagbag.py:525} INFO - Filling up the DagBag from /opt/airflow/dags/processSQL.py
[2023-05-19T04:08:02.066+0000] {processor.py:768} INFO - DAG(s) dict_keys(['postgresSQL']) retrieved from /opt/airflow/dags/processSQL.py
[2023-05-19T04:08:02.211+0000] {logging_mixin.py:117} INFO - [2023-05-19T04:08:02.210+0000] {dag.py:2573} INFO - Sync 1 DAGs
[2023-05-19T04:08:02.309+0000] {logging_mixin.py:117} INFO - [2023-05-19T04:08:02.308+0000] {dag.py:3328} INFO - Setting next_dagrun for postgresSQL to 2023-01-31T17:00:00+00:00, run_after=2023-01-31T17:00:00+00:00
[2023-05-19T04:08:02.374+0000] {processor.py:178} INFO - Processing /opt/airflow/dags/processSQL.py took 0.417 seconds
[2023-05-19T04:08:32.791+0000] {processor.py:156} INFO - Started process (PID=170) to work on /opt/airflow/dags/processSQL.py
[2023-05-19T04:08:32.793+0000] {processor.py:758} INFO - Processing file /opt/airflow/dags/processSQL.py for tasks to queue
[2023-05-19T04:08:32.794+0000] {logging_mixin.py:117} INFO - [2023-05-19T04:08:32.794+0000] {dagbag.py:525} INFO - Filling up the DagBag from /opt/airflow/dags/processSQL.py
[2023-05-19T04:08:32.868+0000] {processor.py:768} INFO - DAG(s) dict_keys(['postgresSQL']) retrieved from /opt/airflow/dags/processSQL.py
[2023-05-19T04:08:32.971+0000] {logging_mixin.py:117} INFO - [2023-05-19T04:08:32.970+0000] {dag.py:2573} INFO - Sync 1 DAGs
[2023-05-19T04:08:33.049+0000] {logging_mixin.py:117} INFO - [2023-05-19T04:08:33.048+0000] {dag.py:3328} INFO - Setting next_dagrun for postgresSQL to 2023-01-31T17:00:00+00:00, run_after=2023-01-31T17:00:00+00:00
[2023-05-19T04:08:33.107+0000] {processor.py:178} INFO - Processing /opt/airflow/dags/processSQL.py took 0.325 seconds
[2023-05-19T04:09:03.861+0000] {processor.py:156} INFO - Started process (PID=195) to work on /opt/airflow/dags/processSQL.py
[2023-05-19T04:09:03.863+0000] {processor.py:758} INFO - Processing file /opt/airflow/dags/processSQL.py for tasks to queue
[2023-05-19T04:09:03.865+0000] {logging_mixin.py:117} INFO - [2023-05-19T04:09:03.865+0000] {dagbag.py:525} INFO - Filling up the DagBag from /opt/airflow/dags/processSQL.py
[2023-05-19T04:09:03.964+0000] {processor.py:768} INFO - DAG(s) dict_keys(['postgresSQL']) retrieved from /opt/airflow/dags/processSQL.py
[2023-05-19T04:09:04.104+0000] {logging_mixin.py:117} INFO - [2023-05-19T04:09:04.103+0000] {dag.py:2573} INFO - Sync 1 DAGs
[2023-05-19T04:09:04.200+0000] {logging_mixin.py:117} INFO - [2023-05-19T04:09:04.199+0000] {dag.py:3328} INFO - Setting next_dagrun for postgresSQL to 2023-01-31T17:00:00+00:00, run_after=2023-01-31T17:00:00+00:00
[2023-05-19T04:09:04.270+0000] {processor.py:178} INFO - Processing /opt/airflow/dags/processSQL.py took 0.420 seconds
[2023-05-19T04:12:25.007+0000] {processor.py:156} INFO - Started process (PID=46) to work on /opt/airflow/dags/processSQL.py
[2023-05-19T04:12:25.010+0000] {processor.py:758} INFO - Processing file /opt/airflow/dags/processSQL.py for tasks to queue
[2023-05-19T04:12:25.012+0000] {logging_mixin.py:117} INFO - [2023-05-19T04:12:25.012+0000] {dagbag.py:525} INFO - Filling up the DagBag from /opt/airflow/dags/processSQL.py
[2023-05-19T04:12:25.167+0000] {processor.py:768} INFO - DAG(s) dict_keys(['postgresSQL']) retrieved from /opt/airflow/dags/processSQL.py
[2023-05-19T04:18:22.204+0000] {processor.py:156} INFO - Started process (PID=47) to work on /opt/airflow/dags/processSQL.py
[2023-05-19T04:18:22.206+0000] {processor.py:758} INFO - Processing file /opt/airflow/dags/processSQL.py for tasks to queue
[2023-05-19T04:18:22.209+0000] {logging_mixin.py:117} INFO - [2023-05-19T04:18:22.208+0000] {dagbag.py:525} INFO - Filling up the DagBag from /opt/airflow/dags/processSQL.py
[2023-05-19T04:18:22.427+0000] {processor.py:768} INFO - DAG(s) dict_keys(['postgresSQL']) retrieved from /opt/airflow/dags/processSQL.py
[2023-05-19T04:18:23.002+0000] {logging_mixin.py:117} INFO - [2023-05-19T04:18:23.002+0000] {dag.py:2573} INFO - Sync 1 DAGs
[2023-05-19T04:18:23.237+0000] {logging_mixin.py:117} INFO - [2023-05-19T04:18:23.236+0000] {dag.py:3328} INFO - Setting next_dagrun for postgresSQL to 2023-01-31T17:00:00+00:00, run_after=2023-01-31T17:00:00+00:00
