[2023-05-17T09:00:32.958+0000] {warnings.py:110} WARNING - /usr/local/lib/python3.7/site-packages/***/models/taskinstance.py:871: SAWarning: TypeDecorator ExecutorConfigType() will not produce a cache key because the ``cache_ok`` attribute is not set to True.  This can have significant performance implications including some performance degradations in comparison to prior SQLAlchemy versions.  Set this attribute to True if this type object's state is safe to use in a cache key, or False to disable this warning. (Background on this error at: https://sqlalche.me/e/14/cprf)
  ti: TaskInstance | None = qry.with_for_update().one_or_none()

[2023-05-17T09:00:33.077+0000] {taskinstance.py:1165} INFO - Dependencies all met for <TaskInstance: job_1_tranvietcuong_2.file_sensor scheduled__2023-05-11T17:30:00+00:00 [queued]>
[2023-05-17T09:00:33.140+0000] {taskinstance.py:1165} INFO - Dependencies all met for <TaskInstance: job_1_tranvietcuong_2.file_sensor scheduled__2023-05-11T17:30:00+00:00 [queued]>
[2023-05-17T09:00:33.141+0000] {taskinstance.py:1362} INFO - 
--------------------------------------------------------------------------------
[2023-05-17T09:00:33.142+0000] {taskinstance.py:1363} INFO - Starting attempt 1 of 1
[2023-05-17T09:00:33.143+0000] {taskinstance.py:1364} INFO - 
--------------------------------------------------------------------------------
[2023-05-17T09:00:33.223+0000] {taskinstance.py:1383} INFO - Executing <Task(FileSensor): file_sensor> on 2023-05-11 17:30:00+00:00
[2023-05-17T09:00:33.241+0000] {standard_task_runner.py:54} INFO - Started process 219 to run task
[2023-05-17T09:00:33.253+0000] {standard_task_runner.py:82} INFO - Running: ['***', 'tasks', 'run', 'job_1_tranvietcuong_2', 'file_sensor', 'scheduled__2023-05-11T17:30:00+00:00', '--job-id', '3891', '--raw', '--subdir', 'DAGS_FOLDER/tranvietcuong.py', '--cfg-path', '/tmp/tmp_m8eh0_f']
[2023-05-17T09:00:33.255+0000] {standard_task_runner.py:83} INFO - Job 3891: Subtask file_sensor
[2023-05-17T09:00:33.259+0000] {dagbag.py:525} INFO - Filling up the DagBag from /opt/***/dags/tranvietcuong.py
[2023-05-17T09:00:33.575+0000] {task_command.py:384} INFO - Running <TaskInstance: job_1_tranvietcuong_2.file_sensor scheduled__2023-05-11T17:30:00+00:00 [running]> on host b5c083b5be9a
[2023-05-17T09:00:33.589+0000] {warnings.py:110} WARNING - /usr/local/lib/python3.7/site-packages/***/models/taskinstance.py:873: SAWarning: TypeDecorator ExecutorConfigType() will not produce a cache key because the ``cache_ok`` attribute is not set to True.  This can have significant performance implications including some performance degradations in comparison to prior SQLAlchemy versions.  Set this attribute to True if this type object's state is safe to use in a cache key, or False to disable this warning. (Background on this error at: https://sqlalche.me/e/14/cprf)
  ti = qry.one_or_none()

[2023-05-17T09:00:34.083+0000] {taskinstance.py:1592} INFO - Exporting the following env vars:
AIRFLOW_CTX_DAG_EMAIL=user@example.com
AIRFLOW_CTX_DAG_OWNER=***
AIRFLOW_CTX_DAG_ID=job_1_tranvietcuong_2
AIRFLOW_CTX_TASK_ID=file_sensor
AIRFLOW_CTX_EXECUTION_DATE=2023-05-11T17:30:00+00:00
AIRFLOW_CTX_TRY_NUMBER=1
AIRFLOW_CTX_DAG_RUN_ID=scheduled__2023-05-11T17:30:00+00:00
[2023-05-17T09:00:34.206+0000] {base.py:71} INFO - Using connection ID 'fs_default' for task execution.
[2023-05-17T09:00:34.208+0000] {filesystem.py:58} INFO - Poking for file /opt/***/dags/tmp/*dejob*
[2023-05-17T09:00:34.241+0000] {warnings.py:110} WARNING - /usr/local/lib/python3.7/site-packages/***/models/taskinstance.py:873: SAWarning: TypeDecorator ExecutorConfigType() will not produce a cache key because the ``cache_ok`` attribute is not set to True.  This can have significant performance implications including some performance degradations in comparison to prior SQLAlchemy versions.  Set this attribute to True if this type object's state is safe to use in a cache key, or False to disable this warning. (Background on this error at: https://sqlalche.me/e/14/cprf)
  ti = qry.one_or_none()

[2023-05-17T09:00:34.356+0000] {taskinstance.py:1815} INFO - Rescheduling task, marking task as UP_FOR_RESCHEDULE
[2023-05-17T09:00:34.392+0000] {local_task_job.py:164} INFO - Task exited with return code 0
[2023-05-17T09:00:34.735+0000] {local_task_job.py:273} INFO - 0 downstream tasks scheduled from follow-on schedule check
[2023-05-17T09:00:52.766+0000] {warnings.py:110} WARNING - /usr/local/lib/python3.7/site-packages/***/models/taskinstance.py:871: SAWarning: TypeDecorator ExecutorConfigType() will not produce a cache key because the ``cache_ok`` attribute is not set to True.  This can have significant performance implications including some performance degradations in comparison to prior SQLAlchemy versions.  Set this attribute to True if this type object's state is safe to use in a cache key, or False to disable this warning. (Background on this error at: https://sqlalche.me/e/14/cprf)
  ti: TaskInstance | None = qry.with_for_update().one_or_none()

[2023-05-17T09:00:52.847+0000] {taskinstance.py:1165} INFO - Dependencies all met for <TaskInstance: job_1_tranvietcuong_2.file_sensor scheduled__2023-05-11T17:30:00+00:00 [queued]>
[2023-05-17T09:00:52.901+0000] {taskinstance.py:1165} INFO - Dependencies all met for <TaskInstance: job_1_tranvietcuong_2.file_sensor scheduled__2023-05-11T17:30:00+00:00 [queued]>
[2023-05-17T09:00:52.902+0000] {taskinstance.py:1362} INFO - 
--------------------------------------------------------------------------------
[2023-05-17T09:00:52.902+0000] {taskinstance.py:1363} INFO - Starting attempt 1 of 1
[2023-05-17T09:00:52.903+0000] {taskinstance.py:1364} INFO - 
--------------------------------------------------------------------------------
[2023-05-17T09:00:52.994+0000] {taskinstance.py:1383} INFO - Executing <Task(FileSensor): file_sensor> on 2023-05-11 17:30:00+00:00
[2023-05-17T09:00:53.010+0000] {standard_task_runner.py:54} INFO - Started process 262 to run task
[2023-05-17T09:00:53.025+0000] {standard_task_runner.py:82} INFO - Running: ['***', 'tasks', 'run', 'job_1_tranvietcuong_2', 'file_sensor', 'scheduled__2023-05-11T17:30:00+00:00', '--job-id', '3907', '--raw', '--subdir', 'DAGS_FOLDER/tranvietcuong.py', '--cfg-path', '/tmp/tmpx0e3uf1d']
[2023-05-17T09:00:53.027+0000] {standard_task_runner.py:83} INFO - Job 3907: Subtask file_sensor
[2023-05-17T09:00:53.031+0000] {dagbag.py:525} INFO - Filling up the DagBag from /opt/***/dags/tranvietcuong.py
[2023-05-17T09:00:53.343+0000] {task_command.py:384} INFO - Running <TaskInstance: job_1_tranvietcuong_2.file_sensor scheduled__2023-05-11T17:30:00+00:00 [running]> on host b5c083b5be9a
[2023-05-17T09:00:53.354+0000] {warnings.py:110} WARNING - /usr/local/lib/python3.7/site-packages/***/models/taskinstance.py:873: SAWarning: TypeDecorator ExecutorConfigType() will not produce a cache key because the ``cache_ok`` attribute is not set to True.  This can have significant performance implications including some performance degradations in comparison to prior SQLAlchemy versions.  Set this attribute to True if this type object's state is safe to use in a cache key, or False to disable this warning. (Background on this error at: https://sqlalche.me/e/14/cprf)
  ti = qry.one_or_none()

[2023-05-17T09:00:53.822+0000] {taskinstance.py:1592} INFO - Exporting the following env vars:
AIRFLOW_CTX_DAG_EMAIL=user@example.com
AIRFLOW_CTX_DAG_OWNER=***
AIRFLOW_CTX_DAG_ID=job_1_tranvietcuong_2
AIRFLOW_CTX_TASK_ID=file_sensor
AIRFLOW_CTX_EXECUTION_DATE=2023-05-11T17:30:00+00:00
AIRFLOW_CTX_TRY_NUMBER=1
AIRFLOW_CTX_DAG_RUN_ID=scheduled__2023-05-11T17:30:00+00:00
[2023-05-17T09:00:53.962+0000] {base.py:71} INFO - Using connection ID 'fs_default' for task execution.
[2023-05-17T09:00:53.966+0000] {filesystem.py:58} INFO - Poking for file /opt/***/dags/tmp/*dejob*
[2023-05-17T09:00:53.969+0000] {taskinstance.py:1851} ERROR - Task failed with exception
Traceback (most recent call last):
  File "/usr/local/lib/python3.7/site-packages/airflow/sensors/base.py", line 200, in execute
    raise AirflowSensorTimeout(f"Snap. Time is OUT. DAG id: {log_dag_id}")
airflow.exceptions.AirflowSensorTimeout: Snap. Time is OUT. DAG id: job_1_tranvietcuong_2
[2023-05-17T09:00:54.013+0000] {warnings.py:110} WARNING - /usr/local/lib/python3.7/site-packages/***/models/taskinstance.py:873: SAWarning: TypeDecorator ExecutorConfigType() will not produce a cache key because the ``cache_ok`` attribute is not set to True.  This can have significant performance implications including some performance degradations in comparison to prior SQLAlchemy versions.  Set this attribute to True if this type object's state is safe to use in a cache key, or False to disable this warning. (Background on this error at: https://sqlalche.me/e/14/cprf)
  ti = qry.one_or_none()

[2023-05-17T09:00:54.052+0000] {taskinstance.py:1406} INFO - Immediate failure requested. Marking task as FAILED. dag_id=job_1_tranvietcuong_2, task_id=file_sensor, execution_date=20230511T173000, start_date=20230517T090052, end_date=20230517T090054
[2023-05-17T09:00:54.121+0000] {warnings.py:110} WARNING - /usr/local/lib/python3.7/site-packages/***/utils/email.py:120: RemovedInAirflow3Warning: Fetching SMTP credentials from configuration variables will be deprecated in a future release. Please set credentials using a connection instead.
  send_mime_email(e_from=mail_from, e_to=recipients, mime_msg=msg, conn_id=conn_id, dryrun=dryrun)

[2023-05-17T09:00:54.123+0000] {configuration.py:569} WARNING - section/key [smtp/smtp_user] not found in config
[2023-05-17T09:00:54.123+0000] {email.py:229} INFO - Email alerting: attempt 1
[2023-05-17T09:00:54.175+0000] {configuration.py:569} WARNING - section/key [smtp/smtp_user] not found in config
[2023-05-17T09:00:54.176+0000] {email.py:229} INFO - Email alerting: attempt 1
[2023-05-17T09:00:54.177+0000] {taskinstance.py:1914} ERROR - Failed to send email to: ['user@example.com']
Traceback (most recent call last):
  File "/usr/local/lib/python3.7/site-packages/airflow/models/taskinstance.py", line 1457, in _run_raw_task
    self._execute_task_with_callbacks(context, test_mode)
  File "/usr/local/lib/python3.7/site-packages/airflow/models/taskinstance.py", line 1603, in _execute_task_with_callbacks
    result = self._execute_task(context, task_orig)
  File "/usr/local/lib/python3.7/site-packages/airflow/models/taskinstance.py", line 1664, in _execute_task
    result = execute_callable(context=context)
  File "/usr/local/lib/python3.7/site-packages/airflow/sensors/base.py", line 200, in execute
    raise AirflowSensorTimeout(f"Snap. Time is OUT. DAG id: {log_dag_id}")
airflow.exceptions.AirflowSensorTimeout: Snap. Time is OUT. DAG id: job_1_tranvietcuong_2

During handling of the above exception, another exception occurred:

Traceback (most recent call last):
  File "/usr/local/lib/python3.7/site-packages/airflow/models/taskinstance.py", line 2311, in email_alert
    send_email(task.email, subject, html_content)
  File "/usr/local/lib/python3.7/site-packages/airflow/utils/email.py", line 72, in send_email
    **kwargs,
  File "/usr/local/lib/python3.7/site-packages/airflow/utils/email.py", line 120, in send_email_smtp
    send_mime_email(e_from=mail_from, e_to=recipients, mime_msg=msg, conn_id=conn_id, dryrun=dryrun)
  File "/usr/local/lib/python3.7/site-packages/airflow/utils/email.py", line 231, in send_mime_email
    smtp_conn = _get_smtp_connection(smtp_host, smtp_port, smtp_timeout, smtp_ssl)
  File "/usr/local/lib/python3.7/site-packages/airflow/utils/email.py", line 265, in _get_smtp_connection
    else smtplib.SMTP(host=host, port=port, timeout=timeout)
  File "/usr/local/lib/python3.7/smtplib.py", line 251, in __init__
    (code, msg) = self.connect(host, port)
  File "/usr/local/lib/python3.7/smtplib.py", line 336, in connect
    self.sock = self._get_socket(host, port, self.timeout)
  File "/usr/local/lib/python3.7/smtplib.py", line 307, in _get_socket
    self.source_address)
  File "/usr/local/lib/python3.7/socket.py", line 728, in create_connection
    raise err
  File "/usr/local/lib/python3.7/socket.py", line 716, in create_connection
    sock.connect(sa)
OSError: [Errno 99] Cannot assign requested address

During handling of the above exception, another exception occurred:

Traceback (most recent call last):
  File "/usr/local/lib/python3.7/site-packages/airflow/models/taskinstance.py", line 1912, in handle_failure
    self.email_alert(error, task)
  File "/usr/local/lib/python3.7/site-packages/airflow/models/taskinstance.py", line 2313, in email_alert
    send_email(task.email, subject, html_content_err)
  File "/usr/local/lib/python3.7/site-packages/airflow/utils/email.py", line 72, in send_email
    **kwargs,
  File "/usr/local/lib/python3.7/site-packages/airflow/utils/email.py", line 120, in send_email_smtp
    send_mime_email(e_from=mail_from, e_to=recipients, mime_msg=msg, conn_id=conn_id, dryrun=dryrun)
  File "/usr/local/lib/python3.7/site-packages/airflow/utils/email.py", line 231, in send_mime_email
    smtp_conn = _get_smtp_connection(smtp_host, smtp_port, smtp_timeout, smtp_ssl)
  File "/usr/local/lib/python3.7/site-packages/airflow/utils/email.py", line 265, in _get_smtp_connection
    else smtplib.SMTP(host=host, port=port, timeout=timeout)
  File "/usr/local/lib/python3.7/smtplib.py", line 251, in __init__
    (code, msg) = self.connect(host, port)
  File "/usr/local/lib/python3.7/smtplib.py", line 336, in connect
    self.sock = self._get_socket(host, port, self.timeout)
  File "/usr/local/lib/python3.7/smtplib.py", line 307, in _get_socket
    self.source_address)
  File "/usr/local/lib/python3.7/socket.py", line 728, in create_connection
    raise err
  File "/usr/local/lib/python3.7/socket.py", line 716, in create_connection
    sock.connect(sa)
OSError: [Errno 99] Cannot assign requested address
[2023-05-17T09:00:54.183+0000] {taskinstance.py:1619} ERROR - Error when executing on_failure callback
Traceback (most recent call last):
  File "/usr/local/lib/python3.7/site-packages/airflow/models/taskinstance.py", line 1457, in _run_raw_task
    self._execute_task_with_callbacks(context, test_mode)
  File "/usr/local/lib/python3.7/site-packages/airflow/models/taskinstance.py", line 1603, in _execute_task_with_callbacks
    result = self._execute_task(context, task_orig)
  File "/usr/local/lib/python3.7/site-packages/airflow/models/taskinstance.py", line 1664, in _execute_task
    result = execute_callable(context=context)
  File "/usr/local/lib/python3.7/site-packages/airflow/sensors/base.py", line 200, in execute
    raise AirflowSensorTimeout(f"Snap. Time is OUT. DAG id: {log_dag_id}")
airflow.exceptions.AirflowSensorTimeout: Snap. Time is OUT. DAG id: job_1_tranvietcuong_2

During handling of the above exception, another exception occurred:

Traceback (most recent call last):
  File "/usr/local/lib/python3.7/site-packages/airflow/models/taskinstance.py", line 1617, in _run_finished_callback
    callback(context)
TypeError: send_file_not_found_email() takes 0 positional arguments but 1 was given
[2023-05-17T09:00:54.254+0000] {standard_task_runner.py:107} ERROR - Failed to execute job 3907 for task file_sensor (Snap. Time is OUT. DAG id: job_1_tranvietcuong_2; 262)
[2023-05-17T09:00:54.328+0000] {local_task_job.py:164} INFO - Task exited with return code 1
[2023-05-17T09:00:56.061+0000] {local_task_job.py:273} INFO - 0 downstream tasks scheduled from follow-on schedule check
