[2023-05-11T17:46:03.544+0000] {warnings.py:110} WARNING - /usr/local/lib/python3.7/site-packages/***/models/taskinstance.py:871: SAWarning: TypeDecorator ExecutorConfigType() will not produce a cache key because the ``cache_ok`` attribute is not set to True.  This can have significant performance implications including some performance degradations in comparison to prior SQLAlchemy versions.  Set this attribute to True if this type object's state is safe to use in a cache key, or False to disable this warning. (Background on this error at: https://sqlalche.me/e/14/cprf)
  ti: TaskInstance | None = qry.with_for_update().one_or_none()

[2023-05-11T17:46:03.687+0000] {taskinstance.py:1165} INFO - Dependencies all met for <TaskInstance: job_1_tranvietcuong.file_process scheduled__2023-05-11T17:25:00+00:00 [queued]>
[2023-05-11T17:46:03.860+0000] {taskinstance.py:1165} INFO - Dependencies all met for <TaskInstance: job_1_tranvietcuong.file_process scheduled__2023-05-11T17:25:00+00:00 [queued]>
[2023-05-11T17:46:03.861+0000] {taskinstance.py:1362} INFO - 
--------------------------------------------------------------------------------
[2023-05-11T17:46:03.862+0000] {taskinstance.py:1363} INFO - Starting attempt 2 of 2
[2023-05-11T17:46:03.863+0000] {taskinstance.py:1364} INFO - 
--------------------------------------------------------------------------------
[2023-05-11T17:46:04.702+0000] {taskinstance.py:1383} INFO - Executing <Task(PythonOperator): file_process> on 2023-05-11 17:25:00+00:00
[2023-05-11T17:46:04.725+0000] {standard_task_runner.py:54} INFO - Started process 400 to run task
[2023-05-11T17:46:04.849+0000] {standard_task_runner.py:82} INFO - Running: ['***', 'tasks', 'run', 'job_1_tranvietcuong', 'file_process', 'scheduled__2023-05-11T17:25:00+00:00', '--job-id', '172', '--raw', '--subdir', 'DAGS_FOLDER/tranvietcuong.py', '--cfg-path', '/tmp/tmpjh5m7ch5']
[2023-05-11T17:46:04.852+0000] {standard_task_runner.py:83} INFO - Job 172: Subtask file_process
[2023-05-11T17:46:04.886+0000] {dagbag.py:525} INFO - Filling up the DagBag from /opt/***/dags/tranvietcuong.py
[2023-05-11T17:46:05.601+0000] {task_command.py:384} INFO - Running <TaskInstance: job_1_tranvietcuong.file_process scheduled__2023-05-11T17:25:00+00:00 [running]> on host 09877495cfa0
[2023-05-11T17:46:05.615+0000] {warnings.py:110} WARNING - /usr/local/lib/python3.7/site-packages/***/models/taskinstance.py:873: SAWarning: TypeDecorator ExecutorConfigType() will not produce a cache key because the ``cache_ok`` attribute is not set to True.  This can have significant performance implications including some performance degradations in comparison to prior SQLAlchemy versions.  Set this attribute to True if this type object's state is safe to use in a cache key, or False to disable this warning. (Background on this error at: https://sqlalche.me/e/14/cprf)
  ti = qry.one_or_none()

[2023-05-11T17:46:06.227+0000] {taskinstance.py:1592} INFO - Exporting the following env vars:
AIRFLOW_CTX_DAG_OWNER=***
AIRFLOW_CTX_DAG_ID=job_1_tranvietcuong
AIRFLOW_CTX_TASK_ID=file_process
AIRFLOW_CTX_EXECUTION_DATE=2023-05-11T17:25:00+00:00
AIRFLOW_CTX_TRY_NUMBER=2
AIRFLOW_CTX_DAG_RUN_ID=scheduled__2023-05-11T17:25:00+00:00
[2023-05-11T17:46:06.231+0000] {taskinstance.py:1851} ERROR - Task failed with exception
Traceback (most recent call last):
  File "/usr/local/lib/python3.7/site-packages/airflow/operators/python.py", line 175, in execute
    return_value = self.execute_callable()
  File "/usr/local/lib/python3.7/site-packages/airflow/operators/python.py", line 193, in execute_callable
    return self.python_callable(*self.op_args, **self.op_kwargs)
  File "/opt/airflow/dags/tranvietcuong.py", line 15, in file_process
    with open('/tmp/' + file_read, 'r') as f:
FileNotFoundError: [Errno 2] No such file or directory: '/tmp/dejob.txt'
[2023-05-11T17:46:06.286+0000] {warnings.py:110} WARNING - /usr/local/lib/python3.7/site-packages/***/models/taskinstance.py:873: SAWarning: TypeDecorator ExecutorConfigType() will not produce a cache key because the ``cache_ok`` attribute is not set to True.  This can have significant performance implications including some performance degradations in comparison to prior SQLAlchemy versions.  Set this attribute to True if this type object's state is safe to use in a cache key, or False to disable this warning. (Background on this error at: https://sqlalche.me/e/14/cprf)
  ti = qry.one_or_none()

[2023-05-11T17:46:06.319+0000] {taskinstance.py:1406} INFO - Marking task as FAILED. dag_id=job_1_tranvietcuong, task_id=file_process, execution_date=20230511T172500, start_date=20230511T174603, end_date=20230511T174606
[2023-05-11T17:46:06.391+0000] {standard_task_runner.py:107} ERROR - Failed to execute job 172 for task file_process ([Errno 2] No such file or directory: '/tmp/dejob.txt'; 400)
[2023-05-11T17:46:06.461+0000] {local_task_job.py:164} INFO - Task exited with return code 1
[2023-05-11T17:46:06.785+0000] {local_task_job.py:273} INFO - 0 downstream tasks scheduled from follow-on schedule check
