[2023-05-29T08:28:47.394+0000] {warnings.py:110} WARNING - /usr/local/lib/python3.7/site-packages/***/models/taskinstance.py:871: SAWarning: TypeDecorator ExecutorConfigType() will not produce a cache key because the ``cache_ok`` attribute is not set to True.  This can have significant performance implications including some performance degradations in comparison to prior SQLAlchemy versions.  Set this attribute to True if this type object's state is safe to use in a cache key, or False to disable this warning. (Background on this error at: https://sqlalche.me/e/14/cprf)
  ti: TaskInstance | None = qry.with_for_update().one_or_none()

[2023-05-29T08:28:47.442+0000] {taskinstance.py:1165} INFO - Dependencies all met for <TaskInstance: trungtran_process_data_1.trungtran_clean_data_11 manual__2023-05-29T08:28:43.351375+00:00 [queued]>
[2023-05-29T08:28:47.477+0000] {taskinstance.py:1165} INFO - Dependencies all met for <TaskInstance: trungtran_process_data_1.trungtran_clean_data_11 manual__2023-05-29T08:28:43.351375+00:00 [queued]>
[2023-05-29T08:28:47.478+0000] {taskinstance.py:1362} INFO - 
--------------------------------------------------------------------------------
[2023-05-29T08:28:47.478+0000] {taskinstance.py:1363} INFO - Starting attempt 1 of 2
[2023-05-29T08:28:47.478+0000] {taskinstance.py:1364} INFO - 
--------------------------------------------------------------------------------
[2023-05-29T08:28:47.543+0000] {taskinstance.py:1383} INFO - Executing <Task(SparkSubmitOperator): trungtran_clean_data_11> on 2023-05-29 08:28:43.351375+00:00
[2023-05-29T08:28:47.561+0000] {standard_task_runner.py:54} INFO - Started process 5695 to run task
[2023-05-29T08:28:47.570+0000] {standard_task_runner.py:82} INFO - Running: ['***', 'tasks', 'run', 'trungtran_process_data_1', 'trungtran_clean_data_11', 'manual__2023-05-29T08:28:43.351375+00:00', '--job-id', '4534', '--raw', '--subdir', 'DAGS_FOLDER/trungtran_process.py', '--cfg-path', '/tmp/tmp3nphodym']
[2023-05-29T08:28:47.572+0000] {standard_task_runner.py:83} INFO - Job 4534: Subtask trungtran_clean_data_11
[2023-05-29T08:28:47.575+0000] {dagbag.py:525} INFO - Filling up the DagBag from /opt/***/dags/trungtran_process.py
[2023-05-29T08:28:47.958+0000] {task_command.py:384} INFO - Running <TaskInstance: trungtran_process_data_1.trungtran_clean_data_11 manual__2023-05-29T08:28:43.351375+00:00 [running]> on host d68e775f4ed7
[2023-05-29T08:28:47.972+0000] {warnings.py:110} WARNING - /usr/local/lib/python3.7/site-packages/***/models/taskinstance.py:873: SAWarning: TypeDecorator ExecutorConfigType() will not produce a cache key because the ``cache_ok`` attribute is not set to True.  This can have significant performance implications including some performance degradations in comparison to prior SQLAlchemy versions.  Set this attribute to True if this type object's state is safe to use in a cache key, or False to disable this warning. (Background on this error at: https://sqlalche.me/e/14/cprf)
  ti = qry.one_or_none()

[2023-05-29T08:28:48.378+0000] {taskinstance.py:1592} INFO - Exporting the following env vars:
AIRFLOW_CTX_DAG_EMAIL=pioneer22022001@gmail.com
AIRFLOW_CTX_DAG_OWNER=***
AIRFLOW_CTX_DAG_ID=trungtran_process_data_1
AIRFLOW_CTX_TASK_ID=trungtran_clean_data_11
AIRFLOW_CTX_EXECUTION_DATE=2023-05-29T08:28:43.351375+00:00
AIRFLOW_CTX_TRY_NUMBER=1
AIRFLOW_CTX_DAG_RUN_ID=manual__2023-05-29T08:28:43.351375+00:00
[2023-05-29T08:28:48.417+0000] {base.py:71} INFO - Using connection ID 'other_spark_local' for task execution.
[2023-05-29T08:28:48.422+0000] {spark_submit.py:339} INFO - Spark-Submit cmd: spark-submit --master spark://spark-master:7077 --conf spark.master=spark://spark-master:7077 --name trungtran_clean_data --verbose /opt/spark/app/process_trungtran.py
[2023-05-29T08:28:48.476+0000] {spark_submit.py:490} INFO - /opt/spark/bin/load-spark-env.sh: line 68: ps: command not found
[2023-05-29T08:28:51.839+0000] {spark_submit.py:490} INFO - Using properties file: null
[2023-05-29T08:28:52.401+0000] {spark_submit.py:490} INFO - Parsed arguments:
[2023-05-29T08:28:52.401+0000] {spark_submit.py:490} INFO - master                  spark://spark-master:7077
[2023-05-29T08:28:52.402+0000] {spark_submit.py:490} INFO - deployMode              null
[2023-05-29T08:28:52.402+0000] {spark_submit.py:490} INFO - executorMemory          null
[2023-05-29T08:28:52.402+0000] {spark_submit.py:490} INFO - executorCores           null
[2023-05-29T08:28:52.403+0000] {spark_submit.py:490} INFO - totalExecutorCores      null
[2023-05-29T08:28:52.403+0000] {spark_submit.py:490} INFO - propertiesFile          null
[2023-05-29T08:28:52.403+0000] {spark_submit.py:490} INFO - driverMemory            null
[2023-05-29T08:28:52.404+0000] {spark_submit.py:490} INFO - driverCores             null
[2023-05-29T08:28:52.404+0000] {spark_submit.py:490} INFO - driverExtraClassPath    null
[2023-05-29T08:28:52.404+0000] {spark_submit.py:490} INFO - driverExtraLibraryPath  null
[2023-05-29T08:28:52.405+0000] {spark_submit.py:490} INFO - driverExtraJavaOptions  null
[2023-05-29T08:28:52.405+0000] {spark_submit.py:490} INFO - supervise               false
[2023-05-29T08:28:52.405+0000] {spark_submit.py:490} INFO - queue                   null
[2023-05-29T08:28:52.406+0000] {spark_submit.py:490} INFO - numExecutors            null
[2023-05-29T08:28:52.406+0000] {spark_submit.py:490} INFO - files                   null
[2023-05-29T08:28:52.406+0000] {spark_submit.py:490} INFO - pyFiles                 null
[2023-05-29T08:28:52.406+0000] {spark_submit.py:490} INFO - archives                null
[2023-05-29T08:28:52.407+0000] {spark_submit.py:490} INFO - mainClass               null
[2023-05-29T08:28:52.407+0000] {spark_submit.py:490} INFO - primaryResource         file:/opt/spark/app/process_trungtran.py
[2023-05-29T08:28:52.407+0000] {spark_submit.py:490} INFO - name                    trungtran_clean_data
[2023-05-29T08:28:52.407+0000] {spark_submit.py:490} INFO - childArgs               []
[2023-05-29T08:28:52.408+0000] {spark_submit.py:490} INFO - jars                    null
[2023-05-29T08:28:52.408+0000] {spark_submit.py:490} INFO - packages                null
[2023-05-29T08:28:52.408+0000] {spark_submit.py:490} INFO - packagesExclusions      null
[2023-05-29T08:28:52.409+0000] {spark_submit.py:490} INFO - repositories            null
[2023-05-29T08:28:52.409+0000] {spark_submit.py:490} INFO - verbose                 true
[2023-05-29T08:28:52.409+0000] {spark_submit.py:490} INFO - 
[2023-05-29T08:28:52.409+0000] {spark_submit.py:490} INFO - Spark properties used, including those specified through
[2023-05-29T08:28:52.410+0000] {spark_submit.py:490} INFO - --conf and those from the properties file null:
[2023-05-29T08:28:52.410+0000] {spark_submit.py:490} INFO - (spark.master,spark://spark-master:7077)
[2023-05-29T08:28:52.410+0000] {spark_submit.py:490} INFO - 
[2023-05-29T08:28:52.411+0000] {spark_submit.py:490} INFO - 
[2023-05-29T08:28:52.686+0000] {warnings.py:110} WARNING - /usr/local/lib/python3.7/site-packages/***/models/taskinstance.py:873: SAWarning: TypeDecorator ExecutorConfigType() will not produce a cache key because the ``cache_ok`` attribute is not set to True.  This can have significant performance implications including some performance degradations in comparison to prior SQLAlchemy versions.  Set this attribute to True if this type object's state is safe to use in a cache key, or False to disable this warning. (Background on this error at: https://sqlalche.me/e/14/cprf)
  ti = qry.one_or_none()

[2023-05-29T08:28:53.360+0000] {spark_submit.py:490} INFO - Main class:
[2023-05-29T08:28:53.361+0000] {spark_submit.py:490} INFO - org.apache.spark.deploy.PythonRunner
[2023-05-29T08:28:53.362+0000] {spark_submit.py:490} INFO - Arguments:
[2023-05-29T08:28:53.363+0000] {spark_submit.py:490} INFO - file:/opt/spark/app/process_trungtran.py
[2023-05-29T08:28:53.363+0000] {spark_submit.py:490} INFO - null
[2023-05-29T08:28:53.368+0000] {spark_submit.py:490} INFO - Spark config:
[2023-05-29T08:28:53.369+0000] {spark_submit.py:490} INFO - (spark.app.name,trungtran_clean_data)
[2023-05-29T08:28:53.370+0000] {spark_submit.py:490} INFO - (spark.master,spark://spark-master:7077)
[2023-05-29T08:28:53.370+0000] {spark_submit.py:490} INFO - (spark.submit.pyFiles,)
[2023-05-29T08:28:53.371+0000] {spark_submit.py:490} INFO - (spark.submit.deployMode,client)
[2023-05-29T08:28:53.372+0000] {spark_submit.py:490} INFO - Classpath elements:
[2023-05-29T08:28:53.372+0000] {spark_submit.py:490} INFO - 
[2023-05-29T08:28:53.373+0000] {spark_submit.py:490} INFO - 
[2023-05-29T08:28:53.373+0000] {spark_submit.py:490} INFO - 
[2023-05-29T08:28:54.893+0000] {spark_submit.py:490} INFO - Using Spark's default log4j profile: org/apache/spark/log4j-defaults.properties
[2023-05-29T08:28:54.919+0000] {spark_submit.py:490} INFO - 23/05/29 08:28:54 INFO SparkContext: Running Spark version 3.2.3
[2023-05-29T08:28:55.254+0000] {spark_submit.py:490} INFO - 23/05/29 08:28:55 WARN NativeCodeLoader: Unable to load native-hadoop library for your platform... using builtin-java classes where applicable
[2023-05-29T08:28:55.491+0000] {spark_submit.py:490} INFO - 23/05/29 08:28:55 INFO ResourceUtils: ==============================================================
[2023-05-29T08:28:55.493+0000] {spark_submit.py:490} INFO - 23/05/29 08:28:55 INFO ResourceUtils: No custom resources configured for spark.driver.
[2023-05-29T08:28:55.494+0000] {spark_submit.py:490} INFO - 23/05/29 08:28:55 INFO ResourceUtils: ==============================================================
[2023-05-29T08:28:55.495+0000] {spark_submit.py:490} INFO - 23/05/29 08:28:55 INFO SparkContext: Submitted application: clean_data_trungtran
[2023-05-29T08:28:55.553+0000] {spark_submit.py:490} INFO - 23/05/29 08:28:55 INFO ResourceProfile: Default ResourceProfile created, executor resources: Map(cores -> name: cores, amount: 1, script: , vendor: , memory -> name: memory, amount: 1024, script: , vendor: , offHeap -> name: offHeap, amount: 0, script: , vendor: ), task resources: Map(cpus -> name: cpus, amount: 1.0)
[2023-05-29T08:28:55.586+0000] {spark_submit.py:490} INFO - 23/05/29 08:28:55 INFO ResourceProfile: Limiting resource is cpu
[2023-05-29T08:28:55.588+0000] {spark_submit.py:490} INFO - 23/05/29 08:28:55 INFO ResourceProfileManager: Added ResourceProfile id: 0
[2023-05-29T08:28:55.711+0000] {spark_submit.py:490} INFO - 23/05/29 08:28:55 INFO SecurityManager: Changing view acls to: ***
[2023-05-29T08:28:55.712+0000] {spark_submit.py:490} INFO - 23/05/29 08:28:55 INFO SecurityManager: Changing modify acls to: ***
[2023-05-29T08:28:55.713+0000] {spark_submit.py:490} INFO - 23/05/29 08:28:55 INFO SecurityManager: Changing view acls groups to:
[2023-05-29T08:28:55.715+0000] {spark_submit.py:490} INFO - 23/05/29 08:28:55 INFO SecurityManager: Changing modify acls groups to:
[2023-05-29T08:28:55.716+0000] {spark_submit.py:490} INFO - 23/05/29 08:28:55 INFO SecurityManager: SecurityManager: authentication disabled; ui acls disabled; users  with view permissions: Set(***); groups with view permissions: Set(); users  with modify permissions: Set(***); groups with modify permissions: Set()
[2023-05-29T08:28:56.387+0000] {spark_submit.py:490} INFO - 23/05/29 08:28:56 INFO Utils: Successfully started service 'sparkDriver' on port 46781.
[2023-05-29T08:28:56.453+0000] {spark_submit.py:490} INFO - 23/05/29 08:28:56 INFO SparkEnv: Registering MapOutputTracker
[2023-05-29T08:28:56.543+0000] {spark_submit.py:490} INFO - 23/05/29 08:28:56 INFO SparkEnv: Registering BlockManagerMaster
[2023-05-29T08:28:56.596+0000] {spark_submit.py:490} INFO - 23/05/29 08:28:56 INFO BlockManagerMasterEndpoint: Using org.apache.spark.storage.DefaultTopologyMapper for getting topology information
[2023-05-29T08:28:56.597+0000] {spark_submit.py:490} INFO - 23/05/29 08:28:56 INFO BlockManagerMasterEndpoint: BlockManagerMasterEndpoint up
[2023-05-29T08:28:56.604+0000] {spark_submit.py:490} INFO - 23/05/29 08:28:56 INFO SparkEnv: Registering BlockManagerMasterHeartbeat
[2023-05-29T08:28:56.664+0000] {spark_submit.py:490} INFO - 23/05/29 08:28:56 INFO DiskBlockManager: Created local directory at /tmp/blockmgr-b405be4d-0aeb-41e1-894e-de5e6fcfe389
[2023-05-29T08:28:56.729+0000] {spark_submit.py:490} INFO - 23/05/29 08:28:56 INFO MemoryStore: MemoryStore started with capacity 366.3 MiB
[2023-05-29T08:28:56.780+0000] {spark_submit.py:490} INFO - 23/05/29 08:28:56 INFO SparkEnv: Registering OutputCommitCoordinator
[2023-05-29T08:28:57.421+0000] {spark_submit.py:490} INFO - 23/05/29 08:28:57 INFO Utils: Successfully started service 'SparkUI' on port 4040.
[2023-05-29T08:28:57.607+0000] {spark_submit.py:490} INFO - 23/05/29 08:28:57 INFO SparkUI: Bound SparkUI to 0.0.0.0, and started at http://d68e775f4ed7:4040
[2023-05-29T08:28:58.312+0000] {spark_submit.py:490} INFO - 23/05/29 08:28:58 INFO StandaloneAppClient$ClientEndpoint: Connecting to master spark://spark-master:7077...
[2023-05-29T08:28:58.458+0000] {spark_submit.py:490} INFO - 23/05/29 08:28:58 INFO TransportClientFactory: Successfully created connection to spark-master/172.27.0.2:7077 after 91 ms (0 ms spent in bootstraps)
[2023-05-29T08:28:58.763+0000] {spark_submit.py:490} INFO - 23/05/29 08:28:58 INFO StandaloneSchedulerBackend: Connected to Spark cluster with app ID app-20230529082858-0020
[2023-05-29T08:28:58.778+0000] {spark_submit.py:490} INFO - 23/05/29 08:28:58 INFO StandaloneAppClient$ClientEndpoint: Executor added: app-20230529082858-0020/0 on worker-20230529072513-172.27.0.3-7000 (172.27.0.3:7000) with 1 core(s)
[2023-05-29T08:28:58.785+0000] {spark_submit.py:490} INFO - 23/05/29 08:28:58 INFO StandaloneSchedulerBackend: Granted executor ID app-20230529082858-0020/0 on hostPort 172.27.0.3:7000 with 1 core(s), 1024.0 MiB RAM
[2023-05-29T08:28:58.815+0000] {spark_submit.py:490} INFO - 23/05/29 08:28:58 INFO Utils: Successfully started service 'org.apache.spark.network.netty.NettyBlockTransferService' on port 38417.
[2023-05-29T08:28:58.816+0000] {spark_submit.py:490} INFO - 23/05/29 08:28:58 INFO NettyBlockTransferService: Server created on d68e775f4ed7:38417
[2023-05-29T08:28:58.823+0000] {spark_submit.py:490} INFO - 23/05/29 08:28:58 INFO BlockManager: Using org.apache.spark.storage.RandomBlockReplicationPolicy for block replication policy
[2023-05-29T08:28:58.871+0000] {spark_submit.py:490} INFO - 23/05/29 08:28:58 INFO BlockManagerMaster: Registering BlockManager BlockManagerId(driver, d68e775f4ed7, 38417, None)
[2023-05-29T08:28:58.889+0000] {spark_submit.py:490} INFO - 23/05/29 08:28:58 INFO BlockManagerMasterEndpoint: Registering block manager d68e775f4ed7:38417 with 366.3 MiB RAM, BlockManagerId(driver, d68e775f4ed7, 38417, None)
[2023-05-29T08:28:58.898+0000] {spark_submit.py:490} INFO - 23/05/29 08:28:58 INFO StandaloneAppClient$ClientEndpoint: Executor updated: app-20230529082858-0020/0 is now RUNNING
[2023-05-29T08:28:58.903+0000] {spark_submit.py:490} INFO - 23/05/29 08:28:58 INFO BlockManagerMaster: Registered BlockManager BlockManagerId(driver, d68e775f4ed7, 38417, None)
[2023-05-29T08:28:58.908+0000] {spark_submit.py:490} INFO - 23/05/29 08:28:58 INFO BlockManager: Initialized BlockManager: BlockManagerId(driver, d68e775f4ed7, 38417, None)
[2023-05-29T08:28:59.951+0000] {spark_submit.py:490} INFO - 23/05/29 08:28:59 INFO StandaloneSchedulerBackend: SchedulerBackend is ready for scheduling beginning after reached minRegisteredResourcesRatio: 0.0
[2023-05-29T08:29:01.485+0000] {spark_submit.py:490} INFO - 23/05/29 08:29:01 INFO SharedState: Setting hive.metastore.warehouse.dir ('null') to the value of spark.sql.warehouse.dir.
[2023-05-29T08:29:01.699+0000] {spark_submit.py:490} INFO - 23/05/29 08:29:01 INFO SharedState: Warehouse path is 'file:/opt/***/spark-warehouse'.
[2023-05-29T08:29:06.394+0000] {spark_submit.py:490} INFO - /usr/local/lib/python3.7/site-packages/pyspark/sql/context.py:79: FutureWarning: Deprecated in 3.0.0. Use SparkSession.builder.getOrCreate() instead.
[2023-05-29T08:29:06.397+0000] {spark_submit.py:490} INFO - FutureWarning
[2023-05-29T08:29:07.215+0000] {spark_submit.py:490} INFO - 23/05/29 08:29:07 INFO InMemoryFileIndex: It took 174 ms to list leaf files for 1 paths.
[2023-05-29T08:29:11.019+0000] {spark_submit.py:490} INFO - 23/05/29 08:29:11 INFO CoarseGrainedSchedulerBackend$DriverEndpoint: Registered executor NettyRpcEndpointRef(spark-client://Executor) (172.27.0.3:37002) with ID 0,  ResourceProfileId 0
[2023-05-29T08:29:11.409+0000] {spark_submit.py:490} INFO - 23/05/29 08:29:11 INFO BlockManagerMasterEndpoint: Registering block manager 172.27.0.3:45663 with 366.3 MiB RAM, BlockManagerId(0, 172.27.0.3, 45663, None)
[2023-05-29T08:29:15.882+0000] {spark_submit.py:490} INFO - Traceback (most recent call last):
[2023-05-29T08:29:15.883+0000] {spark_submit.py:490} INFO - File "/opt/spark/app/process_trungtran.py", line 49, in <module>
[2023-05-29T08:29:15.884+0000] {spark_submit.py:490} INFO - .withColumn(column, when(df[column].isNull(), df[column]).otherwise(trim(df[column])))
[2023-05-29T08:29:15.884+0000] {spark_submit.py:490} INFO - File "/usr/local/lib/python3.7/site-packages/pyspark/sql/dataframe.py", line 2478, in withColumn
[2023-05-29T08:29:15.885+0000] {spark_submit.py:490} INFO - return DataFrame(self._jdf.withColumn(colName, col._jc), self.sql_ctx)
[2023-05-29T08:29:15.886+0000] {spark_submit.py:490} INFO - File "/usr/local/lib/python3.7/site-packages/py4j/java_gateway.py", line 1322, in __call__
[2023-05-29T08:29:15.889+0000] {spark_submit.py:490} INFO - answer, self.gateway_client, self.target_id, self.name)
[2023-05-29T08:29:15.890+0000] {spark_submit.py:490} INFO - File "/usr/local/lib/python3.7/site-packages/pyspark/sql/utils.py", line 117, in deco
[2023-05-29T08:29:15.893+0000] {spark_submit.py:490} INFO - raise converted from None
[2023-05-29T08:29:15.915+0000] {spark_submit.py:490} INFO - pyspark.sql.utils.AnalysisException: Resolved attribute(s) Battery#0 missing from Battery#32,Brand,#1,CPU#2,Color#3,Display#4,Graphics#5,MFG_year#6,Name#7,OS#8,Price#9,Ram#10,Size#11,Storage#12,URL#13,Weight#14,Wireless#15 in operator !Project [CASE WHEN isnull(Battery#0) THEN Battery#0 ELSE trim(Battery#0, None) END AS Battery#49, Brand,#1, CPU#2, Color#3, Display#4, Graphics#5, MFG_year#6, Name#7, OS#8, Price#9, Ram#10, Size#11, Storage#12, URL#13, Weight#14, Wireless#15]. Attribute(s) with the same name appear in the operation: Battery. Please check if the right attribute(s) are used.;
[2023-05-29T08:29:15.916+0000] {spark_submit.py:490} INFO - !Project [CASE WHEN isnull(Battery#0) THEN Battery#0 ELSE trim(Battery#0, None) END AS Battery#49, Brand,#1, CPU#2, Color#3, Display#4, Graphics#5, MFG_year#6, Name#7, OS#8, Price#9, Ram#10, Size#11, Storage#12, URL#13, Weight#14, Wireless#15]
[2023-05-29T08:29:15.917+0000] {spark_submit.py:490} INFO - +- Project [CASE WHEN isnull(Battery#0) THEN Battery#0 ELSE regexp_replace(Battery#0, ^
[2023-05-29T08:29:15.918+0000] {spark_submit.py:490} INFO - , , 1) END AS Battery#32, Brand,#1, CPU#2, Color#3, Display#4, Graphics#5, MFG_year#6, Name#7, OS#8, Price#9, Ram#10, Size#11, Storage#12, URL#13, Weight#14, Wireless#15]
[2023-05-29T08:29:15.919+0000] {spark_submit.py:490} INFO - +- Filter NOT (Price#9 = Liên hệ)
[2023-05-29T08:29:15.920+0000] {spark_submit.py:490} INFO - +- Relation [Battery#0,Brand,#1,CPU#2,Color#3,Display#4,Graphics#5,MFG_year#6,Name#7,OS#8,Price#9,Ram#10,Size#11,Storage#12,URL#13,Weight#14,Wireless#15] csv
[2023-05-29T08:29:15.920+0000] {spark_submit.py:490} INFO - 
[2023-05-29T08:29:16.200+0000] {spark_submit.py:490} INFO - 23/05/29 08:29:16 INFO SparkContext: Invoking stop() from shutdown hook
[2023-05-29T08:29:16.249+0000] {spark_submit.py:490} INFO - 23/05/29 08:29:16 INFO SparkUI: Stopped Spark web UI at http://d68e775f4ed7:4040
[2023-05-29T08:29:16.293+0000] {spark_submit.py:490} INFO - 23/05/29 08:29:16 INFO StandaloneSchedulerBackend: Shutting down all executors
[2023-05-29T08:29:16.296+0000] {spark_submit.py:490} INFO - 23/05/29 08:29:16 INFO CoarseGrainedSchedulerBackend$DriverEndpoint: Asking each executor to shut down
[2023-05-29T08:29:16.442+0000] {spark_submit.py:490} INFO - 23/05/29 08:29:16 INFO MapOutputTrackerMasterEndpoint: MapOutputTrackerMasterEndpoint stopped!
[2023-05-29T08:29:16.564+0000] {spark_submit.py:490} INFO - 23/05/29 08:29:16 INFO MemoryStore: MemoryStore cleared
[2023-05-29T08:29:16.573+0000] {spark_submit.py:490} INFO - 23/05/29 08:29:16 INFO BlockManager: BlockManager stopped
[2023-05-29T08:29:16.621+0000] {spark_submit.py:490} INFO - 23/05/29 08:29:16 INFO BlockManagerMaster: BlockManagerMaster stopped
[2023-05-29T08:29:16.634+0000] {spark_submit.py:490} INFO - 23/05/29 08:29:16 INFO OutputCommitCoordinator$OutputCommitCoordinatorEndpoint: OutputCommitCoordinator stopped!
[2023-05-29T08:29:16.671+0000] {spark_submit.py:490} INFO - 23/05/29 08:29:16 INFO SparkContext: Successfully stopped SparkContext
[2023-05-29T08:29:16.672+0000] {spark_submit.py:490} INFO - 23/05/29 08:29:16 INFO ShutdownHookManager: Shutdown hook called
[2023-05-29T08:29:16.675+0000] {spark_submit.py:490} INFO - 23/05/29 08:29:16 INFO ShutdownHookManager: Deleting directory /tmp/spark-e7a45ee7-a2eb-40de-a509-67859ea19937/pyspark-783feee5-4661-4cf3-8f98-a32bed588c66
[2023-05-29T08:29:16.685+0000] {spark_submit.py:490} INFO - 23/05/29 08:29:16 INFO ShutdownHookManager: Deleting directory /tmp/spark-eb17f8a1-f234-4bcf-abcf-8b2108c84bfb
[2023-05-29T08:29:16.697+0000] {spark_submit.py:490} INFO - 23/05/29 08:29:16 INFO ShutdownHookManager: Deleting directory /tmp/spark-e7a45ee7-a2eb-40de-a509-67859ea19937
[2023-05-29T08:29:16.921+0000] {warnings.py:110} WARNING - /usr/local/lib/python3.7/site-packages/***/models/taskinstance.py:871: SAWarning: TypeDecorator ExecutorConfigType() will not produce a cache key because the ``cache_ok`` attribute is not set to True.  This can have significant performance implications including some performance degradations in comparison to prior SQLAlchemy versions.  Set this attribute to True if this type object's state is safe to use in a cache key, or False to disable this warning. (Background on this error at: https://sqlalche.me/e/14/cprf)
  ti: TaskInstance | None = qry.with_for_update().one_or_none()

[2023-05-29T08:29:16.958+0000] {taskinstance.py:1851} ERROR - Task failed with exception
Traceback (most recent call last):
  File "/usr/local/lib/python3.7/site-packages/airflow/providers/apache/spark/operators/spark_submit.py", line 157, in execute
    self._hook.submit(self._application)
  File "/usr/local/lib/python3.7/site-packages/airflow/providers/apache/spark/hooks/spark_submit.py", line 422, in submit
    f"Cannot execute: {self._mask_cmd(spark_submit_cmd)}. Error code is: {returncode}."
airflow.exceptions.AirflowException: Cannot execute: spark-submit --master spark://spark-master:7077 --conf spark.master=spark://spark-master:7077 --name trungtran_clean_data --verbose /opt/spark/app/process_trungtran.py. Error code is: 1.
[2023-05-29T08:29:16.966+0000] {warnings.py:110} WARNING - /usr/local/lib/python3.7/site-packages/***/models/taskinstance.py:873: SAWarning: TypeDecorator ExecutorConfigType() will not produce a cache key because the ``cache_ok`` attribute is not set to True.  This can have significant performance implications including some performance degradations in comparison to prior SQLAlchemy versions.  Set this attribute to True if this type object's state is safe to use in a cache key, or False to disable this warning. (Background on this error at: https://sqlalche.me/e/14/cprf)
  ti = qry.one_or_none()

[2023-05-29T08:29:16.988+0000] {taskinstance.py:1406} INFO - Marking task as UP_FOR_RETRY. dag_id=trungtran_process_data_1, task_id=trungtran_clean_data_11, execution_date=20230529T082843, start_date=20230529T082847, end_date=20230529T082916
[2023-05-29T08:29:17.071+0000] {standard_task_runner.py:107} ERROR - Failed to execute job 4534 for task trungtran_clean_data_11 (Cannot execute: spark-submit --master spark://spark-master:7077 --conf spark.master=spark://spark-master:7077 --name trungtran_clean_data --verbose /opt/spark/app/process_trungtran.py. Error code is: 1.; 5695)
[2023-05-29T08:29:17.104+0000] {local_task_job.py:164} INFO - Task exited with return code 1
[2023-05-29T08:29:17.240+0000] {local_task_job.py:273} INFO - 0 downstream tasks scheduled from follow-on schedule check
