[2023-05-11T17:40:03.310+0000] {warnings.py:110} WARNING - /usr/local/lib/python3.7/site-packages/***/models/taskinstance.py:871: SAWarning: TypeDecorator ExecutorConfigType() will not produce a cache key because the ``cache_ok`` attribute is not set to True.  This can have significant performance implications including some performance degradations in comparison to prior SQLAlchemy versions.  Set this attribute to True if this type object's state is safe to use in a cache key, or False to disable this warning. (Background on this error at: https://sqlalche.me/e/14/cprf)
  ti: TaskInstance | None = qry.with_for_update().one_or_none()

[2023-05-11T17:40:03.375+0000] {taskinstance.py:1165} INFO - Dependencies all met for <TaskInstance: job_1_tranvietcuong.file_sensor scheduled__2023-05-11T17:35:00+00:00 [queued]>
[2023-05-11T17:40:03.416+0000] {taskinstance.py:1165} INFO - Dependencies all met for <TaskInstance: job_1_tranvietcuong.file_sensor scheduled__2023-05-11T17:35:00+00:00 [queued]>
[2023-05-11T17:40:03.417+0000] {taskinstance.py:1362} INFO - 
--------------------------------------------------------------------------------
[2023-05-11T17:40:03.417+0000] {taskinstance.py:1363} INFO - Starting attempt 1 of 1
[2023-05-11T17:40:03.417+0000] {taskinstance.py:1364} INFO - 
--------------------------------------------------------------------------------
[2023-05-11T17:40:03.517+0000] {taskinstance.py:1383} INFO - Executing <Task(FileSensor): file_sensor> on 2023-05-11 17:35:00+00:00
[2023-05-11T17:40:03.534+0000] {standard_task_runner.py:54} INFO - Started process 79 to run task
[2023-05-11T17:40:03.546+0000] {standard_task_runner.py:82} INFO - Running: ['***', 'tasks', 'run', 'job_1_tranvietcuong', 'file_sensor', 'scheduled__2023-05-11T17:35:00+00:00', '--job-id', '120', '--raw', '--subdir', 'DAGS_FOLDER/tranvietcuong.py', '--cfg-path', '/tmp/tmp4y1bmzd7']
[2023-05-11T17:40:03.548+0000] {standard_task_runner.py:83} INFO - Job 120: Subtask file_sensor
[2023-05-11T17:40:03.551+0000] {dagbag.py:525} INFO - Filling up the DagBag from /opt/***/dags/tranvietcuong.py
[2023-05-11T17:40:03.904+0000] {task_command.py:384} INFO - Running <TaskInstance: job_1_tranvietcuong.file_sensor scheduled__2023-05-11T17:35:00+00:00 [running]> on host 09877495cfa0
[2023-05-11T17:40:03.918+0000] {warnings.py:110} WARNING - /usr/local/lib/python3.7/site-packages/***/models/taskinstance.py:873: SAWarning: TypeDecorator ExecutorConfigType() will not produce a cache key because the ``cache_ok`` attribute is not set to True.  This can have significant performance implications including some performance degradations in comparison to prior SQLAlchemy versions.  Set this attribute to True if this type object's state is safe to use in a cache key, or False to disable this warning. (Background on this error at: https://sqlalche.me/e/14/cprf)
  ti = qry.one_or_none()

[2023-05-11T17:40:04.475+0000] {taskinstance.py:1592} INFO - Exporting the following env vars:
AIRFLOW_CTX_DAG_EMAIL=user@example.com
AIRFLOW_CTX_DAG_OWNER=***
AIRFLOW_CTX_DAG_ID=job_1_tranvietcuong
AIRFLOW_CTX_TASK_ID=file_sensor
AIRFLOW_CTX_EXECUTION_DATE=2023-05-11T17:35:00+00:00
AIRFLOW_CTX_TRY_NUMBER=1
AIRFLOW_CTX_DAG_RUN_ID=scheduled__2023-05-11T17:35:00+00:00
[2023-05-11T17:40:04.597+0000] {base.py:71} INFO - Using connection ID 'fs_default' for task execution.
[2023-05-11T17:40:04.599+0000] {filesystem.py:58} INFO - Poking for file /opt/***/dags/tmp/dejob
[2023-05-11T17:40:04.634+0000] {warnings.py:110} WARNING - /usr/local/lib/python3.7/site-packages/***/models/taskinstance.py:873: SAWarning: TypeDecorator ExecutorConfigType() will not produce a cache key because the ``cache_ok`` attribute is not set to True.  This can have significant performance implications including some performance degradations in comparison to prior SQLAlchemy versions.  Set this attribute to True if this type object's state is safe to use in a cache key, or False to disable this warning. (Background on this error at: https://sqlalche.me/e/14/cprf)
  ti = qry.one_or_none()

[2023-05-11T17:40:05.048+0000] {taskinstance.py:1815} INFO - Rescheduling task, marking task as UP_FOR_RESCHEDULE
[2023-05-11T17:40:05.133+0000] {local_task_job.py:164} INFO - Task exited with return code 0
[2023-05-11T17:40:05.480+0000] {local_task_job.py:273} INFO - 0 downstream tasks scheduled from follow-on schedule check
[2023-05-11T17:40:37.576+0000] {warnings.py:110} WARNING - /usr/local/lib/python3.7/site-packages/***/models/taskinstance.py:871: SAWarning: TypeDecorator ExecutorConfigType() will not produce a cache key because the ``cache_ok`` attribute is not set to True.  This can have significant performance implications including some performance degradations in comparison to prior SQLAlchemy versions.  Set this attribute to True if this type object's state is safe to use in a cache key, or False to disable this warning. (Background on this error at: https://sqlalche.me/e/14/cprf)
  ti: TaskInstance | None = qry.with_for_update().one_or_none()

[2023-05-11T17:40:37.660+0000] {taskinstance.py:1165} INFO - Dependencies all met for <TaskInstance: job_1_tranvietcuong.file_sensor scheduled__2023-05-11T17:35:00+00:00 [queued]>
[2023-05-11T17:40:37.733+0000] {taskinstance.py:1165} INFO - Dependencies all met for <TaskInstance: job_1_tranvietcuong.file_sensor scheduled__2023-05-11T17:35:00+00:00 [queued]>
[2023-05-11T17:40:37.734+0000] {taskinstance.py:1362} INFO - 
--------------------------------------------------------------------------------
[2023-05-11T17:40:37.735+0000] {taskinstance.py:1363} INFO - Starting attempt 1 of 1
[2023-05-11T17:40:37.736+0000] {taskinstance.py:1364} INFO - 
--------------------------------------------------------------------------------
[2023-05-11T17:40:37.881+0000] {taskinstance.py:1383} INFO - Executing <Task(FileSensor): file_sensor> on 2023-05-11 17:35:00+00:00
[2023-05-11T17:40:37.914+0000] {standard_task_runner.py:54} INFO - Started process 104 to run task
[2023-05-11T17:40:37.976+0000] {standard_task_runner.py:82} INFO - Running: ['***', 'tasks', 'run', 'job_1_tranvietcuong', 'file_sensor', 'scheduled__2023-05-11T17:35:00+00:00', '--job-id', '123', '--raw', '--subdir', 'DAGS_FOLDER/tranvietcuong.py', '--cfg-path', '/tmp/tmp4oaqm83a']
[2023-05-11T17:40:37.978+0000] {standard_task_runner.py:83} INFO - Job 123: Subtask file_sensor
[2023-05-11T17:40:37.992+0000] {dagbag.py:525} INFO - Filling up the DagBag from /opt/***/dags/tranvietcuong.py
[2023-05-11T17:40:38.322+0000] {task_command.py:384} INFO - Running <TaskInstance: job_1_tranvietcuong.file_sensor scheduled__2023-05-11T17:35:00+00:00 [running]> on host 09877495cfa0
[2023-05-11T17:40:38.337+0000] {warnings.py:110} WARNING - /usr/local/lib/python3.7/site-packages/***/models/taskinstance.py:873: SAWarning: TypeDecorator ExecutorConfigType() will not produce a cache key because the ``cache_ok`` attribute is not set to True.  This can have significant performance implications including some performance degradations in comparison to prior SQLAlchemy versions.  Set this attribute to True if this type object's state is safe to use in a cache key, or False to disable this warning. (Background on this error at: https://sqlalche.me/e/14/cprf)
  ti = qry.one_or_none()

[2023-05-11T17:40:38.714+0000] {taskinstance.py:1592} INFO - Exporting the following env vars:
AIRFLOW_CTX_DAG_EMAIL=user@example.com
AIRFLOW_CTX_DAG_OWNER=***
AIRFLOW_CTX_DAG_ID=job_1_tranvietcuong
AIRFLOW_CTX_TASK_ID=file_sensor
AIRFLOW_CTX_EXECUTION_DATE=2023-05-11T17:35:00+00:00
AIRFLOW_CTX_TRY_NUMBER=1
AIRFLOW_CTX_DAG_RUN_ID=scheduled__2023-05-11T17:35:00+00:00
[2023-05-11T17:40:38.817+0000] {base.py:71} INFO - Using connection ID 'fs_default' for task execution.
[2023-05-11T17:40:38.818+0000] {filesystem.py:58} INFO - Poking for file /opt/***/dags/tmp/dejob
[2023-05-11T17:40:38.838+0000] {warnings.py:110} WARNING - /usr/local/lib/python3.7/site-packages/***/models/taskinstance.py:873: SAWarning: TypeDecorator ExecutorConfigType() will not produce a cache key because the ``cache_ok`` attribute is not set to True.  This can have significant performance implications including some performance degradations in comparison to prior SQLAlchemy versions.  Set this attribute to True if this type object's state is safe to use in a cache key, or False to disable this warning. (Background on this error at: https://sqlalche.me/e/14/cprf)
  ti = qry.one_or_none()

[2023-05-11T17:40:38.994+0000] {taskinstance.py:1815} INFO - Rescheduling task, marking task as UP_FOR_RESCHEDULE
[2023-05-11T17:40:39.021+0000] {local_task_job.py:164} INFO - Task exited with return code 0
[2023-05-11T17:40:39.182+0000] {local_task_job.py:273} INFO - 0 downstream tasks scheduled from follow-on schedule check
[2023-05-11T17:41:11.213+0000] {warnings.py:110} WARNING - /usr/local/lib/python3.7/site-packages/***/models/taskinstance.py:871: SAWarning: TypeDecorator ExecutorConfigType() will not produce a cache key because the ``cache_ok`` attribute is not set to True.  This can have significant performance implications including some performance degradations in comparison to prior SQLAlchemy versions.  Set this attribute to True if this type object's state is safe to use in a cache key, or False to disable this warning. (Background on this error at: https://sqlalche.me/e/14/cprf)
  ti: TaskInstance | None = qry.with_for_update().one_or_none()

[2023-05-11T17:41:11.277+0000] {taskinstance.py:1165} INFO - Dependencies all met for <TaskInstance: job_1_tranvietcuong.file_sensor scheduled__2023-05-11T17:35:00+00:00 [queued]>
[2023-05-11T17:41:11.318+0000] {taskinstance.py:1165} INFO - Dependencies all met for <TaskInstance: job_1_tranvietcuong.file_sensor scheduled__2023-05-11T17:35:00+00:00 [queued]>
[2023-05-11T17:41:11.319+0000] {taskinstance.py:1362} INFO - 
--------------------------------------------------------------------------------
[2023-05-11T17:41:11.319+0000] {taskinstance.py:1363} INFO - Starting attempt 1 of 1
[2023-05-11T17:41:11.320+0000] {taskinstance.py:1364} INFO - 
--------------------------------------------------------------------------------
[2023-05-11T17:41:11.382+0000] {taskinstance.py:1383} INFO - Executing <Task(FileSensor): file_sensor> on 2023-05-11 17:35:00+00:00
[2023-05-11T17:41:11.395+0000] {standard_task_runner.py:54} INFO - Started process 131 to run task
[2023-05-11T17:41:11.405+0000] {standard_task_runner.py:82} INFO - Running: ['***', 'tasks', 'run', 'job_1_tranvietcuong', 'file_sensor', 'scheduled__2023-05-11T17:35:00+00:00', '--job-id', '127', '--raw', '--subdir', 'DAGS_FOLDER/tranvietcuong.py', '--cfg-path', '/tmp/tmpth31ijm2']
[2023-05-11T17:41:11.407+0000] {standard_task_runner.py:83} INFO - Job 127: Subtask file_sensor
[2023-05-11T17:41:11.410+0000] {dagbag.py:525} INFO - Filling up the DagBag from /opt/***/dags/tranvietcuong.py
[2023-05-11T17:41:11.619+0000] {task_command.py:384} INFO - Running <TaskInstance: job_1_tranvietcuong.file_sensor scheduled__2023-05-11T17:35:00+00:00 [running]> on host 09877495cfa0
[2023-05-11T17:41:11.628+0000] {warnings.py:110} WARNING - /usr/local/lib/python3.7/site-packages/***/models/taskinstance.py:873: SAWarning: TypeDecorator ExecutorConfigType() will not produce a cache key because the ``cache_ok`` attribute is not set to True.  This can have significant performance implications including some performance degradations in comparison to prior SQLAlchemy versions.  Set this attribute to True if this type object's state is safe to use in a cache key, or False to disable this warning. (Background on this error at: https://sqlalche.me/e/14/cprf)
  ti = qry.one_or_none()

[2023-05-11T17:41:11.898+0000] {taskinstance.py:1592} INFO - Exporting the following env vars:
AIRFLOW_CTX_DAG_EMAIL=user@example.com
AIRFLOW_CTX_DAG_OWNER=***
AIRFLOW_CTX_DAG_ID=job_1_tranvietcuong
AIRFLOW_CTX_TASK_ID=file_sensor
AIRFLOW_CTX_EXECUTION_DATE=2023-05-11T17:35:00+00:00
AIRFLOW_CTX_TRY_NUMBER=1
AIRFLOW_CTX_DAG_RUN_ID=scheduled__2023-05-11T17:35:00+00:00
[2023-05-11T17:41:11.974+0000] {base.py:71} INFO - Using connection ID 'fs_default' for task execution.
[2023-05-11T17:41:11.975+0000] {filesystem.py:58} INFO - Poking for file /opt/***/dags/tmp/dejob
[2023-05-11T17:41:11.990+0000] {warnings.py:110} WARNING - /usr/local/lib/python3.7/site-packages/***/models/taskinstance.py:873: SAWarning: TypeDecorator ExecutorConfigType() will not produce a cache key because the ``cache_ok`` attribute is not set to True.  This can have significant performance implications including some performance degradations in comparison to prior SQLAlchemy versions.  Set this attribute to True if this type object's state is safe to use in a cache key, or False to disable this warning. (Background on this error at: https://sqlalche.me/e/14/cprf)
  ti = qry.one_or_none()

[2023-05-11T17:41:12.066+0000] {taskinstance.py:1815} INFO - Rescheduling task, marking task as UP_FOR_RESCHEDULE
[2023-05-11T17:41:12.097+0000] {local_task_job.py:164} INFO - Task exited with return code 0
[2023-05-11T17:41:12.498+0000] {local_task_job.py:273} INFO - 0 downstream tasks scheduled from follow-on schedule check
[2023-05-11T17:41:44.013+0000] {warnings.py:110} WARNING - /usr/local/lib/python3.7/site-packages/***/models/taskinstance.py:871: SAWarning: TypeDecorator ExecutorConfigType() will not produce a cache key because the ``cache_ok`` attribute is not set to True.  This can have significant performance implications including some performance degradations in comparison to prior SQLAlchemy versions.  Set this attribute to True if this type object's state is safe to use in a cache key, or False to disable this warning. (Background on this error at: https://sqlalche.me/e/14/cprf)
  ti: TaskInstance | None = qry.with_for_update().one_or_none()

[2023-05-11T17:41:44.053+0000] {taskinstance.py:1165} INFO - Dependencies all met for <TaskInstance: job_1_tranvietcuong.file_sensor scheduled__2023-05-11T17:35:00+00:00 [queued]>
[2023-05-11T17:41:44.092+0000] {taskinstance.py:1165} INFO - Dependencies all met for <TaskInstance: job_1_tranvietcuong.file_sensor scheduled__2023-05-11T17:35:00+00:00 [queued]>
[2023-05-11T17:41:44.093+0000] {taskinstance.py:1362} INFO - 
--------------------------------------------------------------------------------
[2023-05-11T17:41:44.093+0000] {taskinstance.py:1363} INFO - Starting attempt 1 of 1
[2023-05-11T17:41:44.093+0000] {taskinstance.py:1364} INFO - 
--------------------------------------------------------------------------------
[2023-05-11T17:41:44.152+0000] {taskinstance.py:1383} INFO - Executing <Task(FileSensor): file_sensor> on 2023-05-11 17:35:00+00:00
[2023-05-11T17:41:44.166+0000] {standard_task_runner.py:54} INFO - Started process 155 to run task
[2023-05-11T17:41:44.175+0000] {standard_task_runner.py:82} INFO - Running: ['***', 'tasks', 'run', 'job_1_tranvietcuong', 'file_sensor', 'scheduled__2023-05-11T17:35:00+00:00', '--job-id', '130', '--raw', '--subdir', 'DAGS_FOLDER/tranvietcuong.py', '--cfg-path', '/tmp/tmp7gyj9vze']
[2023-05-11T17:41:44.177+0000] {standard_task_runner.py:83} INFO - Job 130: Subtask file_sensor
[2023-05-11T17:41:44.180+0000] {dagbag.py:525} INFO - Filling up the DagBag from /opt/***/dags/tranvietcuong.py
[2023-05-11T17:41:44.441+0000] {task_command.py:384} INFO - Running <TaskInstance: job_1_tranvietcuong.file_sensor scheduled__2023-05-11T17:35:00+00:00 [running]> on host 09877495cfa0
[2023-05-11T17:41:44.452+0000] {warnings.py:110} WARNING - /usr/local/lib/python3.7/site-packages/***/models/taskinstance.py:873: SAWarning: TypeDecorator ExecutorConfigType() will not produce a cache key because the ``cache_ok`` attribute is not set to True.  This can have significant performance implications including some performance degradations in comparison to prior SQLAlchemy versions.  Set this attribute to True if this type object's state is safe to use in a cache key, or False to disable this warning. (Background on this error at: https://sqlalche.me/e/14/cprf)
  ti = qry.one_or_none()

[2023-05-11T17:41:44.720+0000] {taskinstance.py:1592} INFO - Exporting the following env vars:
AIRFLOW_CTX_DAG_EMAIL=user@example.com
AIRFLOW_CTX_DAG_OWNER=***
AIRFLOW_CTX_DAG_ID=job_1_tranvietcuong
AIRFLOW_CTX_TASK_ID=file_sensor
AIRFLOW_CTX_EXECUTION_DATE=2023-05-11T17:35:00+00:00
AIRFLOW_CTX_TRY_NUMBER=1
AIRFLOW_CTX_DAG_RUN_ID=scheduled__2023-05-11T17:35:00+00:00
[2023-05-11T17:41:44.790+0000] {base.py:71} INFO - Using connection ID 'fs_default' for task execution.
[2023-05-11T17:41:44.791+0000] {filesystem.py:58} INFO - Poking for file /opt/***/dags/tmp/dejob
[2023-05-11T17:41:44.809+0000] {warnings.py:110} WARNING - /usr/local/lib/python3.7/site-packages/***/models/taskinstance.py:873: SAWarning: TypeDecorator ExecutorConfigType() will not produce a cache key because the ``cache_ok`` attribute is not set to True.  This can have significant performance implications including some performance degradations in comparison to prior SQLAlchemy versions.  Set this attribute to True if this type object's state is safe to use in a cache key, or False to disable this warning. (Background on this error at: https://sqlalche.me/e/14/cprf)
  ti = qry.one_or_none()

[2023-05-11T17:41:44.883+0000] {taskinstance.py:1815} INFO - Rescheduling task, marking task as UP_FOR_RESCHEDULE
[2023-05-11T17:41:44.908+0000] {local_task_job.py:164} INFO - Task exited with return code 0
[2023-05-11T17:41:45.482+0000] {local_task_job.py:273} INFO - 0 downstream tasks scheduled from follow-on schedule check
[2023-05-11T17:42:17.722+0000] {warnings.py:110} WARNING - /usr/local/lib/python3.7/site-packages/***/models/taskinstance.py:871: SAWarning: TypeDecorator ExecutorConfigType() will not produce a cache key because the ``cache_ok`` attribute is not set to True.  This can have significant performance implications including some performance degradations in comparison to prior SQLAlchemy versions.  Set this attribute to True if this type object's state is safe to use in a cache key, or False to disable this warning. (Background on this error at: https://sqlalche.me/e/14/cprf)
  ti: TaskInstance | None = qry.with_for_update().one_or_none()

[2023-05-11T17:42:17.814+0000] {taskinstance.py:1165} INFO - Dependencies all met for <TaskInstance: job_1_tranvietcuong.file_sensor scheduled__2023-05-11T17:35:00+00:00 [queued]>
[2023-05-11T17:42:17.875+0000] {taskinstance.py:1165} INFO - Dependencies all met for <TaskInstance: job_1_tranvietcuong.file_sensor scheduled__2023-05-11T17:35:00+00:00 [queued]>
[2023-05-11T17:42:17.876+0000] {taskinstance.py:1362} INFO - 
--------------------------------------------------------------------------------
[2023-05-11T17:42:17.877+0000] {taskinstance.py:1363} INFO - Starting attempt 1 of 1
[2023-05-11T17:42:17.877+0000] {taskinstance.py:1364} INFO - 
--------------------------------------------------------------------------------
[2023-05-11T17:42:17.963+0000] {taskinstance.py:1383} INFO - Executing <Task(FileSensor): file_sensor> on 2023-05-11 17:35:00+00:00
[2023-05-11T17:42:17.983+0000] {standard_task_runner.py:54} INFO - Started process 178 to run task
[2023-05-11T17:42:17.998+0000] {standard_task_runner.py:82} INFO - Running: ['***', 'tasks', 'run', 'job_1_tranvietcuong', 'file_sensor', 'scheduled__2023-05-11T17:35:00+00:00', '--job-id', '133', '--raw', '--subdir', 'DAGS_FOLDER/tranvietcuong.py', '--cfg-path', '/tmp/tmpe2jpbcbf']
[2023-05-11T17:42:18.000+0000] {standard_task_runner.py:83} INFO - Job 133: Subtask file_sensor
[2023-05-11T17:42:18.006+0000] {dagbag.py:525} INFO - Filling up the DagBag from /opt/***/dags/tranvietcuong.py
[2023-05-11T17:42:18.432+0000] {task_command.py:384} INFO - Running <TaskInstance: job_1_tranvietcuong.file_sensor scheduled__2023-05-11T17:35:00+00:00 [running]> on host 09877495cfa0
[2023-05-11T17:42:18.448+0000] {warnings.py:110} WARNING - /usr/local/lib/python3.7/site-packages/***/models/taskinstance.py:873: SAWarning: TypeDecorator ExecutorConfigType() will not produce a cache key because the ``cache_ok`` attribute is not set to True.  This can have significant performance implications including some performance degradations in comparison to prior SQLAlchemy versions.  Set this attribute to True if this type object's state is safe to use in a cache key, or False to disable this warning. (Background on this error at: https://sqlalche.me/e/14/cprf)
  ti = qry.one_or_none()

[2023-05-11T17:42:18.924+0000] {taskinstance.py:1592} INFO - Exporting the following env vars:
AIRFLOW_CTX_DAG_EMAIL=user@example.com
AIRFLOW_CTX_DAG_OWNER=***
AIRFLOW_CTX_DAG_ID=job_1_tranvietcuong
AIRFLOW_CTX_TASK_ID=file_sensor
AIRFLOW_CTX_EXECUTION_DATE=2023-05-11T17:35:00+00:00
AIRFLOW_CTX_TRY_NUMBER=1
AIRFLOW_CTX_DAG_RUN_ID=scheduled__2023-05-11T17:35:00+00:00
[2023-05-11T17:42:18.996+0000] {base.py:71} INFO - Using connection ID 'fs_default' for task execution.
[2023-05-11T17:42:18.997+0000] {filesystem.py:58} INFO - Poking for file /opt/***/dags/tmp/dejob
[2023-05-11T17:42:19.013+0000] {warnings.py:110} WARNING - /usr/local/lib/python3.7/site-packages/***/models/taskinstance.py:873: SAWarning: TypeDecorator ExecutorConfigType() will not produce a cache key because the ``cache_ok`` attribute is not set to True.  This can have significant performance implications including some performance degradations in comparison to prior SQLAlchemy versions.  Set this attribute to True if this type object's state is safe to use in a cache key, or False to disable this warning. (Background on this error at: https://sqlalche.me/e/14/cprf)
  ti = qry.one_or_none()

[2023-05-11T17:42:19.133+0000] {taskinstance.py:1815} INFO - Rescheduling task, marking task as UP_FOR_RESCHEDULE
[2023-05-11T17:42:19.158+0000] {local_task_job.py:164} INFO - Task exited with return code 0
[2023-05-11T17:42:19.315+0000] {local_task_job.py:273} INFO - 0 downstream tasks scheduled from follow-on schedule check
[2023-05-11T17:42:50.776+0000] {warnings.py:110} WARNING - /usr/local/lib/python3.7/site-packages/***/models/taskinstance.py:871: SAWarning: TypeDecorator ExecutorConfigType() will not produce a cache key because the ``cache_ok`` attribute is not set to True.  This can have significant performance implications including some performance degradations in comparison to prior SQLAlchemy versions.  Set this attribute to True if this type object's state is safe to use in a cache key, or False to disable this warning. (Background on this error at: https://sqlalche.me/e/14/cprf)
  ti: TaskInstance | None = qry.with_for_update().one_or_none()

[2023-05-11T17:42:50.836+0000] {taskinstance.py:1165} INFO - Dependencies all met for <TaskInstance: job_1_tranvietcuong.file_sensor scheduled__2023-05-11T17:35:00+00:00 [queued]>
[2023-05-11T17:42:50.880+0000] {taskinstance.py:1165} INFO - Dependencies all met for <TaskInstance: job_1_tranvietcuong.file_sensor scheduled__2023-05-11T17:35:00+00:00 [queued]>
[2023-05-11T17:42:50.881+0000] {taskinstance.py:1362} INFO - 
--------------------------------------------------------------------------------
[2023-05-11T17:42:50.881+0000] {taskinstance.py:1363} INFO - Starting attempt 1 of 1
[2023-05-11T17:42:50.882+0000] {taskinstance.py:1364} INFO - 
--------------------------------------------------------------------------------
[2023-05-11T17:42:50.945+0000] {taskinstance.py:1383} INFO - Executing <Task(FileSensor): file_sensor> on 2023-05-11 17:35:00+00:00
[2023-05-11T17:42:50.959+0000] {standard_task_runner.py:54} INFO - Started process 202 to run task
[2023-05-11T17:42:50.974+0000] {standard_task_runner.py:82} INFO - Running: ['***', 'tasks', 'run', 'job_1_tranvietcuong', 'file_sensor', 'scheduled__2023-05-11T17:35:00+00:00', '--job-id', '136', '--raw', '--subdir', 'DAGS_FOLDER/tranvietcuong.py', '--cfg-path', '/tmp/tmpi429o7ie']
[2023-05-11T17:42:50.977+0000] {standard_task_runner.py:83} INFO - Job 136: Subtask file_sensor
[2023-05-11T17:42:50.979+0000] {dagbag.py:525} INFO - Filling up the DagBag from /opt/***/dags/tranvietcuong.py
[2023-05-11T17:42:51.432+0000] {task_command.py:384} INFO - Running <TaskInstance: job_1_tranvietcuong.file_sensor scheduled__2023-05-11T17:35:00+00:00 [running]> on host 09877495cfa0
[2023-05-11T17:42:51.451+0000] {warnings.py:110} WARNING - /usr/local/lib/python3.7/site-packages/***/models/taskinstance.py:873: SAWarning: TypeDecorator ExecutorConfigType() will not produce a cache key because the ``cache_ok`` attribute is not set to True.  This can have significant performance implications including some performance degradations in comparison to prior SQLAlchemy versions.  Set this attribute to True if this type object's state is safe to use in a cache key, or False to disable this warning. (Background on this error at: https://sqlalche.me/e/14/cprf)
  ti = qry.one_or_none()

[2023-05-11T17:42:51.861+0000] {taskinstance.py:1592} INFO - Exporting the following env vars:
AIRFLOW_CTX_DAG_EMAIL=user@example.com
AIRFLOW_CTX_DAG_OWNER=***
AIRFLOW_CTX_DAG_ID=job_1_tranvietcuong
AIRFLOW_CTX_TASK_ID=file_sensor
AIRFLOW_CTX_EXECUTION_DATE=2023-05-11T17:35:00+00:00
AIRFLOW_CTX_TRY_NUMBER=1
AIRFLOW_CTX_DAG_RUN_ID=scheduled__2023-05-11T17:35:00+00:00
[2023-05-11T17:42:52.004+0000] {base.py:71} INFO - Using connection ID 'fs_default' for task execution.
[2023-05-11T17:42:52.006+0000] {filesystem.py:58} INFO - Poking for file /opt/***/dags/tmp/dejob
[2023-05-11T17:42:52.031+0000] {warnings.py:110} WARNING - /usr/local/lib/python3.7/site-packages/***/models/taskinstance.py:873: SAWarning: TypeDecorator ExecutorConfigType() will not produce a cache key because the ``cache_ok`` attribute is not set to True.  This can have significant performance implications including some performance degradations in comparison to prior SQLAlchemy versions.  Set this attribute to True if this type object's state is safe to use in a cache key, or False to disable this warning. (Background on this error at: https://sqlalche.me/e/14/cprf)
  ti = qry.one_or_none()

[2023-05-11T17:42:52.156+0000] {taskinstance.py:1815} INFO - Rescheduling task, marking task as UP_FOR_RESCHEDULE
[2023-05-11T17:42:52.194+0000] {local_task_job.py:164} INFO - Task exited with return code 0
[2023-05-11T17:42:52.465+0000] {local_task_job.py:273} INFO - 0 downstream tasks scheduled from follow-on schedule check
[2023-05-11T17:43:24.491+0000] {warnings.py:110} WARNING - /usr/local/lib/python3.7/site-packages/***/models/taskinstance.py:871: SAWarning: TypeDecorator ExecutorConfigType() will not produce a cache key because the ``cache_ok`` attribute is not set to True.  This can have significant performance implications including some performance degradations in comparison to prior SQLAlchemy versions.  Set this attribute to True if this type object's state is safe to use in a cache key, or False to disable this warning. (Background on this error at: https://sqlalche.me/e/14/cprf)
  ti: TaskInstance | None = qry.with_for_update().one_or_none()

[2023-05-11T17:43:24.534+0000] {taskinstance.py:1165} INFO - Dependencies all met for <TaskInstance: job_1_tranvietcuong.file_sensor scheduled__2023-05-11T17:35:00+00:00 [queued]>
[2023-05-11T17:43:24.565+0000] {taskinstance.py:1165} INFO - Dependencies all met for <TaskInstance: job_1_tranvietcuong.file_sensor scheduled__2023-05-11T17:35:00+00:00 [queued]>
[2023-05-11T17:43:24.566+0000] {taskinstance.py:1362} INFO - 
--------------------------------------------------------------------------------
[2023-05-11T17:43:24.566+0000] {taskinstance.py:1363} INFO - Starting attempt 1 of 1
[2023-05-11T17:43:24.567+0000] {taskinstance.py:1364} INFO - 
--------------------------------------------------------------------------------
[2023-05-11T17:43:24.622+0000] {taskinstance.py:1383} INFO - Executing <Task(FileSensor): file_sensor> on 2023-05-11 17:35:00+00:00
[2023-05-11T17:43:24.635+0000] {standard_task_runner.py:54} INFO - Started process 235 to run task
[2023-05-11T17:43:24.646+0000] {standard_task_runner.py:82} INFO - Running: ['***', 'tasks', 'run', 'job_1_tranvietcuong', 'file_sensor', 'scheduled__2023-05-11T17:35:00+00:00', '--job-id', '139', '--raw', '--subdir', 'DAGS_FOLDER/tranvietcuong.py', '--cfg-path', '/tmp/tmpkmifi9x7']
[2023-05-11T17:43:24.649+0000] {standard_task_runner.py:83} INFO - Job 139: Subtask file_sensor
[2023-05-11T17:43:24.654+0000] {dagbag.py:525} INFO - Filling up the DagBag from /opt/***/dags/tranvietcuong.py
[2023-05-11T17:43:25.002+0000] {task_command.py:384} INFO - Running <TaskInstance: job_1_tranvietcuong.file_sensor scheduled__2023-05-11T17:35:00+00:00 [running]> on host 09877495cfa0
[2023-05-11T17:43:25.017+0000] {warnings.py:110} WARNING - /usr/local/lib/python3.7/site-packages/***/models/taskinstance.py:873: SAWarning: TypeDecorator ExecutorConfigType() will not produce a cache key because the ``cache_ok`` attribute is not set to True.  This can have significant performance implications including some performance degradations in comparison to prior SQLAlchemy versions.  Set this attribute to True if this type object's state is safe to use in a cache key, or False to disable this warning. (Background on this error at: https://sqlalche.me/e/14/cprf)
  ti = qry.one_or_none()

[2023-05-11T17:43:25.290+0000] {taskinstance.py:1592} INFO - Exporting the following env vars:
AIRFLOW_CTX_DAG_EMAIL=user@example.com
AIRFLOW_CTX_DAG_OWNER=***
AIRFLOW_CTX_DAG_ID=job_1_tranvietcuong
AIRFLOW_CTX_TASK_ID=file_sensor
AIRFLOW_CTX_EXECUTION_DATE=2023-05-11T17:35:00+00:00
AIRFLOW_CTX_TRY_NUMBER=1
AIRFLOW_CTX_DAG_RUN_ID=scheduled__2023-05-11T17:35:00+00:00
[2023-05-11T17:43:25.351+0000] {base.py:71} INFO - Using connection ID 'fs_default' for task execution.
[2023-05-11T17:43:25.352+0000] {filesystem.py:58} INFO - Poking for file /opt/***/dags/tmp/dejob
[2023-05-11T17:43:25.366+0000] {warnings.py:110} WARNING - /usr/local/lib/python3.7/site-packages/***/models/taskinstance.py:873: SAWarning: TypeDecorator ExecutorConfigType() will not produce a cache key because the ``cache_ok`` attribute is not set to True.  This can have significant performance implications including some performance degradations in comparison to prior SQLAlchemy versions.  Set this attribute to True if this type object's state is safe to use in a cache key, or False to disable this warning. (Background on this error at: https://sqlalche.me/e/14/cprf)
  ti = qry.one_or_none()

[2023-05-11T17:43:25.699+0000] {taskinstance.py:1815} INFO - Rescheduling task, marking task as UP_FOR_RESCHEDULE
[2023-05-11T17:43:25.744+0000] {local_task_job.py:164} INFO - Task exited with return code 0
[2023-05-11T17:43:25.895+0000] {local_task_job.py:273} INFO - 0 downstream tasks scheduled from follow-on schedule check
[2023-05-11T17:43:57.642+0000] {warnings.py:110} WARNING - /usr/local/lib/python3.7/site-packages/***/models/taskinstance.py:871: SAWarning: TypeDecorator ExecutorConfigType() will not produce a cache key because the ``cache_ok`` attribute is not set to True.  This can have significant performance implications including some performance degradations in comparison to prior SQLAlchemy versions.  Set this attribute to True if this type object's state is safe to use in a cache key, or False to disable this warning. (Background on this error at: https://sqlalche.me/e/14/cprf)
  ti: TaskInstance | None = qry.with_for_update().one_or_none()

[2023-05-11T17:43:57.706+0000] {taskinstance.py:1165} INFO - Dependencies all met for <TaskInstance: job_1_tranvietcuong.file_sensor scheduled__2023-05-11T17:35:00+00:00 [queued]>
[2023-05-11T17:43:57.738+0000] {taskinstance.py:1165} INFO - Dependencies all met for <TaskInstance: job_1_tranvietcuong.file_sensor scheduled__2023-05-11T17:35:00+00:00 [queued]>
[2023-05-11T17:43:57.738+0000] {taskinstance.py:1362} INFO - 
--------------------------------------------------------------------------------
[2023-05-11T17:43:57.738+0000] {taskinstance.py:1363} INFO - Starting attempt 1 of 1
[2023-05-11T17:43:57.739+0000] {taskinstance.py:1364} INFO - 
--------------------------------------------------------------------------------
[2023-05-11T17:43:57.794+0000] {taskinstance.py:1383} INFO - Executing <Task(FileSensor): file_sensor> on 2023-05-11 17:35:00+00:00
[2023-05-11T17:43:57.806+0000] {standard_task_runner.py:54} INFO - Started process 259 to run task
[2023-05-11T17:43:57.815+0000] {standard_task_runner.py:82} INFO - Running: ['***', 'tasks', 'run', 'job_1_tranvietcuong', 'file_sensor', 'scheduled__2023-05-11T17:35:00+00:00', '--job-id', '142', '--raw', '--subdir', 'DAGS_FOLDER/tranvietcuong.py', '--cfg-path', '/tmp/tmpnqcwm0lb']
[2023-05-11T17:43:57.817+0000] {standard_task_runner.py:83} INFO - Job 142: Subtask file_sensor
[2023-05-11T17:43:57.820+0000] {dagbag.py:525} INFO - Filling up the DagBag from /opt/***/dags/tranvietcuong.py
[2023-05-11T17:43:58.029+0000] {task_command.py:384} INFO - Running <TaskInstance: job_1_tranvietcuong.file_sensor scheduled__2023-05-11T17:35:00+00:00 [running]> on host 09877495cfa0
[2023-05-11T17:43:58.038+0000] {warnings.py:110} WARNING - /usr/local/lib/python3.7/site-packages/***/models/taskinstance.py:873: SAWarning: TypeDecorator ExecutorConfigType() will not produce a cache key because the ``cache_ok`` attribute is not set to True.  This can have significant performance implications including some performance degradations in comparison to prior SQLAlchemy versions.  Set this attribute to True if this type object's state is safe to use in a cache key, or False to disable this warning. (Background on this error at: https://sqlalche.me/e/14/cprf)
  ti = qry.one_or_none()

[2023-05-11T17:43:58.301+0000] {taskinstance.py:1592} INFO - Exporting the following env vars:
AIRFLOW_CTX_DAG_EMAIL=user@example.com
AIRFLOW_CTX_DAG_OWNER=***
AIRFLOW_CTX_DAG_ID=job_1_tranvietcuong
AIRFLOW_CTX_TASK_ID=file_sensor
AIRFLOW_CTX_EXECUTION_DATE=2023-05-11T17:35:00+00:00
AIRFLOW_CTX_TRY_NUMBER=1
AIRFLOW_CTX_DAG_RUN_ID=scheduled__2023-05-11T17:35:00+00:00
[2023-05-11T17:43:58.377+0000] {base.py:71} INFO - Using connection ID 'fs_default' for task execution.
[2023-05-11T17:43:58.379+0000] {filesystem.py:58} INFO - Poking for file /opt/***/dags/tmp/*dejob*
[2023-05-11T17:43:58.382+0000] {filesystem.py:63} INFO - Found File /opt/***/dags/tmp/dejob.txt last modified: 20230511174143
[2023-05-11T17:43:58.382+0000] {base.py:213} INFO - Success criteria met. Exiting.
[2023-05-11T17:43:58.400+0000] {warnings.py:110} WARNING - /usr/local/lib/python3.7/site-packages/***/models/taskinstance.py:871: SAWarning: TypeDecorator ExecutorConfigType() will not produce a cache key because the ``cache_ok`` attribute is not set to True.  This can have significant performance implications including some performance degradations in comparison to prior SQLAlchemy versions.  Set this attribute to True if this type object's state is safe to use in a cache key, or False to disable this warning. (Background on this error at: https://sqlalche.me/e/14/cprf)
  ti: TaskInstance | None = qry.with_for_update().one_or_none()

[2023-05-11T17:43:58.417+0000] {taskinstance.py:1406} INFO - Marking task as SUCCESS. dag_id=job_1_tranvietcuong, task_id=file_sensor, execution_date=20230511T173500, start_date=20230511T174357, end_date=20230511T174358
[2023-05-11T17:43:58.829+0000] {local_task_job.py:164} INFO - Task exited with return code 0
[2023-05-11T17:43:58.965+0000] {local_task_job.py:273} INFO - 1 downstream tasks scheduled from follow-on schedule check
