[2023-05-15T08:37:27.430+0000] {warnings.py:110} WARNING - /usr/local/lib/python3.7/site-packages/***/models/taskinstance.py:871: SAWarning: TypeDecorator ExecutorConfigType() will not produce a cache key because the ``cache_ok`` attribute is not set to True.  This can have significant performance implications including some performance degradations in comparison to prior SQLAlchemy versions.  Set this attribute to True if this type object's state is safe to use in a cache key, or False to disable this warning. (Background on this error at: https://sqlalche.me/e/14/cprf)
  ti: TaskInstance | None = qry.with_for_update().one_or_none()

[2023-05-15T08:37:27.494+0000] {taskinstance.py:1165} INFO - Dependencies all met for <TaskInstance: job_1_tranvietcuong.file_sensor scheduled__2023-05-12T21:15:00+00:00 [queued]>
[2023-05-15T08:37:27.546+0000] {taskinstance.py:1165} INFO - Dependencies all met for <TaskInstance: job_1_tranvietcuong.file_sensor scheduled__2023-05-12T21:15:00+00:00 [queued]>
[2023-05-15T08:37:27.547+0000] {taskinstance.py:1362} INFO - 
--------------------------------------------------------------------------------
[2023-05-15T08:37:27.548+0000] {taskinstance.py:1363} INFO - Starting attempt 1 of 1
[2023-05-15T08:37:27.549+0000] {taskinstance.py:1364} INFO - 
--------------------------------------------------------------------------------
[2023-05-15T08:37:27.624+0000] {taskinstance.py:1383} INFO - Executing <Task(FileSensor): file_sensor> on 2023-05-12 21:15:00+00:00
[2023-05-15T08:37:27.641+0000] {standard_task_runner.py:54} INFO - Started process 2084 to run task
[2023-05-15T08:37:27.654+0000] {standard_task_runner.py:82} INFO - Running: ['***', 'tasks', 'run', 'job_1_tranvietcuong', 'file_sensor', 'scheduled__2023-05-12T21:15:00+00:00', '--job-id', '1171', '--raw', '--subdir', 'DAGS_FOLDER/tranvietcuong.py', '--cfg-path', '/tmp/tmp7idpblb5']
[2023-05-15T08:37:27.656+0000] {standard_task_runner.py:83} INFO - Job 1171: Subtask file_sensor
[2023-05-15T08:37:27.660+0000] {dagbag.py:525} INFO - Filling up the DagBag from /opt/***/dags/tranvietcuong.py
[2023-05-15T08:37:28.000+0000] {task_command.py:384} INFO - Running <TaskInstance: job_1_tranvietcuong.file_sensor scheduled__2023-05-12T21:15:00+00:00 [running]> on host 1158220c4572
[2023-05-15T08:37:28.016+0000] {warnings.py:110} WARNING - /usr/local/lib/python3.7/site-packages/***/models/taskinstance.py:873: SAWarning: TypeDecorator ExecutorConfigType() will not produce a cache key because the ``cache_ok`` attribute is not set to True.  This can have significant performance implications including some performance degradations in comparison to prior SQLAlchemy versions.  Set this attribute to True if this type object's state is safe to use in a cache key, or False to disable this warning. (Background on this error at: https://sqlalche.me/e/14/cprf)
  ti = qry.one_or_none()

[2023-05-15T08:37:28.407+0000] {taskinstance.py:1592} INFO - Exporting the following env vars:
AIRFLOW_CTX_DAG_EMAIL=user@example.com
AIRFLOW_CTX_DAG_OWNER=***
AIRFLOW_CTX_DAG_ID=job_1_tranvietcuong
AIRFLOW_CTX_TASK_ID=file_sensor
AIRFLOW_CTX_EXECUTION_DATE=2023-05-12T21:15:00+00:00
AIRFLOW_CTX_TRY_NUMBER=1
AIRFLOW_CTX_DAG_RUN_ID=scheduled__2023-05-12T21:15:00+00:00
[2023-05-15T08:37:28.524+0000] {base.py:71} INFO - Using connection ID 'fs_default' for task execution.
[2023-05-15T08:37:28.526+0000] {filesystem.py:58} INFO - Poking for file /opt/***/dags/tmp/*dejob*
[2023-05-15T08:37:28.551+0000] {warnings.py:110} WARNING - /usr/local/lib/python3.7/site-packages/***/models/taskinstance.py:873: SAWarning: TypeDecorator ExecutorConfigType() will not produce a cache key because the ``cache_ok`` attribute is not set to True.  This can have significant performance implications including some performance degradations in comparison to prior SQLAlchemy versions.  Set this attribute to True if this type object's state is safe to use in a cache key, or False to disable this warning. (Background on this error at: https://sqlalche.me/e/14/cprf)
  ti = qry.one_or_none()

[2023-05-15T08:37:28.626+0000] {taskinstance.py:1815} INFO - Rescheduling task, marking task as UP_FOR_RESCHEDULE
[2023-05-15T08:37:28.677+0000] {local_task_job.py:164} INFO - Task exited with return code 0
[2023-05-15T08:37:29.222+0000] {local_task_job.py:273} INFO - 0 downstream tasks scheduled from follow-on schedule check
[2023-05-15T08:37:40.217+0000] {warnings.py:110} WARNING - /usr/local/lib/python3.7/site-packages/***/models/taskinstance.py:871: SAWarning: TypeDecorator ExecutorConfigType() will not produce a cache key because the ``cache_ok`` attribute is not set to True.  This can have significant performance implications including some performance degradations in comparison to prior SQLAlchemy versions.  Set this attribute to True if this type object's state is safe to use in a cache key, or False to disable this warning. (Background on this error at: https://sqlalche.me/e/14/cprf)
  ti: TaskInstance | None = qry.with_for_update().one_or_none()

[2023-05-15T08:37:40.268+0000] {taskinstance.py:1165} INFO - Dependencies all met for <TaskInstance: job_1_tranvietcuong.file_sensor scheduled__2023-05-12T21:15:00+00:00 [queued]>
[2023-05-15T08:37:40.318+0000] {taskinstance.py:1165} INFO - Dependencies all met for <TaskInstance: job_1_tranvietcuong.file_sensor scheduled__2023-05-12T21:15:00+00:00 [queued]>
[2023-05-15T08:37:40.319+0000] {taskinstance.py:1362} INFO - 
--------------------------------------------------------------------------------
[2023-05-15T08:37:40.320+0000] {taskinstance.py:1363} INFO - Starting attempt 1 of 1
[2023-05-15T08:37:40.320+0000] {taskinstance.py:1364} INFO - 
--------------------------------------------------------------------------------
[2023-05-15T08:37:40.377+0000] {taskinstance.py:1383} INFO - Executing <Task(FileSensor): file_sensor> on 2023-05-12 21:15:00+00:00
[2023-05-15T08:37:40.390+0000] {standard_task_runner.py:54} INFO - Started process 2111 to run task
[2023-05-15T08:37:40.403+0000] {standard_task_runner.py:82} INFO - Running: ['***', 'tasks', 'run', 'job_1_tranvietcuong', 'file_sensor', 'scheduled__2023-05-12T21:15:00+00:00', '--job-id', '1180', '--raw', '--subdir', 'DAGS_FOLDER/tranvietcuong.py', '--cfg-path', '/tmp/tmpb9nyjfxx']
[2023-05-15T08:37:40.405+0000] {standard_task_runner.py:83} INFO - Job 1180: Subtask file_sensor
[2023-05-15T08:37:40.407+0000] {dagbag.py:525} INFO - Filling up the DagBag from /opt/***/dags/tranvietcuong.py
[2023-05-15T08:37:40.677+0000] {task_command.py:384} INFO - Running <TaskInstance: job_1_tranvietcuong.file_sensor scheduled__2023-05-12T21:15:00+00:00 [running]> on host 1158220c4572
[2023-05-15T08:37:40.691+0000] {warnings.py:110} WARNING - /usr/local/lib/python3.7/site-packages/***/models/taskinstance.py:873: SAWarning: TypeDecorator ExecutorConfigType() will not produce a cache key because the ``cache_ok`` attribute is not set to True.  This can have significant performance implications including some performance degradations in comparison to prior SQLAlchemy versions.  Set this attribute to True if this type object's state is safe to use in a cache key, or False to disable this warning. (Background on this error at: https://sqlalche.me/e/14/cprf)
  ti = qry.one_or_none()

[2023-05-15T08:37:40.990+0000] {taskinstance.py:1592} INFO - Exporting the following env vars:
AIRFLOW_CTX_DAG_EMAIL=user@example.com
AIRFLOW_CTX_DAG_OWNER=***
AIRFLOW_CTX_DAG_ID=job_1_tranvietcuong
AIRFLOW_CTX_TASK_ID=file_sensor
AIRFLOW_CTX_EXECUTION_DATE=2023-05-12T21:15:00+00:00
AIRFLOW_CTX_TRY_NUMBER=1
AIRFLOW_CTX_DAG_RUN_ID=scheduled__2023-05-12T21:15:00+00:00
[2023-05-15T08:37:41.064+0000] {base.py:71} INFO - Using connection ID 'fs_default' for task execution.
[2023-05-15T08:37:41.066+0000] {filesystem.py:58} INFO - Poking for file /opt/***/dags/tmp/*dejob*
[2023-05-15T08:37:41.085+0000] {warnings.py:110} WARNING - /usr/local/lib/python3.7/site-packages/***/models/taskinstance.py:873: SAWarning: TypeDecorator ExecutorConfigType() will not produce a cache key because the ``cache_ok`` attribute is not set to True.  This can have significant performance implications including some performance degradations in comparison to prior SQLAlchemy versions.  Set this attribute to True if this type object's state is safe to use in a cache key, or False to disable this warning. (Background on this error at: https://sqlalche.me/e/14/cprf)
  ti = qry.one_or_none()

[2023-05-15T08:37:41.158+0000] {taskinstance.py:1815} INFO - Rescheduling task, marking task as UP_FOR_RESCHEDULE
[2023-05-15T08:37:41.215+0000] {local_task_job.py:164} INFO - Task exited with return code 0
[2023-05-15T08:37:41.376+0000] {local_task_job.py:273} INFO - 0 downstream tasks scheduled from follow-on schedule check
[2023-05-15T08:37:53.346+0000] {warnings.py:110} WARNING - /usr/local/lib/python3.7/site-packages/***/models/taskinstance.py:871: SAWarning: TypeDecorator ExecutorConfigType() will not produce a cache key because the ``cache_ok`` attribute is not set to True.  This can have significant performance implications including some performance degradations in comparison to prior SQLAlchemy versions.  Set this attribute to True if this type object's state is safe to use in a cache key, or False to disable this warning. (Background on this error at: https://sqlalche.me/e/14/cprf)
  ti: TaskInstance | None = qry.with_for_update().one_or_none()

[2023-05-15T08:37:53.407+0000] {taskinstance.py:1165} INFO - Dependencies all met for <TaskInstance: job_1_tranvietcuong.file_sensor scheduled__2023-05-12T21:15:00+00:00 [queued]>
[2023-05-15T08:37:53.464+0000] {taskinstance.py:1165} INFO - Dependencies all met for <TaskInstance: job_1_tranvietcuong.file_sensor scheduled__2023-05-12T21:15:00+00:00 [queued]>
[2023-05-15T08:37:53.465+0000] {taskinstance.py:1362} INFO - 
--------------------------------------------------------------------------------
[2023-05-15T08:37:53.466+0000] {taskinstance.py:1363} INFO - Starting attempt 1 of 1
[2023-05-15T08:37:53.466+0000] {taskinstance.py:1364} INFO - 
--------------------------------------------------------------------------------
[2023-05-15T08:37:53.534+0000] {taskinstance.py:1383} INFO - Executing <Task(FileSensor): file_sensor> on 2023-05-12 21:15:00+00:00
[2023-05-15T08:37:53.551+0000] {standard_task_runner.py:54} INFO - Started process 2143 to run task
[2023-05-15T08:37:53.565+0000] {standard_task_runner.py:82} INFO - Running: ['***', 'tasks', 'run', 'job_1_tranvietcuong', 'file_sensor', 'scheduled__2023-05-12T21:15:00+00:00', '--job-id', '1192', '--raw', '--subdir', 'DAGS_FOLDER/tranvietcuong.py', '--cfg-path', '/tmp/tmpw1s6vekk']
[2023-05-15T08:37:53.568+0000] {standard_task_runner.py:83} INFO - Job 1192: Subtask file_sensor
[2023-05-15T08:37:53.572+0000] {dagbag.py:525} INFO - Filling up the DagBag from /opt/***/dags/tranvietcuong.py
[2023-05-15T08:37:53.867+0000] {task_command.py:384} INFO - Running <TaskInstance: job_1_tranvietcuong.file_sensor scheduled__2023-05-12T21:15:00+00:00 [running]> on host 1158220c4572
[2023-05-15T08:37:53.880+0000] {warnings.py:110} WARNING - /usr/local/lib/python3.7/site-packages/***/models/taskinstance.py:873: SAWarning: TypeDecorator ExecutorConfigType() will not produce a cache key because the ``cache_ok`` attribute is not set to True.  This can have significant performance implications including some performance degradations in comparison to prior SQLAlchemy versions.  Set this attribute to True if this type object's state is safe to use in a cache key, or False to disable this warning. (Background on this error at: https://sqlalche.me/e/14/cprf)
  ti = qry.one_or_none()

[2023-05-15T08:37:54.186+0000] {taskinstance.py:1592} INFO - Exporting the following env vars:
AIRFLOW_CTX_DAG_EMAIL=user@example.com
AIRFLOW_CTX_DAG_OWNER=***
AIRFLOW_CTX_DAG_ID=job_1_tranvietcuong
AIRFLOW_CTX_TASK_ID=file_sensor
AIRFLOW_CTX_EXECUTION_DATE=2023-05-12T21:15:00+00:00
AIRFLOW_CTX_TRY_NUMBER=1
AIRFLOW_CTX_DAG_RUN_ID=scheduled__2023-05-12T21:15:00+00:00
[2023-05-15T08:37:54.271+0000] {base.py:71} INFO - Using connection ID 'fs_default' for task execution.
[2023-05-15T08:37:54.273+0000] {filesystem.py:58} INFO - Poking for file /opt/***/dags/tmp/*dejob*
[2023-05-15T08:37:54.275+0000] {taskinstance.py:1481} INFO - Snap. Time is OUT. DAG id: job_1_tranvietcuong
[2023-05-15T08:37:54.294+0000] {warnings.py:110} WARNING - /usr/local/lib/python3.7/site-packages/***/models/taskinstance.py:871: SAWarning: TypeDecorator ExecutorConfigType() will not produce a cache key because the ``cache_ok`` attribute is not set to True.  This can have significant performance implications including some performance degradations in comparison to prior SQLAlchemy versions.  Set this attribute to True if this type object's state is safe to use in a cache key, or False to disable this warning. (Background on this error at: https://sqlalche.me/e/14/cprf)
  ti: TaskInstance | None = qry.with_for_update().one_or_none()

[2023-05-15T08:37:54.317+0000] {taskinstance.py:1406} INFO - Marking task as SKIPPED. dag_id=job_1_tranvietcuong, task_id=file_sensor, execution_date=20230512T211500, start_date=20230515T083753, end_date=20230515T083754
[2023-05-15T08:37:54.416+0000] {local_task_job.py:164} INFO - Task exited with return code 0
[2023-05-15T08:37:54.555+0000] {local_task_job.py:273} INFO - 0 downstream tasks scheduled from follow-on schedule check
