[2023-05-11T08:25:42.694+0000] {warnings.py:110} WARNING - /usr/local/lib/python3.7/site-packages/***/models/taskinstance.py:871: SAWarning: TypeDecorator ExecutorConfigType() will not produce a cache key because the ``cache_ok`` attribute is not set to True.  This can have significant performance implications including some performance degradations in comparison to prior SQLAlchemy versions.  Set this attribute to True if this type object's state is safe to use in a cache key, or False to disable this warning. (Background on this error at: https://sqlalche.me/e/14/cprf)
  ti: TaskInstance | None = qry.with_for_update().one_or_none()

[2023-05-11T08:25:42.786+0000] {taskinstance.py:1165} INFO - Dependencies all met for <TaskInstance: spark_process_data_14.spark_job_clean_data_by_ssh manual__2023-05-11T08:24:35.702740+00:00 [queued]>
[2023-05-11T08:25:42.845+0000] {taskinstance.py:1165} INFO - Dependencies all met for <TaskInstance: spark_process_data_14.spark_job_clean_data_by_ssh manual__2023-05-11T08:24:35.702740+00:00 [queued]>
[2023-05-11T08:25:42.846+0000] {taskinstance.py:1362} INFO - 
--------------------------------------------------------------------------------
[2023-05-11T08:25:42.847+0000] {taskinstance.py:1363} INFO - Starting attempt 2 of 2
[2023-05-11T08:25:42.848+0000] {taskinstance.py:1364} INFO - 
--------------------------------------------------------------------------------
[2023-05-11T08:25:42.951+0000] {taskinstance.py:1383} INFO - Executing <Task(SSHOperator): spark_job_clean_data_by_ssh> on 2023-05-11 08:24:35.702740+00:00
[2023-05-11T08:25:42.968+0000] {standard_task_runner.py:54} INFO - Started process 3678 to run task
[2023-05-11T08:25:42.984+0000] {standard_task_runner.py:82} INFO - Running: ['***', 'tasks', 'run', 'spark_process_data_14', 'spark_job_clean_data_by_ssh', 'manual__2023-05-11T08:24:35.702740+00:00', '--job-id', '78', '--raw', '--subdir', 'DAGS_FOLDER/spark_process_scheduler.py', '--cfg-path', '/tmp/tmp4rs7r1k9']
[2023-05-11T08:25:42.986+0000] {standard_task_runner.py:83} INFO - Job 78: Subtask spark_job_clean_data_by_ssh
[2023-05-11T08:25:42.992+0000] {dagbag.py:525} INFO - Filling up the DagBag from /opt/***/dags/spark_process_scheduler.py
[2023-05-11T08:25:43.452+0000] {task_command.py:384} INFO - Running <TaskInstance: spark_process_data_14.spark_job_clean_data_by_ssh manual__2023-05-11T08:24:35.702740+00:00 [running]> on host 09877495cfa0
[2023-05-11T08:25:43.463+0000] {warnings.py:110} WARNING - /usr/local/lib/python3.7/site-packages/***/models/taskinstance.py:873: SAWarning: TypeDecorator ExecutorConfigType() will not produce a cache key because the ``cache_ok`` attribute is not set to True.  This can have significant performance implications including some performance degradations in comparison to prior SQLAlchemy versions.  Set this attribute to True if this type object's state is safe to use in a cache key, or False to disable this warning. (Background on this error at: https://sqlalche.me/e/14/cprf)
  ti = qry.one_or_none()

[2023-05-11T08:25:43.777+0000] {taskinstance.py:1592} INFO - Exporting the following env vars:
AIRFLOW_CTX_DAG_EMAIL=pioneer22022001@gmail.com
AIRFLOW_CTX_DAG_OWNER=***
AIRFLOW_CTX_DAG_ID=spark_process_data_14
AIRFLOW_CTX_TASK_ID=spark_job_clean_data_by_ssh
AIRFLOW_CTX_EXECUTION_DATE=2023-05-11T08:24:35.702740+00:00
AIRFLOW_CTX_TRY_NUMBER=2
AIRFLOW_CTX_DAG_RUN_ID=manual__2023-05-11T08:24:35.702740+00:00
[2023-05-11T08:25:43.779+0000] {ssh.py:135} INFO - Creating ssh_client
[2023-05-11T08:25:43.906+0000] {ssh.py:112} INFO - ssh_hook is not provided or invalid. Trying ssh_conn_id to create SSHHook.
[2023-05-11T08:25:43.954+0000] {base.py:71} INFO - Using connection ID 'ssh_connection_spark' for task execution.
[2023-05-11T08:25:43.956+0000] {ssh.py:299} WARNING - No Host Key Verification. This won't protect against Man-In-The-Middle attacks
[2023-05-11T08:25:43.981+0000] {transport.py:1873} INFO - Connected (version 2.0, client OpenSSH_7.9p1)
[2023-05-11T08:25:44.101+0000] {transport.py:1873} INFO - Authentication (password) successful!
[2023-05-11T08:25:44.103+0000] {ssh.py:476} INFO - Running command: /opt/spark/bin/spark-submit --master spark://spark-master:7077 --conf spark.master=spark://spark-master:7077 --name spark_clean_data --verbose /opt/spark/app/preprocess_data.py
[2023-05-11T08:25:44.210+0000] {ssh.py:527} WARNING - JAVA_HOME is not set
[2023-05-11T08:25:44.312+0000] {taskinstance.py:1851} ERROR - Task failed with exception
Traceback (most recent call last):
  File "/usr/local/lib/python3.7/site-packages/airflow/providers/ssh/operators/ssh.py", line 173, in execute
    result = self.run_ssh_client_command(ssh_client, self.command, context=context)
  File "/usr/local/lib/python3.7/site-packages/airflow/providers/ssh/operators/ssh.py", line 161, in run_ssh_client_command
    self.raise_for_status(exit_status, agg_stderr, context=context)
  File "/usr/local/lib/python3.7/site-packages/airflow/providers/ssh/operators/ssh.py", line 154, in raise_for_status
    raise AirflowException(f"SSH operator error: exit status = {exit_status}")
airflow.exceptions.AirflowException: SSH operator error: exit status = 1
[2023-05-11T08:25:44.336+0000] {taskinstance.py:1406} INFO - Marking task as FAILED. dag_id=spark_process_data_14, task_id=spark_job_clean_data_by_ssh, execution_date=20230511T082435, start_date=20230511T082542, end_date=20230511T082544
[2023-05-11T08:25:44.377+0000] {warnings.py:110} WARNING - /usr/local/lib/python3.7/site-packages/***/utils/email.py:120: RemovedInAirflow3Warning: Fetching SMTP credentials from configuration variables will be deprecated in a future release. Please set credentials using a connection instead.
  send_mime_email(e_from=mail_from, e_to=recipients, mime_msg=msg, conn_id=conn_id, dryrun=dryrun)

[2023-05-11T08:25:44.378+0000] {configuration.py:569} WARNING - section/key [smtp/smtp_user] not found in config
[2023-05-11T08:25:44.379+0000] {email.py:229} INFO - Email alerting: attempt 1
[2023-05-11T08:25:44.405+0000] {configuration.py:569} WARNING - section/key [smtp/smtp_user] not found in config
[2023-05-11T08:25:44.406+0000] {email.py:229} INFO - Email alerting: attempt 1
[2023-05-11T08:25:44.407+0000] {taskinstance.py:1914} ERROR - Failed to send email to: ['pioneer22022001@gmail.com']
Traceback (most recent call last):
  File "/usr/local/lib/python3.7/site-packages/airflow/models/taskinstance.py", line 1457, in _run_raw_task
    self._execute_task_with_callbacks(context, test_mode)
  File "/usr/local/lib/python3.7/site-packages/airflow/models/taskinstance.py", line 1603, in _execute_task_with_callbacks
    result = self._execute_task(context, task_orig)
  File "/usr/local/lib/python3.7/site-packages/airflow/models/taskinstance.py", line 1664, in _execute_task
    result = execute_callable(context=context)
  File "/usr/local/lib/python3.7/site-packages/airflow/providers/ssh/operators/ssh.py", line 173, in execute
    result = self.run_ssh_client_command(ssh_client, self.command, context=context)
  File "/usr/local/lib/python3.7/site-packages/airflow/providers/ssh/operators/ssh.py", line 161, in run_ssh_client_command
    self.raise_for_status(exit_status, agg_stderr, context=context)
  File "/usr/local/lib/python3.7/site-packages/airflow/providers/ssh/operators/ssh.py", line 154, in raise_for_status
    raise AirflowException(f"SSH operator error: exit status = {exit_status}")
airflow.exceptions.AirflowException: SSH operator error: exit status = 1

During handling of the above exception, another exception occurred:

Traceback (most recent call last):
  File "/usr/local/lib/python3.7/site-packages/airflow/models/taskinstance.py", line 2311, in email_alert
    send_email(task.email, subject, html_content)
  File "/usr/local/lib/python3.7/site-packages/airflow/utils/email.py", line 72, in send_email
    **kwargs,
  File "/usr/local/lib/python3.7/site-packages/airflow/utils/email.py", line 120, in send_email_smtp
    send_mime_email(e_from=mail_from, e_to=recipients, mime_msg=msg, conn_id=conn_id, dryrun=dryrun)
  File "/usr/local/lib/python3.7/site-packages/airflow/utils/email.py", line 231, in send_mime_email
    smtp_conn = _get_smtp_connection(smtp_host, smtp_port, smtp_timeout, smtp_ssl)
  File "/usr/local/lib/python3.7/site-packages/airflow/utils/email.py", line 265, in _get_smtp_connection
    else smtplib.SMTP(host=host, port=port, timeout=timeout)
  File "/usr/local/lib/python3.7/smtplib.py", line 251, in __init__
    (code, msg) = self.connect(host, port)
  File "/usr/local/lib/python3.7/smtplib.py", line 336, in connect
    self.sock = self._get_socket(host, port, self.timeout)
  File "/usr/local/lib/python3.7/smtplib.py", line 307, in _get_socket
    self.source_address)
  File "/usr/local/lib/python3.7/socket.py", line 728, in create_connection
    raise err
  File "/usr/local/lib/python3.7/socket.py", line 716, in create_connection
    sock.connect(sa)
OSError: [Errno 99] Cannot assign requested address

During handling of the above exception, another exception occurred:

Traceback (most recent call last):
  File "/usr/local/lib/python3.7/site-packages/airflow/models/taskinstance.py", line 1912, in handle_failure
    self.email_alert(error, task)
  File "/usr/local/lib/python3.7/site-packages/airflow/models/taskinstance.py", line 2313, in email_alert
    send_email(task.email, subject, html_content_err)
  File "/usr/local/lib/python3.7/site-packages/airflow/utils/email.py", line 72, in send_email
    **kwargs,
  File "/usr/local/lib/python3.7/site-packages/airflow/utils/email.py", line 120, in send_email_smtp
    send_mime_email(e_from=mail_from, e_to=recipients, mime_msg=msg, conn_id=conn_id, dryrun=dryrun)
  File "/usr/local/lib/python3.7/site-packages/airflow/utils/email.py", line 231, in send_mime_email
    smtp_conn = _get_smtp_connection(smtp_host, smtp_port, smtp_timeout, smtp_ssl)
  File "/usr/local/lib/python3.7/site-packages/airflow/utils/email.py", line 265, in _get_smtp_connection
    else smtplib.SMTP(host=host, port=port, timeout=timeout)
  File "/usr/local/lib/python3.7/smtplib.py", line 251, in __init__
    (code, msg) = self.connect(host, port)
  File "/usr/local/lib/python3.7/smtplib.py", line 336, in connect
    self.sock = self._get_socket(host, port, self.timeout)
  File "/usr/local/lib/python3.7/smtplib.py", line 307, in _get_socket
    self.source_address)
  File "/usr/local/lib/python3.7/socket.py", line 728, in create_connection
    raise err
  File "/usr/local/lib/python3.7/socket.py", line 716, in create_connection
    sock.connect(sa)
OSError: [Errno 99] Cannot assign requested address
[2023-05-11T08:25:44.461+0000] {standard_task_runner.py:107} ERROR - Failed to execute job 78 for task spark_job_clean_data_by_ssh (SSH operator error: exit status = 1; 3678)
[2023-05-11T08:25:44.492+0000] {local_task_job.py:164} INFO - Task exited with return code 1
[2023-05-11T08:25:44.656+0000] {local_task_job.py:273} INFO - 0 downstream tasks scheduled from follow-on schedule check
